ERROR - 2022-06-09 07:19:56 --> You have an error in your SQL syntax; check the manual that corresponds to your MySQL server version for the right syntax to use near 'FROM `pagos`' at line 2
CRITICAL - 2022-06-09 07:19:56 --> You have an error in your SQL syntax; check the manual that corresponds to your MySQL server version for the right syntax to use near 'FROM `pagos`' at line 2
#0 C:\wamp64\www\pos\system\Database\MySQLi\Connection.php(292): mysqli->query('SELECT `id_alum...', 0)
#1 C:\wamp64\www\pos\system\Database\BaseConnection.php(670): CodeIgniter\Database\MySQLi\Connection->execute('SELECT `id_alum...')
#2 C:\wamp64\www\pos\system\Database\BaseConnection.php(598): CodeIgniter\Database\BaseConnection->simpleQuery('SELECT `id_alum...')
#3 C:\wamp64\www\pos\system\Database\BaseBuilder.php(1455): CodeIgniter\Database\BaseConnection->query('SELECT `id_alum...', Array, false)
#4 C:\wamp64\www\pos\system\Model.php(183): CodeIgniter\Database\BaseBuilder->get()
#5 C:\wamp64\www\pos\system\BaseModel.php(584): CodeIgniter\Model->doFindAll(0, 0)
#6 C:\wamp64\www\pos\app\Models\PagosModel.php(55): CodeIgniter\BaseModel->findAll()
#7 C:\wamp64\www\pos\app\Controllers\Pagos.php(134): App\Models\PagosModel->obtenerTotalPagado(1)
#8 C:\wamp64\www\pos\system\CodeIgniter.php(832): App\Controllers\Pagos->resumen()
#9 C:\wamp64\www\pos\system\CodeIgniter.php(419): CodeIgniter\CodeIgniter->runController(Object(App\Controllers\Pagos))
#10 C:\wamp64\www\pos\system\CodeIgniter.php(326): CodeIgniter\CodeIgniter->handleRequest(NULL, Object(Config\Cache), false)
#11 C:\wamp64\www\pos\public\index.php(37): CodeIgniter\CodeIgniter->run()
#12 {main}
ERROR - 2022-06-09 07:22:18 --> You have an error in your SQL syntax; check the manual that corresponds to your MySQL server version for the right syntax to use near 'FROM `pagos`' at line 2
CRITICAL - 2022-06-09 07:22:18 --> You have an error in your SQL syntax; check the manual that corresponds to your MySQL server version for the right syntax to use near 'FROM `pagos`' at line 2
#0 C:\wamp64\www\pos\system\Database\MySQLi\Connection.php(292): mysqli->query('SELECT `id_alum...', 0)
#1 C:\wamp64\www\pos\system\Database\BaseConnection.php(670): CodeIgniter\Database\MySQLi\Connection->execute('SELECT `id_alum...')
#2 C:\wamp64\www\pos\system\Database\BaseConnection.php(598): CodeIgniter\Database\BaseConnection->simpleQuery('SELECT `id_alum...')
#3 C:\wamp64\www\pos\system\Database\BaseBuilder.php(1455): CodeIgniter\Database\BaseConnection->query('SELECT `id_alum...', Array, false)
#4 C:\wamp64\www\pos\system\Model.php(183): CodeIgniter\Database\BaseBuilder->get()
#5 C:\wamp64\www\pos\system\BaseModel.php(584): CodeIgniter\Model->doFindAll(0, 0)
#6 C:\wamp64\www\pos\app\Models\PagosModel.php(55): CodeIgniter\BaseModel->findAll()
#7 C:\wamp64\www\pos\app\Controllers\Pagos.php(134): App\Models\PagosModel->obtenerTotalPagado(1)
#8 C:\wamp64\www\pos\system\CodeIgniter.php(832): App\Controllers\Pagos->resumen()
#9 C:\wamp64\www\pos\system\CodeIgniter.php(419): CodeIgniter\CodeIgniter->runController(Object(App\Controllers\Pagos))
#10 C:\wamp64\www\pos\system\CodeIgniter.php(326): CodeIgniter\CodeIgniter->handleRequest(NULL, Object(Config\Cache), false)
#11 C:\wamp64\www\pos\public\index.php(37): CodeIgniter\CodeIgniter->run()
#12 {main}
CRITICAL - 2022-06-09 07:29:29 --> Trying to access array offset on value of type null
#0 C:\wamp64\www\pos\app\Controllers\Pagos.php(93): CodeIgniter\Debug\Exceptions->errorHandler(8, 'Trying to acces...', 'C:\\wamp64\\www\\p...', 93, Array)
#1 C:\wamp64\www\pos\system\CodeIgniter.php(832): App\Controllers\Pagos->nuevo('sweetAlert2', 'plugins', 'animate.css', 'animate.css')
#2 C:\wamp64\www\pos\system\CodeIgniter.php(419): CodeIgniter\CodeIgniter->runController(Object(App\Controllers\Pagos))
#3 C:\wamp64\www\pos\system\CodeIgniter.php(326): CodeIgniter\CodeIgniter->handleRequest(NULL, Object(Config\Cache), false)
#4 C:\wamp64\www\pos\public\index.php(37): CodeIgniter\CodeIgniter->run()
#5 {main}
CRITICAL - 2022-06-09 07:29:29 --> Trying to access array offset on value of type null
#0 C:\wamp64\www\pos\app\Controllers\Pagos.php(93): CodeIgniter\Debug\Exceptions->errorHandler(8, 'Trying to acces...', 'C:\\wamp64\\www\\p...', 93, Array)
#1 C:\wamp64\www\pos\system\CodeIgniter.php(832): App\Controllers\Pagos->nuevo('sweetAlert2', 'plugins', 'sweetAlert2', 'sweetalert2.min...')
#2 C:\wamp64\www\pos\system\CodeIgniter.php(419): CodeIgniter\CodeIgniter->runController(Object(App\Controllers\Pagos))
#3 C:\wamp64\www\pos\system\CodeIgniter.php(326): CodeIgniter\CodeIgniter->handleRequest(NULL, Object(Config\Cache), false)
#4 C:\wamp64\www\pos\public\index.php(37): CodeIgniter\CodeIgniter->run()
#5 {main}
CRITICAL - 2022-06-09 07:29:29 --> Trying to access array offset on value of type null
#0 C:\wamp64\www\pos\app\Controllers\Pagos.php(93): CodeIgniter\Debug\Exceptions->errorHandler(8, 'Trying to acces...', 'C:\\wamp64\\www\\p...', 93, Array)
#1 C:\wamp64\www\pos\system\CodeIgniter.php(832): App\Controllers\Pagos->nuevo('sweetAlert2', 'estilos.css')
#2 C:\wamp64\www\pos\system\CodeIgniter.php(419): CodeIgniter\CodeIgniter->runController(Object(App\Controllers\Pagos))
#3 C:\wamp64\www\pos\system\CodeIgniter.php(326): CodeIgniter\CodeIgniter->handleRequest(NULL, Object(Config\Cache), false)
#4 C:\wamp64\www\pos\public\index.php(37): CodeIgniter\CodeIgniter->run()
#5 {main}
CRITICAL - 2022-06-09 07:30:57 --> Trying to access array offset on value of type null
#0 C:\wamp64\www\pos\app\Controllers\Pagos.php(93): CodeIgniter\Debug\Exceptions->errorHandler(8, 'Trying to acces...', 'C:\\wamp64\\www\\p...', 93, Array)
#1 C:\wamp64\www\pos\system\CodeIgniter.php(832): App\Controllers\Pagos->nuevo('sweetAlert2', 'estilos.css')
#2 C:\wamp64\www\pos\system\CodeIgniter.php(419): CodeIgniter\CodeIgniter->runController(Object(App\Controllers\Pagos))
#3 C:\wamp64\www\pos\system\CodeIgniter.php(326): CodeIgniter\CodeIgniter->handleRequest(NULL, Object(Config\Cache), false)
#4 C:\wamp64\www\pos\public\index.php(37): CodeIgniter\CodeIgniter->run()
#5 {main}
CRITICAL - 2022-06-09 07:30:57 --> Trying to access array offset on value of type null
#0 C:\wamp64\www\pos\app\Controllers\Pagos.php(93): CodeIgniter\Debug\Exceptions->errorHandler(8, 'Trying to acces...', 'C:\\wamp64\\www\\p...', 93, Array)
#1 C:\wamp64\www\pos\system\CodeIgniter.php(832): App\Controllers\Pagos->nuevo('sweetAlert2', 'plugins', 'animate.css', 'animate.css')
#2 C:\wamp64\www\pos\system\CodeIgniter.php(419): CodeIgniter\CodeIgniter->runController(Object(App\Controllers\Pagos))
#3 C:\wamp64\www\pos\system\CodeIgniter.php(326): CodeIgniter\CodeIgniter->handleRequest(NULL, Object(Config\Cache), false)
#4 C:\wamp64\www\pos\public\index.php(37): CodeIgniter\CodeIgniter->run()
#5 {main}
CRITICAL - 2022-06-09 07:30:57 --> Trying to access array offset on value of type null
#0 C:\wamp64\www\pos\app\Controllers\Pagos.php(93): CodeIgniter\Debug\Exceptions->errorHandler(8, 'Trying to acces...', 'C:\\wamp64\\www\\p...', 93, Array)
#1 C:\wamp64\www\pos\system\CodeIgniter.php(832): App\Controllers\Pagos->nuevo('sweetAlert2', 'plugins', 'sweetAlert2', 'sweetalert2.min...')
#2 C:\wamp64\www\pos\system\CodeIgniter.php(419): CodeIgniter\CodeIgniter->runController(Object(App\Controllers\Pagos))
#3 C:\wamp64\www\pos\system\CodeIgniter.php(326): CodeIgniter\CodeIgniter->handleRequest(NULL, Object(Config\Cache), false)
#4 C:\wamp64\www\pos\public\index.php(37): CodeIgniter\CodeIgniter->run()
#5 {main}
CRITICAL - 2022-06-09 07:32:01 --> Trying to access array offset on value of type null
#0 C:\wamp64\www\pos\app\Controllers\Pagos.php(93): CodeIgniter\Debug\Exceptions->errorHandler(8, 'Trying to acces...', 'C:\\wamp64\\www\\p...', 93, Array)
#1 C:\wamp64\www\pos\system\CodeIgniter.php(832): App\Controllers\Pagos->nuevo('sweetAlert2', 'estilos.css')
#2 C:\wamp64\www\pos\system\CodeIgniter.php(419): CodeIgniter\CodeIgniter->runController(Object(App\Controllers\Pagos))
#3 C:\wamp64\www\pos\system\CodeIgniter.php(326): CodeIgniter\CodeIgniter->handleRequest(NULL, Object(Config\Cache), false)
#4 C:\wamp64\www\pos\public\index.php(37): CodeIgniter\CodeIgniter->run()
#5 {main}
CRITICAL - 2022-06-09 07:32:01 --> Trying to access array offset on value of type null
#0 C:\wamp64\www\pos\app\Controllers\Pagos.php(93): CodeIgniter\Debug\Exceptions->errorHandler(8, 'Trying to acces...', 'C:\\wamp64\\www\\p...', 93, Array)
#1 C:\wamp64\www\pos\system\CodeIgniter.php(832): App\Controllers\Pagos->nuevo('sweetAlert2', 'plugins', 'animate.css', 'animate.css')
#2 C:\wamp64\www\pos\system\CodeIgniter.php(419): CodeIgniter\CodeIgniter->runController(Object(App\Controllers\Pagos))
#3 C:\wamp64\www\pos\system\CodeIgniter.php(326): CodeIgniter\CodeIgniter->handleRequest(NULL, Object(Config\Cache), false)
#4 C:\wamp64\www\pos\public\index.php(37): CodeIgniter\CodeIgniter->run()
#5 {main}
CRITICAL - 2022-06-09 07:32:01 --> Trying to access array offset on value of type null
#0 C:\wamp64\www\pos\app\Controllers\Pagos.php(93): CodeIgniter\Debug\Exceptions->errorHandler(8, 'Trying to acces...', 'C:\\wamp64\\www\\p...', 93, Array)
#1 C:\wamp64\www\pos\system\CodeIgniter.php(832): App\Controllers\Pagos->nuevo('sweetAlert2', 'plugins', 'sweetAlert2', 'sweetalert2.min...')
#2 C:\wamp64\www\pos\system\CodeIgniter.php(419): CodeIgniter\CodeIgniter->runController(Object(App\Controllers\Pagos))
#3 C:\wamp64\www\pos\system\CodeIgniter.php(326): CodeIgniter\CodeIgniter->handleRequest(NULL, Object(Config\Cache), false)
#4 C:\wamp64\www\pos\public\index.php(37): CodeIgniter\CodeIgniter->run()
#5 {main}
CRITICAL - 2022-06-09 07:52:17 --> Trying to access array offset on value of type null
#0 C:\wamp64\www\pos\app\Views\alumnos\editar.php(16): CodeIgniter\Debug\Exceptions->errorHandler(8, 'Trying to acces...', 'C:\\wamp64\\www\\p...', 16, Array)
#1 C:\wamp64\www\pos\system\View\View.php(210): include('C:\\wamp64\\www\\p...')
#2 C:\wamp64\www\pos\system\View\View.php(213): CodeIgniter\View\View->CodeIgniter\View\{closure}()
#3 C:\wamp64\www\pos\system\Common.php(1089): CodeIgniter\View\View->render('alumnos/editar', Array, true)
#4 C:\wamp64\www\pos\app\Controllers\Alumnos.php(154): view('alumnos/editar', Array)
#5 C:\wamp64\www\pos\system\CodeIgniter.php(832): App\Controllers\Alumnos->editar('sweetAlert2', 'estilos.css')
#6 C:\wamp64\www\pos\system\CodeIgniter.php(419): CodeIgniter\CodeIgniter->runController(Object(App\Controllers\Alumnos))
#7 C:\wamp64\www\pos\system\CodeIgniter.php(326): CodeIgniter\CodeIgniter->handleRequest(NULL, Object(Config\Cache), false)
#8 C:\wamp64\www\pos\public\index.php(37): CodeIgniter\CodeIgniter->run()
#9 {main}
CRITICAL - 2022-06-09 07:52:17 --> Trying to access array offset on value of type null
#0 C:\wamp64\www\pos\app\Views\alumnos\editar.php(16): CodeIgniter\Debug\Exceptions->errorHandler(8, 'Trying to acces...', 'C:\\wamp64\\www\\p...', 16, Array)
#1 C:\wamp64\www\pos\system\View\View.php(210): include('C:\\wamp64\\www\\p...')
#2 C:\wamp64\www\pos\system\View\View.php(213): CodeIgniter\View\View->CodeIgniter\View\{closure}()
#3 C:\wamp64\www\pos\system\Common.php(1089): CodeIgniter\View\View->render('alumnos/editar', Array, true)
#4 C:\wamp64\www\pos\app\Controllers\Alumnos.php(154): view('alumnos/editar', Array)
#5 C:\wamp64\www\pos\system\CodeIgniter.php(832): App\Controllers\Alumnos->editar('sweetAlert2', 'plugins', 'sweetAlert2', 'sweetalert2.min...')
#6 C:\wamp64\www\pos\system\CodeIgniter.php(419): CodeIgniter\CodeIgniter->runController(Object(App\Controllers\Alumnos))
#7 C:\wamp64\www\pos\system\CodeIgniter.php(326): CodeIgniter\CodeIgniter->handleRequest(NULL, Object(Config\Cache), false)
#8 C:\wamp64\www\pos\public\index.php(37): CodeIgniter\CodeIgniter->run()
#9 {main}
CRITICAL - 2022-06-09 07:52:17 --> Trying to access array offset on value of type null
#0 C:\wamp64\www\pos\app\Views\alumnos\editar.php(16): CodeIgniter\Debug\Exceptions->errorHandler(8, 'Trying to acces...', 'C:\\wamp64\\www\\p...', 16, Array)
#1 C:\wamp64\www\pos\system\View\View.php(210): include('C:\\wamp64\\www\\p...')
#2 C:\wamp64\www\pos\system\View\View.php(213): CodeIgniter\View\View->CodeIgniter\View\{closure}()
#3 C:\wamp64\www\pos\system\Common.php(1089): CodeIgniter\View\View->render('alumnos/editar', Array, true)
#4 C:\wamp64\www\pos\app\Controllers\Alumnos.php(154): view('alumnos/editar', Array)
#5 C:\wamp64\www\pos\system\CodeIgniter.php(832): App\Controllers\Alumnos->editar('sweetAlert2', 'plugins', 'animate.css', 'animate.css')
#6 C:\wamp64\www\pos\system\CodeIgniter.php(419): CodeIgniter\CodeIgniter->runController(Object(App\Controllers\Alumnos))
#7 C:\wamp64\www\pos\system\CodeIgniter.php(326): CodeIgniter\CodeIgniter->handleRequest(NULL, Object(Config\Cache), false)
#8 C:\wamp64\www\pos\public\index.php(37): CodeIgniter\CodeIgniter->run()
#9 {main}
CRITICAL - 2022-06-09 10:01:13 --> Trying to access array offset on value of type null
#0 C:\wamp64\www\pos\app\Controllers\Pagos.php(93): CodeIgniter\Debug\Exceptions->errorHandler(8, 'Trying to acces...', 'C:\\wamp64\\www\\p...', 93, Array)
#1 C:\wamp64\www\pos\system\CodeIgniter.php(832): App\Controllers\Pagos->nuevo('sweetAlert2', 'estilos.css')
#2 C:\wamp64\www\pos\system\CodeIgniter.php(419): CodeIgniter\CodeIgniter->runController(Object(App\Controllers\Pagos))
#3 C:\wamp64\www\pos\system\CodeIgniter.php(326): CodeIgniter\CodeIgniter->handleRequest(NULL, Object(Config\Cache), false)
#4 C:\wamp64\www\pos\public\index.php(37): CodeIgniter\CodeIgniter->run()
#5 {main}
CRITICAL - 2022-06-09 10:01:13 --> Trying to access array offset on value of type null
#0 C:\wamp64\www\pos\app\Controllers\Pagos.php(93): CodeIgniter\Debug\Exceptions->errorHandler(8, 'Trying to acces...', 'C:\\wamp64\\www\\p...', 93, Array)
#1 C:\wamp64\www\pos\system\CodeIgniter.php(832): App\Controllers\Pagos->nuevo('sweetAlert2', 'plugins', 'animate.css', 'animate.css')
#2 C:\wamp64\www\pos\system\CodeIgniter.php(419): CodeIgniter\CodeIgniter->runController(Object(App\Controllers\Pagos))
#3 C:\wamp64\www\pos\system\CodeIgniter.php(326): CodeIgniter\CodeIgniter->handleRequest(NULL, Object(Config\Cache), false)
#4 C:\wamp64\www\pos\public\index.php(37): CodeIgniter\CodeIgniter->run()
#5 {main}
CRITICAL - 2022-06-09 10:01:13 --> Trying to access array offset on value of type null
#0 C:\wamp64\www\pos\app\Controllers\Pagos.php(93): CodeIgniter\Debug\Exceptions->errorHandler(8, 'Trying to acces...', 'C:\\wamp64\\www\\p...', 93, Array)
#1 C:\wamp64\www\pos\system\CodeIgniter.php(832): App\Controllers\Pagos->nuevo('sweetAlert2', 'plugins', 'sweetAlert2', 'sweetalert2.min...')
#2 C:\wamp64\www\pos\system\CodeIgniter.php(419): CodeIgniter\CodeIgniter->runController(Object(App\Controllers\Pagos))
#3 C:\wamp64\www\pos\system\CodeIgniter.php(326): CodeIgniter\CodeIgniter->handleRequest(NULL, Object(Config\Cache), false)
#4 C:\wamp64\www\pos\public\index.php(37): CodeIgniter\CodeIgniter->run()
#5 {main}
CRITICAL - 2022-06-09 10:02:46 --> Trying to access array offset on value of type null
#0 C:\wamp64\www\pos\app\Controllers\Pagos.php(93): CodeIgniter\Debug\Exceptions->errorHandler(8, 'Trying to acces...', 'C:\\wamp64\\www\\p...', 93, Array)
#1 C:\wamp64\www\pos\system\CodeIgniter.php(832): App\Controllers\Pagos->nuevo('sweetAlert2', 'estilos.css')
#2 C:\wamp64\www\pos\system\CodeIgniter.php(419): CodeIgniter\CodeIgniter->runController(Object(App\Controllers\Pagos))
#3 C:\wamp64\www\pos\system\CodeIgniter.php(326): CodeIgniter\CodeIgniter->handleRequest(NULL, Object(Config\Cache), false)
#4 C:\wamp64\www\pos\public\index.php(37): CodeIgniter\CodeIgniter->run()
#5 {main}
CRITICAL - 2022-06-09 10:02:46 --> Trying to access array offset on value of type null
#0 C:\wamp64\www\pos\app\Controllers\Pagos.php(93): CodeIgniter\Debug\Exceptions->errorHandler(8, 'Trying to acces...', 'C:\\wamp64\\www\\p...', 93, Array)
#1 C:\wamp64\www\pos\system\CodeIgniter.php(832): App\Controllers\Pagos->nuevo('sweetAlert2', 'plugins', 'animate.css', 'animate.css')
#2 C:\wamp64\www\pos\system\CodeIgniter.php(419): CodeIgniter\CodeIgniter->runController(Object(App\Controllers\Pagos))
#3 C:\wamp64\www\pos\system\CodeIgniter.php(326): CodeIgniter\CodeIgniter->handleRequest(NULL, Object(Config\Cache), false)
#4 C:\wamp64\www\pos\public\index.php(37): CodeIgniter\CodeIgniter->run()
#5 {main}
CRITICAL - 2022-06-09 10:02:46 --> Trying to access array offset on value of type null
#0 C:\wamp64\www\pos\app\Controllers\Pagos.php(93): CodeIgniter\Debug\Exceptions->errorHandler(8, 'Trying to acces...', 'C:\\wamp64\\www\\p...', 93, Array)
#1 C:\wamp64\www\pos\system\CodeIgniter.php(832): App\Controllers\Pagos->nuevo('sweetAlert2', 'plugins', 'sweetAlert2', 'sweetalert2.min...')
#2 C:\wamp64\www\pos\system\CodeIgniter.php(419): CodeIgniter\CodeIgniter->runController(Object(App\Controllers\Pagos))
#3 C:\wamp64\www\pos\system\CodeIgniter.php(326): CodeIgniter\CodeIgniter->handleRequest(NULL, Object(Config\Cache), false)
#4 C:\wamp64\www\pos\public\index.php(37): CodeIgniter\CodeIgniter->run()
#5 {main}
CRITICAL - 2022-06-09 10:10:04 --> Trying to access array offset on value of type null
#0 C:\wamp64\www\pos\app\Controllers\Pagos.php(93): CodeIgniter\Debug\Exceptions->errorHandler(8, 'Trying to acces...', 'C:\\wamp64\\www\\p...', 93, Array)
#1 C:\wamp64\www\pos\system\CodeIgniter.php(832): App\Controllers\Pagos->nuevo('224629651')
#2 C:\wamp64\www\pos\system\CodeIgniter.php(419): CodeIgniter\CodeIgniter->runController(Object(App\Controllers\Pagos))
#3 C:\wamp64\www\pos\system\CodeIgniter.php(326): CodeIgniter\CodeIgniter->handleRequest(NULL, Object(Config\Cache), false)
#4 C:\wamp64\www\pos\public\index.php(37): CodeIgniter\CodeIgniter->run()
#5 {main}
CRITICAL - 2022-06-09 10:11:48 --> Trying to access array offset on value of type null
#0 C:\wamp64\www\pos\app\Controllers\Pagos.php(93): CodeIgniter\Debug\Exceptions->errorHandler(8, 'Trying to acces...', 'C:\\wamp64\\www\\p...', 93, Array)
#1 C:\wamp64\www\pos\system\CodeIgniter.php(832): App\Controllers\Pagos->nuevo('22462965')
#2 C:\wamp64\www\pos\system\CodeIgniter.php(419): CodeIgniter\CodeIgniter->runController(Object(App\Controllers\Pagos))
#3 C:\wamp64\www\pos\system\CodeIgniter.php(326): CodeIgniter\CodeIgniter->handleRequest(NULL, Object(Config\Cache), false)
#4 C:\wamp64\www\pos\public\index.php(37): CodeIgniter\CodeIgniter->run()
#5 {main}
CRITICAL - 2022-06-09 10:13:30 --> Trying to access array offset on value of type null
#0 C:\wamp64\www\pos\app\Controllers\Pagos.php(93): CodeIgniter\Debug\Exceptions->errorHandler(8, 'Trying to acces...', 'C:\\wamp64\\www\\p...', 93, Array)
#1 C:\wamp64\www\pos\system\CodeIgniter.php(832): App\Controllers\Pagos->nuevo('sweetAlert2', 'plugins', 'animate.css', 'animate.css')
#2 C:\wamp64\www\pos\system\CodeIgniter.php(419): CodeIgniter\CodeIgniter->runController(Object(App\Controllers\Pagos))
#3 C:\wamp64\www\pos\system\CodeIgniter.php(326): CodeIgniter\CodeIgniter->handleRequest(NULL, Object(Config\Cache), false)
#4 C:\wamp64\www\pos\public\index.php(37): CodeIgniter\CodeIgniter->run()
#5 {main}
CRITICAL - 2022-06-09 10:13:30 --> Trying to access array offset on value of type null
#0 C:\wamp64\www\pos\app\Controllers\Pagos.php(93): CodeIgniter\Debug\Exceptions->errorHandler(8, 'Trying to acces...', 'C:\\wamp64\\www\\p...', 93, Array)
#1 C:\wamp64\www\pos\system\CodeIgniter.php(832): App\Controllers\Pagos->nuevo('sweetAlert2', 'plugins', 'sweetAlert2', 'sweetalert2.min...')
#2 C:\wamp64\www\pos\system\CodeIgniter.php(419): CodeIgniter\CodeIgniter->runController(Object(App\Controllers\Pagos))
#3 C:\wamp64\www\pos\system\CodeIgniter.php(326): CodeIgniter\CodeIgniter->handleRequest(NULL, Object(Config\Cache), false)
#4 C:\wamp64\www\pos\public\index.php(37): CodeIgniter\CodeIgniter->run()
#5 {main}
CRITICAL - 2022-06-09 10:13:31 --> Trying to access array offset on value of type null
#0 C:\wamp64\www\pos\app\Controllers\Pagos.php(93): CodeIgniter\Debug\Exceptions->errorHandler(8, 'Trying to acces...', 'C:\\wamp64\\www\\p...', 93, Array)
#1 C:\wamp64\www\pos\system\CodeIgniter.php(832): App\Controllers\Pagos->nuevo('sweetAlert2', 'estilos.css')
#2 C:\wamp64\www\pos\system\CodeIgniter.php(419): CodeIgniter\CodeIgniter->runController(Object(App\Controllers\Pagos))
#3 C:\wamp64\www\pos\system\CodeIgniter.php(326): CodeIgniter\CodeIgniter->handleRequest(NULL, Object(Config\Cache), false)
#4 C:\wamp64\www\pos\public\index.php(37): CodeIgniter\CodeIgniter->run()
#5 {main}
CRITICAL - 2022-06-09 10:17:26 --> Trying to access array offset on value of type null
#0 C:\wamp64\www\pos\app\Controllers\Pagos.php(93): CodeIgniter\Debug\Exceptions->errorHandler(8, 'Trying to acces...', 'C:\\wamp64\\www\\p...', 93, Array)
#1 C:\wamp64\www\pos\system\CodeIgniter.php(832): App\Controllers\Pagos->nuevo('sweetAlert2', 'estilos.css')
#2 C:\wamp64\www\pos\system\CodeIgniter.php(419): CodeIgniter\CodeIgniter->runController(Object(App\Controllers\Pagos))
#3 C:\wamp64\www\pos\system\CodeIgniter.php(326): CodeIgniter\CodeIgniter->handleRequest(NULL, Object(Config\Cache), false)
#4 C:\wamp64\www\pos\public\index.php(37): CodeIgniter\CodeIgniter->run()
#5 {main}
CRITICAL - 2022-06-09 10:17:26 --> Trying to access array offset on value of type null
#0 C:\wamp64\www\pos\app\Controllers\Pagos.php(93): CodeIgniter\Debug\Exceptions->errorHandler(8, 'Trying to acces...', 'C:\\wamp64\\www\\p...', 93, Array)
#1 C:\wamp64\www\pos\system\CodeIgniter.php(832): App\Controllers\Pagos->nuevo('sweetAlert2', 'plugins', 'animate.css', 'animate.css')
#2 C:\wamp64\www\pos\system\CodeIgniter.php(419): CodeIgniter\CodeIgniter->runController(Object(App\Controllers\Pagos))
#3 C:\wamp64\www\pos\system\CodeIgniter.php(326): CodeIgniter\CodeIgniter->handleRequest(NULL, Object(Config\Cache), false)
#4 C:\wamp64\www\pos\public\index.php(37): CodeIgniter\CodeIgniter->run()
#5 {main}
CRITICAL - 2022-06-09 10:17:26 --> Trying to access array offset on value of type null
#0 C:\wamp64\www\pos\app\Controllers\Pagos.php(93): CodeIgniter\Debug\Exceptions->errorHandler(8, 'Trying to acces...', 'C:\\wamp64\\www\\p...', 93, Array)
#1 C:\wamp64\www\pos\system\CodeIgniter.php(832): App\Controllers\Pagos->nuevo('sweetAlert2', 'plugins', 'sweetAlert2', 'sweetalert2.min...')
#2 C:\wamp64\www\pos\system\CodeIgniter.php(419): CodeIgniter\CodeIgniter->runController(Object(App\Controllers\Pagos))
#3 C:\wamp64\www\pos\system\CodeIgniter.php(326): CodeIgniter\CodeIgniter->handleRequest(NULL, Object(Config\Cache), false)
#4 C:\wamp64\www\pos\public\index.php(37): CodeIgniter\CodeIgniter->run()
#5 {main}
CRITICAL - 2022-06-09 10:23:18 --> Trying to access array offset on value of type null
#0 C:\wamp64\www\pos\app\Controllers\Pagos.php(93): CodeIgniter\Debug\Exceptions->errorHandler(8, 'Trying to acces...', 'C:\\wamp64\\www\\p...', 93, Array)
#1 C:\wamp64\www\pos\system\CodeIgniter.php(832): App\Controllers\Pagos->nuevo('sweetAlert2', 'plugins', 'animate.css', 'animate.css')
#2 C:\wamp64\www\pos\system\CodeIgniter.php(419): CodeIgniter\CodeIgniter->runController(Object(App\Controllers\Pagos))
#3 C:\wamp64\www\pos\system\CodeIgniter.php(326): CodeIgniter\CodeIgniter->handleRequest(NULL, Object(Config\Cache), false)
#4 C:\wamp64\www\pos\public\index.php(37): CodeIgniter\CodeIgniter->run()
#5 {main}
CRITICAL - 2022-06-09 10:23:18 --> Trying to access array offset on value of type null
#0 C:\wamp64\www\pos\app\Controllers\Pagos.php(93): CodeIgniter\Debug\Exceptions->errorHandler(8, 'Trying to acces...', 'C:\\wamp64\\www\\p...', 93, Array)
#1 C:\wamp64\www\pos\system\CodeIgniter.php(832): App\Controllers\Pagos->nuevo('sweetAlert2', 'estilos.css')
#2 C:\wamp64\www\pos\system\CodeIgniter.php(419): CodeIgniter\CodeIgniter->runController(Object(App\Controllers\Pagos))
#3 C:\wamp64\www\pos\system\CodeIgniter.php(326): CodeIgniter\CodeIgniter->handleRequest(NULL, Object(Config\Cache), false)
#4 C:\wamp64\www\pos\public\index.php(37): CodeIgniter\CodeIgniter->run()
#5 {main}
CRITICAL - 2022-06-09 10:23:18 --> Trying to access array offset on value of type null
#0 C:\wamp64\www\pos\app\Controllers\Pagos.php(93): CodeIgniter\Debug\Exceptions->errorHandler(8, 'Trying to acces...', 'C:\\wamp64\\www\\p...', 93, Array)
#1 C:\wamp64\www\pos\system\CodeIgniter.php(832): App\Controllers\Pagos->nuevo('sweetAlert2', 'plugins', 'sweetAlert2', 'sweetalert2.min...')
#2 C:\wamp64\www\pos\system\CodeIgniter.php(419): CodeIgniter\CodeIgniter->runController(Object(App\Controllers\Pagos))
#3 C:\wamp64\www\pos\system\CodeIgniter.php(326): CodeIgniter\CodeIgniter->handleRequest(NULL, Object(Config\Cache), false)
#4 C:\wamp64\www\pos\public\index.php(37): CodeIgniter\CodeIgniter->run()
#5 {main}
CRITICAL - 2022-06-09 10:23:44 --> Trying to access array offset on value of type null
#0 C:\wamp64\www\pos\app\Controllers\Pagos.php(93): CodeIgniter\Debug\Exceptions->errorHandler(8, 'Trying to acces...', 'C:\\wamp64\\www\\p...', 93, Array)
#1 C:\wamp64\www\pos\system\CodeIgniter.php(832): App\Controllers\Pagos->nuevo('sweetAlert2', 'plugins', 'sweetAlert2', 'sweetalert2.min...')
#2 C:\wamp64\www\pos\system\CodeIgniter.php(419): CodeIgniter\CodeIgniter->runController(Object(App\Controllers\Pagos))
#3 C:\wamp64\www\pos\system\CodeIgniter.php(326): CodeIgniter\CodeIgniter->handleRequest(NULL, Object(Config\Cache), false)
#4 C:\wamp64\www\pos\public\index.php(37): CodeIgniter\CodeIgniter->run()
#5 {main}
CRITICAL - 2022-06-09 10:23:44 --> Trying to access array offset on value of type null
#0 C:\wamp64\www\pos\app\Controllers\Pagos.php(93): CodeIgniter\Debug\Exceptions->errorHandler(8, 'Trying to acces...', 'C:\\wamp64\\www\\p...', 93, Array)
#1 C:\wamp64\www\pos\system\CodeIgniter.php(832): App\Controllers\Pagos->nuevo('sweetAlert2', 'plugins', 'animate.css', 'animate.css')
#2 C:\wamp64\www\pos\system\CodeIgniter.php(419): CodeIgniter\CodeIgniter->runController(Object(App\Controllers\Pagos))
#3 C:\wamp64\www\pos\system\CodeIgniter.php(326): CodeIgniter\CodeIgniter->handleRequest(NULL, Object(Config\Cache), false)
#4 C:\wamp64\www\pos\public\index.php(37): CodeIgniter\CodeIgniter->run()
#5 {main}
CRITICAL - 2022-06-09 10:23:44 --> Trying to access array offset on value of type null
#0 C:\wamp64\www\pos\app\Controllers\Pagos.php(93): CodeIgniter\Debug\Exceptions->errorHandler(8, 'Trying to acces...', 'C:\\wamp64\\www\\p...', 93, Array)
#1 C:\wamp64\www\pos\system\CodeIgniter.php(832): App\Controllers\Pagos->nuevo('sweetAlert2', 'estilos.css')
#2 C:\wamp64\www\pos\system\CodeIgniter.php(419): CodeIgniter\CodeIgniter->runController(Object(App\Controllers\Pagos))
#3 C:\wamp64\www\pos\system\CodeIgniter.php(326): CodeIgniter\CodeIgniter->handleRequest(NULL, Object(Config\Cache), false)
#4 C:\wamp64\www\pos\public\index.php(37): CodeIgniter\CodeIgniter->run()
#5 {main}
ERROR - 2022-06-09 10:24:59 --> Column 'id_alumno' cannot be null
CRITICAL - 2022-06-09 10:24:59 --> Column 'id_alumno' cannot be null
#0 C:\wamp64\www\pos\system\Database\MySQLi\Connection.php(292): mysqli->query('INSERT INTO `pa...', 0)
#1 C:\wamp64\www\pos\system\Database\BaseConnection.php(670): CodeIgniter\Database\MySQLi\Connection->execute('INSERT INTO `pa...')
#2 C:\wamp64\www\pos\system\Database\BaseConnection.php(598): CodeIgniter\Database\BaseConnection->simpleQuery('INSERT INTO `pa...')
#3 C:\wamp64\www\pos\system\Database\BaseBuilder.php(1771): CodeIgniter\Database\BaseConnection->query('INSERT INTO `pa...', Array, false)
#4 C:\wamp64\www\pos\system\Model.php(239): CodeIgniter\Database\BaseBuilder->insert()
#5 C:\wamp64\www\pos\system\BaseModel.php(738): CodeIgniter\Model->doInsert(Array)
#6 C:\wamp64\www\pos\system\Model.php(625): CodeIgniter\BaseModel->insert(Array, false)
#7 C:\wamp64\www\pos\system\BaseModel.php(658): CodeIgniter\Model->insert(Array, false)
#8 C:\wamp64\www\pos\app\Controllers\Pagos.php(160): CodeIgniter\BaseModel->save(Array)
#9 C:\wamp64\www\pos\system\CodeIgniter.php(832): App\Controllers\Pagos->insertar()
#10 C:\wamp64\www\pos\system\CodeIgniter.php(419): CodeIgniter\CodeIgniter->runController(Object(App\Controllers\Pagos))
#11 C:\wamp64\www\pos\system\CodeIgniter.php(326): CodeIgniter\CodeIgniter->handleRequest(NULL, Object(Config\Cache), false)
#12 C:\wamp64\www\pos\public\index.php(37): CodeIgniter\CodeIgniter->run()
#13 {main}
ERROR - 2022-06-09 10:26:03 --> Column 'id_alumno' cannot be null
CRITICAL - 2022-06-09 10:26:03 --> Column 'id_alumno' cannot be null
#0 C:\wamp64\www\pos\system\Database\MySQLi\Connection.php(292): mysqli->query('INSERT INTO `pa...', 0)
#1 C:\wamp64\www\pos\system\Database\BaseConnection.php(670): CodeIgniter\Database\MySQLi\Connection->execute('INSERT INTO `pa...')
#2 C:\wamp64\www\pos\system\Database\BaseConnection.php(598): CodeIgniter\Database\BaseConnection->simpleQuery('INSERT INTO `pa...')
#3 C:\wamp64\www\pos\system\Database\BaseBuilder.php(1771): CodeIgniter\Database\BaseConnection->query('INSERT INTO `pa...', Array, false)
#4 C:\wamp64\www\pos\system\Model.php(239): CodeIgniter\Database\BaseBuilder->insert()
#5 C:\wamp64\www\pos\system\BaseModel.php(738): CodeIgniter\Model->doInsert(Array)
#6 C:\wamp64\www\pos\system\Model.php(625): CodeIgniter\BaseModel->insert(Array, false)
#7 C:\wamp64\www\pos\system\BaseModel.php(658): CodeIgniter\Model->insert(Array, false)
#8 C:\wamp64\www\pos\app\Controllers\Pagos.php(160): CodeIgniter\BaseModel->save(Array)
#9 C:\wamp64\www\pos\system\CodeIgniter.php(832): App\Controllers\Pagos->insertar()
#10 C:\wamp64\www\pos\system\CodeIgniter.php(419): CodeIgniter\CodeIgniter->runController(Object(App\Controllers\Pagos))
#11 C:\wamp64\www\pos\system\CodeIgniter.php(326): CodeIgniter\CodeIgniter->handleRequest(NULL, Object(Config\Cache), false)
#12 C:\wamp64\www\pos\public\index.php(37): CodeIgniter\CodeIgniter->run()
#13 {main}
ERROR - 2022-06-09 10:26:33 --> Column 'id_alumno' cannot be null
CRITICAL - 2022-06-09 10:26:33 --> Column 'id_alumno' cannot be null
#0 C:\wamp64\www\pos\system\Database\MySQLi\Connection.php(292): mysqli->query('INSERT INTO `pa...', 0)
#1 C:\wamp64\www\pos\system\Database\BaseConnection.php(670): CodeIgniter\Database\MySQLi\Connection->execute('INSERT INTO `pa...')
#2 C:\wamp64\www\pos\system\Database\BaseConnection.php(598): CodeIgniter\Database\BaseConnection->simpleQuery('INSERT INTO `pa...')
#3 C:\wamp64\www\pos\system\Database\BaseBuilder.php(1771): CodeIgniter\Database\BaseConnection->query('INSERT INTO `pa...', Array, false)
#4 C:\wamp64\www\pos\system\Model.php(239): CodeIgniter\Database\BaseBuilder->insert()
#5 C:\wamp64\www\pos\system\BaseModel.php(738): CodeIgniter\Model->doInsert(Array)
#6 C:\wamp64\www\pos\system\Model.php(625): CodeIgniter\BaseModel->insert(Array, false)
#7 C:\wamp64\www\pos\system\BaseModel.php(658): CodeIgniter\Model->insert(Array, false)
#8 C:\wamp64\www\pos\app\Controllers\Pagos.php(160): CodeIgniter\BaseModel->save(Array)
#9 C:\wamp64\www\pos\system\CodeIgniter.php(832): App\Controllers\Pagos->insertar()
#10 C:\wamp64\www\pos\system\CodeIgniter.php(419): CodeIgniter\CodeIgniter->runController(Object(App\Controllers\Pagos))
#11 C:\wamp64\www\pos\system\CodeIgniter.php(326): CodeIgniter\CodeIgniter->handleRequest(NULL, Object(Config\Cache), false)
#12 C:\wamp64\www\pos\public\index.php(37): CodeIgniter\CodeIgniter->run()
#13 {main}
CRITICAL - 2022-06-09 10:26:48 --> Trying to access array offset on value of type null
#0 C:\wamp64\www\pos\app\Controllers\Pagos.php(93): CodeIgniter\Debug\Exceptions->errorHandler(8, 'Trying to acces...', 'C:\\wamp64\\www\\p...', 93, Array)
#1 C:\wamp64\www\pos\system\CodeIgniter.php(832): App\Controllers\Pagos->nuevo('sweetAlert2', 'plugins', 'sweetAlert2', 'sweetalert2.min...')
#2 C:\wamp64\www\pos\system\CodeIgniter.php(419): CodeIgniter\CodeIgniter->runController(Object(App\Controllers\Pagos))
#3 C:\wamp64\www\pos\system\CodeIgniter.php(326): CodeIgniter\CodeIgniter->handleRequest(NULL, Object(Config\Cache), false)
#4 C:\wamp64\www\pos\public\index.php(37): CodeIgniter\CodeIgniter->run()
#5 {main}
CRITICAL - 2022-06-09 10:26:48 --> Trying to access array offset on value of type null
#0 C:\wamp64\www\pos\app\Controllers\Pagos.php(93): CodeIgniter\Debug\Exceptions->errorHandler(8, 'Trying to acces...', 'C:\\wamp64\\www\\p...', 93, Array)
#1 C:\wamp64\www\pos\system\CodeIgniter.php(832): App\Controllers\Pagos->nuevo('sweetAlert2', 'plugins', 'animate.css', 'animate.css')
#2 C:\wamp64\www\pos\system\CodeIgniter.php(419): CodeIgniter\CodeIgniter->runController(Object(App\Controllers\Pagos))
#3 C:\wamp64\www\pos\system\CodeIgniter.php(326): CodeIgniter\CodeIgniter->handleRequest(NULL, Object(Config\Cache), false)
#4 C:\wamp64\www\pos\public\index.php(37): CodeIgniter\CodeIgniter->run()
#5 {main}
CRITICAL - 2022-06-09 10:26:48 --> Trying to access array offset on value of type null
#0 C:\wamp64\www\pos\app\Controllers\Pagos.php(93): CodeIgniter\Debug\Exceptions->errorHandler(8, 'Trying to acces...', 'C:\\wamp64\\www\\p...', 93, Array)
#1 C:\wamp64\www\pos\system\CodeIgniter.php(832): App\Controllers\Pagos->nuevo('sweetAlert2', 'estilos.css')
#2 C:\wamp64\www\pos\system\CodeIgniter.php(419): CodeIgniter\CodeIgniter->runController(Object(App\Controllers\Pagos))
#3 C:\wamp64\www\pos\system\CodeIgniter.php(326): CodeIgniter\CodeIgniter->handleRequest(NULL, Object(Config\Cache), false)
#4 C:\wamp64\www\pos\public\index.php(37): CodeIgniter\CodeIgniter->run()
#5 {main}
CRITICAL - 2022-06-09 10:27:04 --> Trying to access array offset on value of type null
#0 C:\wamp64\www\pos\app\Controllers\Pagos.php(93): CodeIgniter\Debug\Exceptions->errorHandler(8, 'Trying to acces...', 'C:\\wamp64\\www\\p...', 93, Array)
#1 C:\wamp64\www\pos\system\CodeIgniter.php(832): App\Controllers\Pagos->nuevo('sweetAlert2', 'plugins', 'sweetAlert2', 'sweetalert2.min...')
#2 C:\wamp64\www\pos\system\CodeIgniter.php(419): CodeIgniter\CodeIgniter->runController(Object(App\Controllers\Pagos))
#3 C:\wamp64\www\pos\system\CodeIgniter.php(326): CodeIgniter\CodeIgniter->handleRequest(NULL, Object(Config\Cache), false)
#4 C:\wamp64\www\pos\public\index.php(37): CodeIgniter\CodeIgniter->run()
#5 {main}
CRITICAL - 2022-06-09 10:27:04 --> Trying to access array offset on value of type null
#0 C:\wamp64\www\pos\app\Controllers\Pagos.php(93): CodeIgniter\Debug\Exceptions->errorHandler(8, 'Trying to acces...', 'C:\\wamp64\\www\\p...', 93, Array)
#1 C:\wamp64\www\pos\system\CodeIgniter.php(832): App\Controllers\Pagos->nuevo('sweetAlert2', 'plugins', 'animate.css', 'animate.css')
#2 C:\wamp64\www\pos\system\CodeIgniter.php(419): CodeIgniter\CodeIgniter->runController(Object(App\Controllers\Pagos))
#3 C:\wamp64\www\pos\system\CodeIgniter.php(326): CodeIgniter\CodeIgniter->handleRequest(NULL, Object(Config\Cache), false)
#4 C:\wamp64\www\pos\public\index.php(37): CodeIgniter\CodeIgniter->run()
#5 {main}
CRITICAL - 2022-06-09 10:27:04 --> Trying to access array offset on value of type null
#0 C:\wamp64\www\pos\app\Controllers\Pagos.php(93): CodeIgniter\Debug\Exceptions->errorHandler(8, 'Trying to acces...', 'C:\\wamp64\\www\\p...', 93, Array)
#1 C:\wamp64\www\pos\system\CodeIgniter.php(832): App\Controllers\Pagos->nuevo('sweetAlert2', 'estilos.css')
#2 C:\wamp64\www\pos\system\CodeIgniter.php(419): CodeIgniter\CodeIgniter->runController(Object(App\Controllers\Pagos))
#3 C:\wamp64\www\pos\system\CodeIgniter.php(326): CodeIgniter\CodeIgniter->handleRequest(NULL, Object(Config\Cache), false)
#4 C:\wamp64\www\pos\public\index.php(37): CodeIgniter\CodeIgniter->run()
#5 {main}
ERROR - 2022-06-09 10:27:40 --> Column 'id_alumno' cannot be null
CRITICAL - 2022-06-09 10:27:40 --> Column 'id_alumno' cannot be null
#0 C:\wamp64\www\pos\system\Database\MySQLi\Connection.php(292): mysqli->query('INSERT INTO `pa...', 0)
#1 C:\wamp64\www\pos\system\Database\BaseConnection.php(670): CodeIgniter\Database\MySQLi\Connection->execute('INSERT INTO `pa...')
#2 C:\wamp64\www\pos\system\Database\BaseConnection.php(598): CodeIgniter\Database\BaseConnection->simpleQuery('INSERT INTO `pa...')
#3 C:\wamp64\www\pos\system\Database\BaseBuilder.php(1771): CodeIgniter\Database\BaseConnection->query('INSERT INTO `pa...', Array, false)
#4 C:\wamp64\www\pos\system\Model.php(239): CodeIgniter\Database\BaseBuilder->insert()
#5 C:\wamp64\www\pos\system\BaseModel.php(738): CodeIgniter\Model->doInsert(Array)
#6 C:\wamp64\www\pos\system\Model.php(625): CodeIgniter\BaseModel->insert(Array, false)
#7 C:\wamp64\www\pos\system\BaseModel.php(658): CodeIgniter\Model->insert(Array, false)
#8 C:\wamp64\www\pos\app\Controllers\Pagos.php(160): CodeIgniter\BaseModel->save(Array)
#9 C:\wamp64\www\pos\system\CodeIgniter.php(832): App\Controllers\Pagos->insertar()
#10 C:\wamp64\www\pos\system\CodeIgniter.php(419): CodeIgniter\CodeIgniter->runController(Object(App\Controllers\Pagos))
#11 C:\wamp64\www\pos\system\CodeIgniter.php(326): CodeIgniter\CodeIgniter->handleRequest(NULL, Object(Config\Cache), false)
#12 C:\wamp64\www\pos\public\index.php(37): CodeIgniter\CodeIgniter->run()
#13 {main}
CRITICAL - 2022-06-09 10:28:55 --> Trying to access array offset on value of type null
#0 C:\wamp64\www\pos\app\Controllers\Pagos.php(93): CodeIgniter\Debug\Exceptions->errorHandler(8, 'Trying to acces...', 'C:\\wamp64\\www\\p...', 93, Array)
#1 C:\wamp64\www\pos\system\CodeIgniter.php(832): App\Controllers\Pagos->nuevo('sweetAlert2', 'plugins', 'sweetAlert2', 'sweetalert2.min...')
#2 C:\wamp64\www\pos\system\CodeIgniter.php(419): CodeIgniter\CodeIgniter->runController(Object(App\Controllers\Pagos))
#3 C:\wamp64\www\pos\system\CodeIgniter.php(326): CodeIgniter\CodeIgniter->handleRequest(NULL, Object(Config\Cache), false)
#4 C:\wamp64\www\pos\public\index.php(37): CodeIgniter\CodeIgniter->run()
#5 {main}
CRITICAL - 2022-06-09 10:28:55 --> Trying to access array offset on value of type null
#0 C:\wamp64\www\pos\app\Controllers\Pagos.php(93): CodeIgniter\Debug\Exceptions->errorHandler(8, 'Trying to acces...', 'C:\\wamp64\\www\\p...', 93, Array)
#1 C:\wamp64\www\pos\system\CodeIgniter.php(832): App\Controllers\Pagos->nuevo('sweetAlert2', 'plugins', 'animate.css', 'animate.css')
#2 C:\wamp64\www\pos\system\CodeIgniter.php(419): CodeIgniter\CodeIgniter->runController(Object(App\Controllers\Pagos))
#3 C:\wamp64\www\pos\system\CodeIgniter.php(326): CodeIgniter\CodeIgniter->handleRequest(NULL, Object(Config\Cache), false)
#4 C:\wamp64\www\pos\public\index.php(37): CodeIgniter\CodeIgniter->run()
#5 {main}
CRITICAL - 2022-06-09 10:28:55 --> Trying to access array offset on value of type null
#0 C:\wamp64\www\pos\app\Controllers\Pagos.php(93): CodeIgniter\Debug\Exceptions->errorHandler(8, 'Trying to acces...', 'C:\\wamp64\\www\\p...', 93, Array)
#1 C:\wamp64\www\pos\system\CodeIgniter.php(832): App\Controllers\Pagos->nuevo('sweetAlert2', 'estilos.css')
#2 C:\wamp64\www\pos\system\CodeIgniter.php(419): CodeIgniter\CodeIgniter->runController(Object(App\Controllers\Pagos))
#3 C:\wamp64\www\pos\system\CodeIgniter.php(326): CodeIgniter\CodeIgniter->handleRequest(NULL, Object(Config\Cache), false)
#4 C:\wamp64\www\pos\public\index.php(37): CodeIgniter\CodeIgniter->run()
#5 {main}
CRITICAL - 2022-06-09 10:30:51 --> Trying to access array offset on value of type null
#0 C:\wamp64\www\pos\app\Controllers\Pagos.php(93): CodeIgniter\Debug\Exceptions->errorHandler(8, 'Trying to acces...', 'C:\\wamp64\\www\\p...', 93, Array)
#1 C:\wamp64\www\pos\system\CodeIgniter.php(832): App\Controllers\Pagos->nuevo('sweetAlert2', 'estilos.css')
#2 C:\wamp64\www\pos\system\CodeIgniter.php(419): CodeIgniter\CodeIgniter->runController(Object(App\Controllers\Pagos))
#3 C:\wamp64\www\pos\system\CodeIgniter.php(326): CodeIgniter\CodeIgniter->handleRequest(NULL, Object(Config\Cache), false)
#4 C:\wamp64\www\pos\public\index.php(37): CodeIgniter\CodeIgniter->run()
#5 {main}
CRITICAL - 2022-06-09 10:30:51 --> Trying to access array offset on value of type null
#0 C:\wamp64\www\pos\app\Controllers\Pagos.php(93): CodeIgniter\Debug\Exceptions->errorHandler(8, 'Trying to acces...', 'C:\\wamp64\\www\\p...', 93, Array)
#1 C:\wamp64\www\pos\system\CodeIgniter.php(832): App\Controllers\Pagos->nuevo('sweetAlert2', 'plugins', 'sweetAlert2', 'sweetalert2.min...')
#2 C:\wamp64\www\pos\system\CodeIgniter.php(419): CodeIgniter\CodeIgniter->runController(Object(App\Controllers\Pagos))
#3 C:\wamp64\www\pos\system\CodeIgniter.php(326): CodeIgniter\CodeIgniter->handleRequest(NULL, Object(Config\Cache), false)
#4 C:\wamp64\www\pos\public\index.php(37): CodeIgniter\CodeIgniter->run()
#5 {main}
CRITICAL - 2022-06-09 10:30:51 --> Trying to access array offset on value of type null
#0 C:\wamp64\www\pos\app\Controllers\Pagos.php(93): CodeIgniter\Debug\Exceptions->errorHandler(8, 'Trying to acces...', 'C:\\wamp64\\www\\p...', 93, Array)
#1 C:\wamp64\www\pos\system\CodeIgniter.php(832): App\Controllers\Pagos->nuevo('sweetAlert2', 'plugins', 'animate.css', 'animate.css')
#2 C:\wamp64\www\pos\system\CodeIgniter.php(419): CodeIgniter\CodeIgniter->runController(Object(App\Controllers\Pagos))
#3 C:\wamp64\www\pos\system\CodeIgniter.php(326): CodeIgniter\CodeIgniter->handleRequest(NULL, Object(Config\Cache), false)
#4 C:\wamp64\www\pos\public\index.php(37): CodeIgniter\CodeIgniter->run()
#5 {main}
CRITICAL - 2022-06-09 10:32:56 --> Trying to access array offset on value of type null
#0 C:\wamp64\www\pos\app\Controllers\Pagos.php(93): CodeIgniter\Debug\Exceptions->errorHandler(8, 'Trying to acces...', 'C:\\wamp64\\www\\p...', 93, Array)
#1 C:\wamp64\www\pos\system\CodeIgniter.php(832): App\Controllers\Pagos->nuevo('sweetAlert2', 'plugins', 'animate.css', 'animate.css')
#2 C:\wamp64\www\pos\system\CodeIgniter.php(419): CodeIgniter\CodeIgniter->runController(Object(App\Controllers\Pagos))
#3 C:\wamp64\www\pos\system\CodeIgniter.php(326): CodeIgniter\CodeIgniter->handleRequest(NULL, Object(Config\Cache), false)
#4 C:\wamp64\www\pos\public\index.php(37): CodeIgniter\CodeIgniter->run()
#5 {main}
CRITICAL - 2022-06-09 10:32:56 --> Trying to access array offset on value of type null
#0 C:\wamp64\www\pos\app\Controllers\Pagos.php(93): CodeIgniter\Debug\Exceptions->errorHandler(8, 'Trying to acces...', 'C:\\wamp64\\www\\p...', 93, Array)
#1 C:\wamp64\www\pos\system\CodeIgniter.php(832): App\Controllers\Pagos->nuevo('sweetAlert2', 'estilos.css')
#2 C:\wamp64\www\pos\system\CodeIgniter.php(419): CodeIgniter\CodeIgniter->runController(Object(App\Controllers\Pagos))
#3 C:\wamp64\www\pos\system\CodeIgniter.php(326): CodeIgniter\CodeIgniter->handleRequest(NULL, Object(Config\Cache), false)
#4 C:\wamp64\www\pos\public\index.php(37): CodeIgniter\CodeIgniter->run()
#5 {main}
CRITICAL - 2022-06-09 10:32:56 --> Trying to access array offset on value of type null
#0 C:\wamp64\www\pos\app\Controllers\Pagos.php(93): CodeIgniter\Debug\Exceptions->errorHandler(8, 'Trying to acces...', 'C:\\wamp64\\www\\p...', 93, Array)
#1 C:\wamp64\www\pos\system\CodeIgniter.php(832): App\Controllers\Pagos->nuevo('sweetAlert2', 'plugins', 'sweetAlert2', 'sweetalert2.min...')
#2 C:\wamp64\www\pos\system\CodeIgniter.php(419): CodeIgniter\CodeIgniter->runController(Object(App\Controllers\Pagos))
#3 C:\wamp64\www\pos\system\CodeIgniter.php(326): CodeIgniter\CodeIgniter->handleRequest(NULL, Object(Config\Cache), false)
#4 C:\wamp64\www\pos\public\index.php(37): CodeIgniter\CodeIgniter->run()
#5 {main}
CRITICAL - 2022-06-09 10:34:50 --> Trying to access array offset on value of type null
#0 C:\wamp64\www\pos\app\Controllers\Pagos.php(93): CodeIgniter\Debug\Exceptions->errorHandler(8, 'Trying to acces...', 'C:\\wamp64\\www\\p...', 93, Array)
#1 C:\wamp64\www\pos\system\CodeIgniter.php(832): App\Controllers\Pagos->nuevo('sweetAlert2', 'estilos.css')
#2 C:\wamp64\www\pos\system\CodeIgniter.php(419): CodeIgniter\CodeIgniter->runController(Object(App\Controllers\Pagos))
#3 C:\wamp64\www\pos\system\CodeIgniter.php(326): CodeIgniter\CodeIgniter->handleRequest(NULL, Object(Config\Cache), false)
#4 C:\wamp64\www\pos\public\index.php(37): CodeIgniter\CodeIgniter->run()
#5 {main}
CRITICAL - 2022-06-09 10:34:51 --> Trying to access array offset on value of type null
#0 C:\wamp64\www\pos\app\Controllers\Pagos.php(93): CodeIgniter\Debug\Exceptions->errorHandler(8, 'Trying to acces...', 'C:\\wamp64\\www\\p...', 93, Array)
#1 C:\wamp64\www\pos\system\CodeIgniter.php(832): App\Controllers\Pagos->nuevo('sweetAlert2', 'plugins', 'animate.css', 'animate.css')
#2 C:\wamp64\www\pos\system\CodeIgniter.php(419): CodeIgniter\CodeIgniter->runController(Object(App\Controllers\Pagos))
#3 C:\wamp64\www\pos\system\CodeIgniter.php(326): CodeIgniter\CodeIgniter->handleRequest(NULL, Object(Config\Cache), false)
#4 C:\wamp64\www\pos\public\index.php(37): CodeIgniter\CodeIgniter->run()
#5 {main}
CRITICAL - 2022-06-09 10:34:51 --> Trying to access array offset on value of type null
#0 C:\wamp64\www\pos\app\Controllers\Pagos.php(93): CodeIgniter\Debug\Exceptions->errorHandler(8, 'Trying to acces...', 'C:\\wamp64\\www\\p...', 93, Array)
#1 C:\wamp64\www\pos\system\CodeIgniter.php(832): App\Controllers\Pagos->nuevo('sweetAlert2', 'plugins', 'sweetAlert2', 'sweetalert2.min...')
#2 C:\wamp64\www\pos\system\CodeIgniter.php(419): CodeIgniter\CodeIgniter->runController(Object(App\Controllers\Pagos))
#3 C:\wamp64\www\pos\system\CodeIgniter.php(326): CodeIgniter\CodeIgniter->handleRequest(NULL, Object(Config\Cache), false)
#4 C:\wamp64\www\pos\public\index.php(37): CodeIgniter\CodeIgniter->run()
#5 {main}
CRITICAL - 2022-06-09 10:37:27 --> Trying to access array offset on value of type null
#0 C:\wamp64\www\pos\app\Controllers\Pagos.php(93): CodeIgniter\Debug\Exceptions->errorHandler(8, 'Trying to acces...', 'C:\\wamp64\\www\\p...', 93, Array)
#1 C:\wamp64\www\pos\system\CodeIgniter.php(832): App\Controllers\Pagos->nuevo('sweetAlert2', 'estilos.css')
#2 C:\wamp64\www\pos\system\CodeIgniter.php(419): CodeIgniter\CodeIgniter->runController(Object(App\Controllers\Pagos))
#3 C:\wamp64\www\pos\system\CodeIgniter.php(326): CodeIgniter\CodeIgniter->handleRequest(NULL, Object(Config\Cache), false)
#4 C:\wamp64\www\pos\public\index.php(37): CodeIgniter\CodeIgniter->run()
#5 {main}
CRITICAL - 2022-06-09 10:37:27 --> Trying to access array offset on value of type null
#0 C:\wamp64\www\pos\app\Controllers\Pagos.php(93): CodeIgniter\Debug\Exceptions->errorHandler(8, 'Trying to acces...', 'C:\\wamp64\\www\\p...', 93, Array)
#1 C:\wamp64\www\pos\system\CodeIgniter.php(832): App\Controllers\Pagos->nuevo('sweetAlert2', 'plugins', 'sweetAlert2', 'sweetalert2.min...')
#2 C:\wamp64\www\pos\system\CodeIgniter.php(419): CodeIgniter\CodeIgniter->runController(Object(App\Controllers\Pagos))
#3 C:\wamp64\www\pos\system\CodeIgniter.php(326): CodeIgniter\CodeIgniter->handleRequest(NULL, Object(Config\Cache), false)
#4 C:\wamp64\www\pos\public\index.php(37): CodeIgniter\CodeIgniter->run()
#5 {main}
CRITICAL - 2022-06-09 10:37:27 --> Trying to access array offset on value of type null
#0 C:\wamp64\www\pos\app\Controllers\Pagos.php(93): CodeIgniter\Debug\Exceptions->errorHandler(8, 'Trying to acces...', 'C:\\wamp64\\www\\p...', 93, Array)
#1 C:\wamp64\www\pos\system\CodeIgniter.php(832): App\Controllers\Pagos->nuevo('sweetAlert2', 'plugins', 'animate.css', 'animate.css')
#2 C:\wamp64\www\pos\system\CodeIgniter.php(419): CodeIgniter\CodeIgniter->runController(Object(App\Controllers\Pagos))
#3 C:\wamp64\www\pos\system\CodeIgniter.php(326): CodeIgniter\CodeIgniter->handleRequest(NULL, Object(Config\Cache), false)
#4 C:\wamp64\www\pos\public\index.php(37): CodeIgniter\CodeIgniter->run()
#5 {main}
CRITICAL - 2022-06-09 10:38:45 --> Trying to access array offset on value of type null
#0 C:\wamp64\www\pos\app\Controllers\Pagos.php(93): CodeIgniter\Debug\Exceptions->errorHandler(8, 'Trying to acces...', 'C:\\wamp64\\www\\p...', 93, Array)
#1 C:\wamp64\www\pos\system\CodeIgniter.php(832): App\Controllers\Pagos->nuevo('sweetAlert2', 'estilos.css')
#2 C:\wamp64\www\pos\system\CodeIgniter.php(419): CodeIgniter\CodeIgniter->runController(Object(App\Controllers\Pagos))
#3 C:\wamp64\www\pos\system\CodeIgniter.php(326): CodeIgniter\CodeIgniter->handleRequest(NULL, Object(Config\Cache), false)
#4 C:\wamp64\www\pos\public\index.php(37): CodeIgniter\CodeIgniter->run()
#5 {main}
CRITICAL - 2022-06-09 10:38:45 --> Trying to access array offset on value of type null
#0 C:\wamp64\www\pos\app\Controllers\Pagos.php(93): CodeIgniter\Debug\Exceptions->errorHandler(8, 'Trying to acces...', 'C:\\wamp64\\www\\p...', 93, Array)
#1 C:\wamp64\www\pos\system\CodeIgniter.php(832): App\Controllers\Pagos->nuevo('sweetAlert2', 'plugins', 'sweetAlert2', 'sweetalert2.min...')
#2 C:\wamp64\www\pos\system\CodeIgniter.php(419): CodeIgniter\CodeIgniter->runController(Object(App\Controllers\Pagos))
#3 C:\wamp64\www\pos\system\CodeIgniter.php(326): CodeIgniter\CodeIgniter->handleRequest(NULL, Object(Config\Cache), false)
#4 C:\wamp64\www\pos\public\index.php(37): CodeIgniter\CodeIgniter->run()
#5 {main}
CRITICAL - 2022-06-09 10:38:45 --> Trying to access array offset on value of type null
#0 C:\wamp64\www\pos\app\Controllers\Pagos.php(93): CodeIgniter\Debug\Exceptions->errorHandler(8, 'Trying to acces...', 'C:\\wamp64\\www\\p...', 93, Array)
#1 C:\wamp64\www\pos\system\CodeIgniter.php(832): App\Controllers\Pagos->nuevo('sweetAlert2', 'plugins', 'animate.css', 'animate.css')
#2 C:\wamp64\www\pos\system\CodeIgniter.php(419): CodeIgniter\CodeIgniter->runController(Object(App\Controllers\Pagos))
#3 C:\wamp64\www\pos\system\CodeIgniter.php(326): CodeIgniter\CodeIgniter->handleRequest(NULL, Object(Config\Cache), false)
#4 C:\wamp64\www\pos\public\index.php(37): CodeIgniter\CodeIgniter->run()
#5 {main}
CRITICAL - 2022-06-09 10:40:04 --> Trying to access array offset on value of type null
#0 C:\wamp64\www\pos\app\Controllers\Pagos.php(93): CodeIgniter\Debug\Exceptions->errorHandler(8, 'Trying to acces...', 'C:\\wamp64\\www\\p...', 93, Array)
#1 C:\wamp64\www\pos\system\CodeIgniter.php(832): App\Controllers\Pagos->nuevo('sweetAlert2', 'estilos.css')
#2 C:\wamp64\www\pos\system\CodeIgniter.php(419): CodeIgniter\CodeIgniter->runController(Object(App\Controllers\Pagos))
#3 C:\wamp64\www\pos\system\CodeIgniter.php(326): CodeIgniter\CodeIgniter->handleRequest(NULL, Object(Config\Cache), false)
#4 C:\wamp64\www\pos\public\index.php(37): CodeIgniter\CodeIgniter->run()
#5 {main}
CRITICAL - 2022-06-09 10:40:04 --> Trying to access array offset on value of type null
#0 C:\wamp64\www\pos\app\Controllers\Pagos.php(93): CodeIgniter\Debug\Exceptions->errorHandler(8, 'Trying to acces...', 'C:\\wamp64\\www\\p...', 93, Array)
#1 C:\wamp64\www\pos\system\CodeIgniter.php(832): App\Controllers\Pagos->nuevo('sweetAlert2', 'plugins', 'animate.css', 'animate.css')
#2 C:\wamp64\www\pos\system\CodeIgniter.php(419): CodeIgniter\CodeIgniter->runController(Object(App\Controllers\Pagos))
#3 C:\wamp64\www\pos\system\CodeIgniter.php(326): CodeIgniter\CodeIgniter->handleRequest(NULL, Object(Config\Cache), false)
#4 C:\wamp64\www\pos\public\index.php(37): CodeIgniter\CodeIgniter->run()
#5 {main}
CRITICAL - 2022-06-09 10:40:04 --> Trying to access array offset on value of type null
#0 C:\wamp64\www\pos\app\Controllers\Pagos.php(93): CodeIgniter\Debug\Exceptions->errorHandler(8, 'Trying to acces...', 'C:\\wamp64\\www\\p...', 93, Array)
#1 C:\wamp64\www\pos\system\CodeIgniter.php(832): App\Controllers\Pagos->nuevo('sweetAlert2', 'plugins', 'sweetAlert2', 'sweetalert2.min...')
#2 C:\wamp64\www\pos\system\CodeIgniter.php(419): CodeIgniter\CodeIgniter->runController(Object(App\Controllers\Pagos))
#3 C:\wamp64\www\pos\system\CodeIgniter.php(326): CodeIgniter\CodeIgniter->handleRequest(NULL, Object(Config\Cache), false)
#4 C:\wamp64\www\pos\public\index.php(37): CodeIgniter\CodeIgniter->run()
#5 {main}
CRITICAL - 2022-06-09 10:41:21 --> Trying to access array offset on value of type null
#0 C:\wamp64\www\pos\app\Controllers\Pagos.php(93): CodeIgniter\Debug\Exceptions->errorHandler(8, 'Trying to acces...', 'C:\\wamp64\\www\\p...', 93, Array)
#1 C:\wamp64\www\pos\system\CodeIgniter.php(832): App\Controllers\Pagos->nuevo('sweetAlert2', 'estilos.css')
#2 C:\wamp64\www\pos\system\CodeIgniter.php(419): CodeIgniter\CodeIgniter->runController(Object(App\Controllers\Pagos))
#3 C:\wamp64\www\pos\system\CodeIgniter.php(326): CodeIgniter\CodeIgniter->handleRequest(NULL, Object(Config\Cache), false)
#4 C:\wamp64\www\pos\public\index.php(37): CodeIgniter\CodeIgniter->run()
#5 {main}
CRITICAL - 2022-06-09 10:41:21 --> Trying to access array offset on value of type null
#0 C:\wamp64\www\pos\app\Controllers\Pagos.php(93): CodeIgniter\Debug\Exceptions->errorHandler(8, 'Trying to acces...', 'C:\\wamp64\\www\\p...', 93, Array)
#1 C:\wamp64\www\pos\system\CodeIgniter.php(832): App\Controllers\Pagos->nuevo('sweetAlert2', 'plugins', 'animate.css', 'animate.css')
#2 C:\wamp64\www\pos\system\CodeIgniter.php(419): CodeIgniter\CodeIgniter->runController(Object(App\Controllers\Pagos))
#3 C:\wamp64\www\pos\system\CodeIgniter.php(326): CodeIgniter\CodeIgniter->handleRequest(NULL, Object(Config\Cache), false)
#4 C:\wamp64\www\pos\public\index.php(37): CodeIgniter\CodeIgniter->run()
#5 {main}
CRITICAL - 2022-06-09 10:41:21 --> Trying to access array offset on value of type null
#0 C:\wamp64\www\pos\app\Controllers\Pagos.php(93): CodeIgniter\Debug\Exceptions->errorHandler(8, 'Trying to acces...', 'C:\\wamp64\\www\\p...', 93, Array)
#1 C:\wamp64\www\pos\system\CodeIgniter.php(832): App\Controllers\Pagos->nuevo('sweetAlert2', 'plugins', 'sweetAlert2', 'sweetalert2.min...')
#2 C:\wamp64\www\pos\system\CodeIgniter.php(419): CodeIgniter\CodeIgniter->runController(Object(App\Controllers\Pagos))
#3 C:\wamp64\www\pos\system\CodeIgniter.php(326): CodeIgniter\CodeIgniter->handleRequest(NULL, Object(Config\Cache), false)
#4 C:\wamp64\www\pos\public\index.php(37): CodeIgniter\CodeIgniter->run()
#5 {main}
CRITICAL - 2022-06-09 10:43:24 --> Trying to access array offset on value of type null
#0 C:\wamp64\www\pos\app\Controllers\Pagos.php(93): CodeIgniter\Debug\Exceptions->errorHandler(8, 'Trying to acces...', 'C:\\wamp64\\www\\p...', 93, Array)
#1 C:\wamp64\www\pos\system\CodeIgniter.php(832): App\Controllers\Pagos->nuevo('sweetAlert2', 'plugins', 'sweetAlert2', 'sweetalert2.min...')
#2 C:\wamp64\www\pos\system\CodeIgniter.php(419): CodeIgniter\CodeIgniter->runController(Object(App\Controllers\Pagos))
#3 C:\wamp64\www\pos\system\CodeIgniter.php(326): CodeIgniter\CodeIgniter->handleRequest(NULL, Object(Config\Cache), false)
#4 C:\wamp64\www\pos\public\index.php(37): CodeIgniter\CodeIgniter->run()
#5 {main}
CRITICAL - 2022-06-09 10:43:24 --> Trying to access array offset on value of type null
#0 C:\wamp64\www\pos\app\Controllers\Pagos.php(93): CodeIgniter\Debug\Exceptions->errorHandler(8, 'Trying to acces...', 'C:\\wamp64\\www\\p...', 93, Array)
#1 C:\wamp64\www\pos\system\CodeIgniter.php(832): App\Controllers\Pagos->nuevo('sweetAlert2', 'plugins', 'animate.css', 'animate.css')
#2 C:\wamp64\www\pos\system\CodeIgniter.php(419): CodeIgniter\CodeIgniter->runController(Object(App\Controllers\Pagos))
#3 C:\wamp64\www\pos\system\CodeIgniter.php(326): CodeIgniter\CodeIgniter->handleRequest(NULL, Object(Config\Cache), false)
#4 C:\wamp64\www\pos\public\index.php(37): CodeIgniter\CodeIgniter->run()
#5 {main}
CRITICAL - 2022-06-09 10:43:24 --> Trying to access array offset on value of type null
#0 C:\wamp64\www\pos\app\Controllers\Pagos.php(93): CodeIgniter\Debug\Exceptions->errorHandler(8, 'Trying to acces...', 'C:\\wamp64\\www\\p...', 93, Array)
#1 C:\wamp64\www\pos\system\CodeIgniter.php(832): App\Controllers\Pagos->nuevo('sweetAlert2', 'estilos.css')
#2 C:\wamp64\www\pos\system\CodeIgniter.php(419): CodeIgniter\CodeIgniter->runController(Object(App\Controllers\Pagos))
#3 C:\wamp64\www\pos\system\CodeIgniter.php(326): CodeIgniter\CodeIgniter->handleRequest(NULL, Object(Config\Cache), false)
#4 C:\wamp64\www\pos\public\index.php(37): CodeIgniter\CodeIgniter->run()
#5 {main}
