CRITICAL - 2022-05-16 12:22:08 --> Array to string conversion
#0 C:\wamp64\www\pos\app\Views\inicio.php(9): CodeIgniter\Debug\Exceptions->errorHandler(8, 'Array to string...', 'C:\\wamp64\\www\\p...', 9, Array)
#1 C:\wamp64\www\pos\system\View\View.php(210): include('C:\\wamp64\\www\\p...')
#2 C:\wamp64\www\pos\system\View\View.php(213): CodeIgniter\View\View->CodeIgniter\View\{closure}()
#3 C:\wamp64\www\pos\system\Common.php(1089): CodeIgniter\View\View->render('inicio', Array, true)
#4 C:\wamp64\www\pos\app\Controllers\inicio.php(29): view('inicio', Array)
#5 C:\wamp64\www\pos\system\CodeIgniter.php(832): App\Controllers\Inicio->index()
#6 C:\wamp64\www\pos\system\CodeIgniter.php(419): CodeIgniter\CodeIgniter->runController(Object(App\Controllers\Inicio))
#7 C:\wamp64\www\pos\system\CodeIgniter.php(326): CodeIgniter\CodeIgniter->handleRequest(NULL, Object(Config\Cache), false)
#8 C:\wamp64\www\pos\public\index.php(37): CodeIgniter\CodeIgniter->run()
#9 {main}
CRITICAL - 2022-05-16 12:22:23 --> Array to string conversion
#0 C:\wamp64\www\pos\app\Views\inicio.php(9): CodeIgniter\Debug\Exceptions->errorHandler(8, 'Array to string...', 'C:\\wamp64\\www\\p...', 9, Array)
#1 C:\wamp64\www\pos\system\View\View.php(210): include('C:\\wamp64\\www\\p...')
#2 C:\wamp64\www\pos\system\View\View.php(213): CodeIgniter\View\View->CodeIgniter\View\{closure}()
#3 C:\wamp64\www\pos\system\Common.php(1089): CodeIgniter\View\View->render('inicio', Array, true)
#4 C:\wamp64\www\pos\app\Controllers\inicio.php(29): view('inicio', Array)
#5 C:\wamp64\www\pos\system\CodeIgniter.php(832): App\Controllers\Inicio->index()
#6 C:\wamp64\www\pos\system\CodeIgniter.php(419): CodeIgniter\CodeIgniter->runController(Object(App\Controllers\Inicio))
#7 C:\wamp64\www\pos\system\CodeIgniter.php(326): CodeIgniter\CodeIgniter->handleRequest(NULL, Object(Config\Cache), false)
#8 C:\wamp64\www\pos\public\index.php(37): CodeIgniter\CodeIgniter->run()
#9 {main}
CRITICAL - 2022-05-16 12:23:38 --> Array to string conversion
#0 C:\wamp64\www\pos\app\Views\inicio.php(9): CodeIgniter\Debug\Exceptions->errorHandler(8, 'Array to string...', 'C:\\wamp64\\www\\p...', 9, Array)
#1 C:\wamp64\www\pos\system\View\View.php(210): include('C:\\wamp64\\www\\p...')
#2 C:\wamp64\www\pos\system\View\View.php(213): CodeIgniter\View\View->CodeIgniter\View\{closure}()
#3 C:\wamp64\www\pos\system\Common.php(1089): CodeIgniter\View\View->render('inicio', Array, true)
#4 C:\wamp64\www\pos\app\Controllers\inicio.php(29): view('inicio', Array)
#5 C:\wamp64\www\pos\system\CodeIgniter.php(832): App\Controllers\Inicio->index()
#6 C:\wamp64\www\pos\system\CodeIgniter.php(419): CodeIgniter\CodeIgniter->runController(Object(App\Controllers\Inicio))
#7 C:\wamp64\www\pos\system\CodeIgniter.php(326): CodeIgniter\CodeIgniter->handleRequest(NULL, Object(Config\Cache), false)
#8 C:\wamp64\www\pos\public\index.php(37): CodeIgniter\CodeIgniter->run()
#9 {main}
CRITICAL - 2022-05-16 12:24:58 --> Array to string conversion
#0 C:\wamp64\www\pos\app\Views\inicio.php(9): CodeIgniter\Debug\Exceptions->errorHandler(8, 'Array to string...', 'C:\\wamp64\\www\\p...', 9, Array)
#1 C:\wamp64\www\pos\system\View\View.php(210): include('C:\\wamp64\\www\\p...')
#2 C:\wamp64\www\pos\system\View\View.php(213): CodeIgniter\View\View->CodeIgniter\View\{closure}()
#3 C:\wamp64\www\pos\system\Common.php(1089): CodeIgniter\View\View->render('inicio', Array, true)
#4 C:\wamp64\www\pos\app\Controllers\inicio.php(29): view('inicio', Array)
#5 C:\wamp64\www\pos\system\CodeIgniter.php(832): App\Controllers\Inicio->index()
#6 C:\wamp64\www\pos\system\CodeIgniter.php(419): CodeIgniter\CodeIgniter->runController(Object(App\Controllers\Inicio))
#7 C:\wamp64\www\pos\system\CodeIgniter.php(326): CodeIgniter\CodeIgniter->handleRequest(NULL, Object(Config\Cache), false)
#8 C:\wamp64\www\pos\public\index.php(37): CodeIgniter\CodeIgniter->run()
#9 {main}
CRITICAL - 2022-05-16 12:27:29 --> Array to string conversion
#0 C:\wamp64\www\pos\app\Views\inicio.php(9): CodeIgniter\Debug\Exceptions->errorHandler(8, 'Array to string...', 'C:\\wamp64\\www\\p...', 9, Array)
#1 C:\wamp64\www\pos\system\View\View.php(210): include('C:\\wamp64\\www\\p...')
#2 C:\wamp64\www\pos\system\View\View.php(213): CodeIgniter\View\View->CodeIgniter\View\{closure}()
#3 C:\wamp64\www\pos\system\Common.php(1089): CodeIgniter\View\View->render('inicio', Array, true)
#4 C:\wamp64\www\pos\app\Controllers\inicio.php(29): view('inicio', Array)
#5 C:\wamp64\www\pos\system\CodeIgniter.php(832): App\Controllers\Inicio->index()
#6 C:\wamp64\www\pos\system\CodeIgniter.php(419): CodeIgniter\CodeIgniter->runController(Object(App\Controllers\Inicio))
#7 C:\wamp64\www\pos\system\CodeIgniter.php(326): CodeIgniter\CodeIgniter->handleRequest(NULL, Object(Config\Cache), false)
#8 C:\wamp64\www\pos\public\index.php(37): CodeIgniter\CodeIgniter->run()
#9 {main}
CRITICAL - 2022-05-16 12:27:31 --> Array to string conversion
#0 C:\wamp64\www\pos\app\Views\inicio.php(9): CodeIgniter\Debug\Exceptions->errorHandler(8, 'Array to string...', 'C:\\wamp64\\www\\p...', 9, Array)
#1 C:\wamp64\www\pos\system\View\View.php(210): include('C:\\wamp64\\www\\p...')
#2 C:\wamp64\www\pos\system\View\View.php(213): CodeIgniter\View\View->CodeIgniter\View\{closure}()
#3 C:\wamp64\www\pos\system\Common.php(1089): CodeIgniter\View\View->render('inicio', Array, true)
#4 C:\wamp64\www\pos\app\Controllers\inicio.php(29): view('inicio', Array)
#5 C:\wamp64\www\pos\system\CodeIgniter.php(832): App\Controllers\Inicio->index()
#6 C:\wamp64\www\pos\system\CodeIgniter.php(419): CodeIgniter\CodeIgniter->runController(Object(App\Controllers\Inicio))
#7 C:\wamp64\www\pos\system\CodeIgniter.php(326): CodeIgniter\CodeIgniter->handleRequest(NULL, Object(Config\Cache), false)
#8 C:\wamp64\www\pos\public\index.php(37): CodeIgniter\CodeIgniter->run()
#9 {main}
CRITICAL - 2022-05-16 12:33:48 --> Undefined variable: where
#0 C:\wamp64\www\pos\app\Models\VentasModel.php(56): CodeIgniter\Debug\Exceptions->errorHandler(8, 'Undefined varia...', 'C:\\wamp64\\www\\p...', 56, Array)
#1 C:\wamp64\www\pos\app\Controllers\inicio.php(25): App\Models\VentasModel->totalDia('22-05-16')
#2 C:\wamp64\www\pos\system\CodeIgniter.php(832): App\Controllers\Inicio->index()
#3 C:\wamp64\www\pos\system\CodeIgniter.php(419): CodeIgniter\CodeIgniter->runController(Object(App\Controllers\Inicio))
#4 C:\wamp64\www\pos\system\CodeIgniter.php(326): CodeIgniter\CodeIgniter->handleRequest(NULL, Object(Config\Cache), false)
#5 C:\wamp64\www\pos\public\index.php(37): CodeIgniter\CodeIgniter->run()
#6 {main}
CRITICAL - 2022-05-16 12:39:28 --> Undefined variable: monto
#0 C:\wamp64\www\pos\app\Models\VentasModel.php(57): CodeIgniter\Debug\Exceptions->errorHandler(8, 'Undefined varia...', 'C:\\wamp64\\www\\p...', 57, Array)
#1 C:\wamp64\www\pos\app\Controllers\inicio.php(25): App\Models\VentasModel->totalDia('22-05-16')
#2 C:\wamp64\www\pos\system\CodeIgniter.php(832): App\Controllers\Inicio->index()
#3 C:\wamp64\www\pos\system\CodeIgniter.php(419): CodeIgniter\CodeIgniter->runController(Object(App\Controllers\Inicio))
#4 C:\wamp64\www\pos\system\CodeIgniter.php(326): CodeIgniter\CodeIgniter->handleRequest(NULL, Object(Config\Cache), false)
#5 C:\wamp64\www\pos\public\index.php(37): CodeIgniter\CodeIgniter->run()
#6 {main}
CRITICAL - 2022-05-16 12:39:29 --> Undefined variable: monto
#0 C:\wamp64\www\pos\app\Models\VentasModel.php(57): CodeIgniter\Debug\Exceptions->errorHandler(8, 'Undefined varia...', 'C:\\wamp64\\www\\p...', 57, Array)
#1 C:\wamp64\www\pos\app\Controllers\inicio.php(25): App\Models\VentasModel->totalDia('22-05-16')
#2 C:\wamp64\www\pos\system\CodeIgniter.php(832): App\Controllers\Inicio->index()
#3 C:\wamp64\www\pos\system\CodeIgniter.php(419): CodeIgniter\CodeIgniter->runController(Object(App\Controllers\Inicio))
#4 C:\wamp64\www\pos\system\CodeIgniter.php(326): CodeIgniter\CodeIgniter->handleRequest(NULL, Object(Config\Cache), false)
#5 C:\wamp64\www\pos\public\index.php(37): CodeIgniter\CodeIgniter->run()
#6 {main}
CRITICAL - 2022-05-16 12:39:30 --> Undefined variable: monto
#0 C:\wamp64\www\pos\app\Models\VentasModel.php(57): CodeIgniter\Debug\Exceptions->errorHandler(8, 'Undefined varia...', 'C:\\wamp64\\www\\p...', 57, Array)
#1 C:\wamp64\www\pos\app\Controllers\inicio.php(25): App\Models\VentasModel->totalDia('22-05-16')
#2 C:\wamp64\www\pos\system\CodeIgniter.php(832): App\Controllers\Inicio->index()
#3 C:\wamp64\www\pos\system\CodeIgniter.php(419): CodeIgniter\CodeIgniter->runController(Object(App\Controllers\Inicio))
#4 C:\wamp64\www\pos\system\CodeIgniter.php(326): CodeIgniter\CodeIgniter->handleRequest(NULL, Object(Config\Cache), false)
#5 C:\wamp64\www\pos\public\index.php(37): CodeIgniter\CodeIgniter->run()
#6 {main}
CRITICAL - 2022-05-16 12:39:39 --> syntax error, unexpected '0' (T_LNUMBER)
#0 C:\wamp64\www\pos\system\Autoloader\Autoloader.php(241): CodeIgniter\Autoloader\Autoloader->includeFile('C:\\wamp64\\www\\p...')
#1 C:\wamp64\www\pos\system\Autoloader\Autoloader.php(219): CodeIgniter\Autoloader\Autoloader->loadInNamespace('App\\Models\\Vent...')
#2 [internal function]: CodeIgniter\Autoloader\Autoloader->loadClass('App\\Models\\Vent...')
#3 C:\wamp64\www\pos\app\Controllers\inicio.php(15): spl_autoload_call('App\\Models\\Vent...')
#4 C:\wamp64\www\pos\system\CodeIgniter.php(809): App\Controllers\Inicio->__construct()
#5 C:\wamp64\www\pos\system\CodeIgniter.php(410): CodeIgniter\CodeIgniter->createController()
#6 C:\wamp64\www\pos\system\CodeIgniter.php(326): CodeIgniter\CodeIgniter->handleRequest(NULL, Object(Config\Cache), false)
#7 C:\wamp64\www\pos\public\index.php(37): CodeIgniter\CodeIgniter->run()
#8 {main}
CRITICAL - 2022-05-16 12:39:40 --> syntax error, unexpected '0' (T_LNUMBER)
#0 C:\wamp64\www\pos\system\Autoloader\Autoloader.php(241): CodeIgniter\Autoloader\Autoloader->includeFile('C:\\wamp64\\www\\p...')
#1 C:\wamp64\www\pos\system\Autoloader\Autoloader.php(219): CodeIgniter\Autoloader\Autoloader->loadInNamespace('App\\Models\\Vent...')
#2 [internal function]: CodeIgniter\Autoloader\Autoloader->loadClass('App\\Models\\Vent...')
#3 C:\wamp64\www\pos\app\Controllers\inicio.php(15): spl_autoload_call('App\\Models\\Vent...')
#4 C:\wamp64\www\pos\system\CodeIgniter.php(809): App\Controllers\Inicio->__construct()
#5 C:\wamp64\www\pos\system\CodeIgniter.php(410): CodeIgniter\CodeIgniter->createController()
#6 C:\wamp64\www\pos\system\CodeIgniter.php(326): CodeIgniter\CodeIgniter->handleRequest(NULL, Object(Config\Cache), false)
#7 C:\wamp64\www\pos\public\index.php(37): CodeIgniter\CodeIgniter->run()
#8 {main}
CRITICAL - 2022-05-16 12:46:59 --> Undefined property: App\Controllers\Pagos::$pagosModel
#0 C:\wamp64\www\pos\app\Controllers\Pagos.php(76): CodeIgniter\Debug\Exceptions->errorHandler(8, 'Undefined prope...', 'C:\\wamp64\\www\\p...', 76, Array)
#1 C:\wamp64\www\pos\system\CodeIgniter.php(832): App\Controllers\Pagos->nuevo('1')
#2 C:\wamp64\www\pos\system\CodeIgniter.php(419): CodeIgniter\CodeIgniter->runController(Object(App\Controllers\Pagos))
#3 C:\wamp64\www\pos\system\CodeIgniter.php(326): CodeIgniter\CodeIgniter->handleRequest(NULL, Object(Config\Cache), false)
#4 C:\wamp64\www\pos\public\index.php(37): CodeIgniter\CodeIgniter->run()
#5 {main}
CRITICAL - 2022-05-16 12:48:18 --> Undefined property: App\Controllers\Pagos::$pagosModel
#0 C:\wamp64\www\pos\app\Controllers\Pagos.php(99): CodeIgniter\Debug\Exceptions->errorHandler(8, 'Undefined prope...', 'C:\\wamp64\\www\\p...', 99, Array)
#1 C:\wamp64\www\pos\system\CodeIgniter.php(832): App\Controllers\Pagos->nuevo('1')
#2 C:\wamp64\www\pos\system\CodeIgniter.php(419): CodeIgniter\CodeIgniter->runController(Object(App\Controllers\Pagos))
#3 C:\wamp64\www\pos\system\CodeIgniter.php(326): CodeIgniter\CodeIgniter->handleRequest(NULL, Object(Config\Cache), false)
#4 C:\wamp64\www\pos\public\index.php(37): CodeIgniter\CodeIgniter->run()
#5 {main}
CRITICAL - 2022-05-16 12:48:36 --> Undefined property: App\Controllers\Pagos::$PagosModel
#0 C:\wamp64\www\pos\app\Controllers\Pagos.php(99): CodeIgniter\Debug\Exceptions->errorHandler(8, 'Undefined prope...', 'C:\\wamp64\\www\\p...', 99, Array)
#1 C:\wamp64\www\pos\system\CodeIgniter.php(832): App\Controllers\Pagos->nuevo('1')
#2 C:\wamp64\www\pos\system\CodeIgniter.php(419): CodeIgniter\CodeIgniter->runController(Object(App\Controllers\Pagos))
#3 C:\wamp64\www\pos\system\CodeIgniter.php(326): CodeIgniter\CodeIgniter->handleRequest(NULL, Object(Config\Cache), false)
#4 C:\wamp64\www\pos\public\index.php(37): CodeIgniter\CodeIgniter->run()
#5 {main}
CRITICAL - 2022-05-16 12:48:37 --> Undefined property: App\Controllers\Pagos::$PagosModel
#0 C:\wamp64\www\pos\app\Controllers\Pagos.php(99): CodeIgniter\Debug\Exceptions->errorHandler(8, 'Undefined prope...', 'C:\\wamp64\\www\\p...', 99, Array)
#1 C:\wamp64\www\pos\system\CodeIgniter.php(832): App\Controllers\Pagos->nuevo('1')
#2 C:\wamp64\www\pos\system\CodeIgniter.php(419): CodeIgniter\CodeIgniter->runController(Object(App\Controllers\Pagos))
#3 C:\wamp64\www\pos\system\CodeIgniter.php(326): CodeIgniter\CodeIgniter->handleRequest(NULL, Object(Config\Cache), false)
#4 C:\wamp64\www\pos\public\index.php(37): CodeIgniter\CodeIgniter->run()
#5 {main}
CRITICAL - 2022-05-16 12:48:38 --> Undefined property: App\Controllers\Pagos::$PagosModel
#0 C:\wamp64\www\pos\app\Controllers\Pagos.php(99): CodeIgniter\Debug\Exceptions->errorHandler(8, 'Undefined prope...', 'C:\\wamp64\\www\\p...', 99, Array)
#1 C:\wamp64\www\pos\system\CodeIgniter.php(832): App\Controllers\Pagos->nuevo('1')
#2 C:\wamp64\www\pos\system\CodeIgniter.php(419): CodeIgniter\CodeIgniter->runController(Object(App\Controllers\Pagos))
#3 C:\wamp64\www\pos\system\CodeIgniter.php(326): CodeIgniter\CodeIgniter->handleRequest(NULL, Object(Config\Cache), false)
#4 C:\wamp64\www\pos\public\index.php(37): CodeIgniter\CodeIgniter->run()
#5 {main}
CRITICAL - 2022-05-16 12:49:33 --> Array to string conversion
#0 C:\wamp64\www\pos\app\Views\pagos\nuevo.php(21): CodeIgniter\Debug\Exceptions->errorHandler(8, 'Array to string...', 'C:\\wamp64\\www\\p...', 21, Array)
#1 C:\wamp64\www\pos\system\View\View.php(210): include('C:\\wamp64\\www\\p...')
#2 C:\wamp64\www\pos\system\View\View.php(213): CodeIgniter\View\View->CodeIgniter\View\{closure}()
#3 C:\wamp64\www\pos\system\Common.php(1089): CodeIgniter\View\View->render('pagos/nuevo', Array, true)
#4 C:\wamp64\www\pos\app\Controllers\Pagos.php(106): view('pagos/nuevo', Array)
#5 C:\wamp64\www\pos\system\CodeIgniter.php(832): App\Controllers\Pagos->nuevo('1')
#6 C:\wamp64\www\pos\system\CodeIgniter.php(419): CodeIgniter\CodeIgniter->runController(Object(App\Controllers\Pagos))
#7 C:\wamp64\www\pos\system\CodeIgniter.php(326): CodeIgniter\CodeIgniter->handleRequest(NULL, Object(Config\Cache), false)
#8 C:\wamp64\www\pos\public\index.php(37): CodeIgniter\CodeIgniter->run()
#9 {main}
CRITICAL - 2022-05-16 12:52:36 --> Array to string conversion
#0 C:\wamp64\www\pos\app\Views\pagos\nuevo.php(21): CodeIgniter\Debug\Exceptions->errorHandler(8, 'Array to string...', 'C:\\wamp64\\www\\p...', 21, Array)
#1 C:\wamp64\www\pos\system\View\View.php(210): include('C:\\wamp64\\www\\p...')
#2 C:\wamp64\www\pos\system\View\View.php(213): CodeIgniter\View\View->CodeIgniter\View\{closure}()
#3 C:\wamp64\www\pos\system\Common.php(1089): CodeIgniter\View\View->render('pagos/nuevo', Array, true)
#4 C:\wamp64\www\pos\app\Controllers\Pagos.php(106): view('pagos/nuevo', Array)
#5 C:\wamp64\www\pos\system\CodeIgniter.php(832): App\Controllers\Pagos->nuevo('1')
#6 C:\wamp64\www\pos\system\CodeIgniter.php(419): CodeIgniter\CodeIgniter->runController(Object(App\Controllers\Pagos))
#7 C:\wamp64\www\pos\system\CodeIgniter.php(326): CodeIgniter\CodeIgniter->handleRequest(NULL, Object(Config\Cache), false)
#8 C:\wamp64\www\pos\public\index.php(37): CodeIgniter\CodeIgniter->run()
#9 {main}
CRITICAL - 2022-05-16 12:52:37 --> Array to string conversion
#0 C:\wamp64\www\pos\app\Views\pagos\nuevo.php(21): CodeIgniter\Debug\Exceptions->errorHandler(8, 'Array to string...', 'C:\\wamp64\\www\\p...', 21, Array)
#1 C:\wamp64\www\pos\system\View\View.php(210): include('C:\\wamp64\\www\\p...')
#2 C:\wamp64\www\pos\system\View\View.php(213): CodeIgniter\View\View->CodeIgniter\View\{closure}()
#3 C:\wamp64\www\pos\system\Common.php(1089): CodeIgniter\View\View->render('pagos/nuevo', Array, true)
#4 C:\wamp64\www\pos\app\Controllers\Pagos.php(106): view('pagos/nuevo', Array)
#5 C:\wamp64\www\pos\system\CodeIgniter.php(832): App\Controllers\Pagos->nuevo('1')
#6 C:\wamp64\www\pos\system\CodeIgniter.php(419): CodeIgniter\CodeIgniter->runController(Object(App\Controllers\Pagos))
#7 C:\wamp64\www\pos\system\CodeIgniter.php(326): CodeIgniter\CodeIgniter->handleRequest(NULL, Object(Config\Cache), false)
#8 C:\wamp64\www\pos\public\index.php(37): CodeIgniter\CodeIgniter->run()
#9 {main}
ERROR - 2022-05-16 12:53:14 --> You have an error in your SQL syntax; check the manual that corresponds to your MySQL server version for the right syntax to use near 'LIMIT 1' at line 4
CRITICAL - 2022-05-16 12:53:14 --> You have an error in your SQL syntax; check the manual that corresponds to your MySQL server version for the right syntax to use near 'LIMIT 1' at line 4
#0 C:\wamp64\www\pos\system\Database\MySQLi\Connection.php(292): mysqli->query('SELECT sum(mont...', 0)
#1 C:\wamp64\www\pos\system\Database\BaseConnection.php(670): CodeIgniter\Database\MySQLi\Connection->execute('SELECT sum(mont...')
#2 C:\wamp64\www\pos\system\Database\BaseConnection.php(598): CodeIgniter\Database\BaseConnection->simpleQuery('SELECT sum(mont...')
#3 C:\wamp64\www\pos\system\Database\BaseBuilder.php(1455): CodeIgniter\Database\BaseConnection->query('SELECT sum(mont...', Array, false)
#4 C:\wamp64\www\pos\system\Model.php(210): CodeIgniter\Database\BaseBuilder->get()
#5 C:\wamp64\www\pos\system\BaseModel.php(622): CodeIgniter\Model->doFirst()
#6 C:\wamp64\www\pos\app\Models\PagosModel.php(47): CodeIgniter\BaseModel->first()
#7 C:\wamp64\www\pos\app\Controllers\Pagos.php(99): App\Models\PagosModel->totalPagos('1')
#8 C:\wamp64\www\pos\system\CodeIgniter.php(832): App\Controllers\Pagos->nuevo('1')
#9 C:\wamp64\www\pos\system\CodeIgniter.php(419): CodeIgniter\CodeIgniter->runController(Object(App\Controllers\Pagos))
#10 C:\wamp64\www\pos\system\CodeIgniter.php(326): CodeIgniter\CodeIgniter->handleRequest(NULL, Object(Config\Cache), false)
#11 C:\wamp64\www\pos\public\index.php(37): CodeIgniter\CodeIgniter->run()
#12 {main}
CRITICAL - 2022-05-16 12:53:35 --> Array to string conversion
#0 C:\wamp64\www\pos\app\Views\pagos\nuevo.php(21): CodeIgniter\Debug\Exceptions->errorHandler(8, 'Array to string...', 'C:\\wamp64\\www\\p...', 21, Array)
#1 C:\wamp64\www\pos\system\View\View.php(210): include('C:\\wamp64\\www\\p...')
#2 C:\wamp64\www\pos\system\View\View.php(213): CodeIgniter\View\View->CodeIgniter\View\{closure}()
#3 C:\wamp64\www\pos\system\Common.php(1089): CodeIgniter\View\View->render('pagos/nuevo', Array, true)
#4 C:\wamp64\www\pos\app\Controllers\Pagos.php(106): view('pagos/nuevo', Array)
#5 C:\wamp64\www\pos\system\CodeIgniter.php(832): App\Controllers\Pagos->nuevo('1')
#6 C:\wamp64\www\pos\system\CodeIgniter.php(419): CodeIgniter\CodeIgniter->runController(Object(App\Controllers\Pagos))
#7 C:\wamp64\www\pos\system\CodeIgniter.php(326): CodeIgniter\CodeIgniter->handleRequest(NULL, Object(Config\Cache), false)
#8 C:\wamp64\www\pos\public\index.php(37): CodeIgniter\CodeIgniter->run()
#9 {main}
CRITICAL - 2022-05-16 12:57:20 --> Array to string conversion
#0 C:\wamp64\www\pos\app\Views\pagos\nuevo.php(21): CodeIgniter\Debug\Exceptions->errorHandler(8, 'Array to string...', 'C:\\wamp64\\www\\p...', 21, Array)
#1 C:\wamp64\www\pos\system\View\View.php(210): include('C:\\wamp64\\www\\p...')
#2 C:\wamp64\www\pos\system\View\View.php(213): CodeIgniter\View\View->CodeIgniter\View\{closure}()
#3 C:\wamp64\www\pos\system\Common.php(1089): CodeIgniter\View\View->render('pagos/nuevo', Array, true)
#4 C:\wamp64\www\pos\app\Controllers\Pagos.php(106): view('pagos/nuevo', Array)
#5 C:\wamp64\www\pos\system\CodeIgniter.php(832): App\Controllers\Pagos->nuevo('1')
#6 C:\wamp64\www\pos\system\CodeIgniter.php(419): CodeIgniter\CodeIgniter->runController(Object(App\Controllers\Pagos))
#7 C:\wamp64\www\pos\system\CodeIgniter.php(326): CodeIgniter\CodeIgniter->handleRequest(NULL, Object(Config\Cache), false)
#8 C:\wamp64\www\pos\public\index.php(37): CodeIgniter\CodeIgniter->run()
#9 {main}
CRITICAL - 2022-05-16 12:57:21 --> Array to string conversion
#0 C:\wamp64\www\pos\app\Views\pagos\nuevo.php(21): CodeIgniter\Debug\Exceptions->errorHandler(8, 'Array to string...', 'C:\\wamp64\\www\\p...', 21, Array)
#1 C:\wamp64\www\pos\system\View\View.php(210): include('C:\\wamp64\\www\\p...')
#2 C:\wamp64\www\pos\system\View\View.php(213): CodeIgniter\View\View->CodeIgniter\View\{closure}()
#3 C:\wamp64\www\pos\system\Common.php(1089): CodeIgniter\View\View->render('pagos/nuevo', Array, true)
#4 C:\wamp64\www\pos\app\Controllers\Pagos.php(106): view('pagos/nuevo', Array)
#5 C:\wamp64\www\pos\system\CodeIgniter.php(832): App\Controllers\Pagos->nuevo('1')
#6 C:\wamp64\www\pos\system\CodeIgniter.php(419): CodeIgniter\CodeIgniter->runController(Object(App\Controllers\Pagos))
#7 C:\wamp64\www\pos\system\CodeIgniter.php(326): CodeIgniter\CodeIgniter->handleRequest(NULL, Object(Config\Cache), false)
#8 C:\wamp64\www\pos\public\index.php(37): CodeIgniter\CodeIgniter->run()
#9 {main}
CRITICAL - 2022-05-16 12:57:21 --> Array to string conversion
#0 C:\wamp64\www\pos\app\Views\pagos\nuevo.php(21): CodeIgniter\Debug\Exceptions->errorHandler(8, 'Array to string...', 'C:\\wamp64\\www\\p...', 21, Array)
#1 C:\wamp64\www\pos\system\View\View.php(210): include('C:\\wamp64\\www\\p...')
#2 C:\wamp64\www\pos\system\View\View.php(213): CodeIgniter\View\View->CodeIgniter\View\{closure}()
#3 C:\wamp64\www\pos\system\Common.php(1089): CodeIgniter\View\View->render('pagos/nuevo', Array, true)
#4 C:\wamp64\www\pos\app\Controllers\Pagos.php(106): view('pagos/nuevo', Array)
#5 C:\wamp64\www\pos\system\CodeIgniter.php(832): App\Controllers\Pagos->nuevo('1')
#6 C:\wamp64\www\pos\system\CodeIgniter.php(419): CodeIgniter\CodeIgniter->runController(Object(App\Controllers\Pagos))
#7 C:\wamp64\www\pos\system\CodeIgniter.php(326): CodeIgniter\CodeIgniter->handleRequest(NULL, Object(Config\Cache), false)
#8 C:\wamp64\www\pos\public\index.php(37): CodeIgniter\CodeIgniter->run()
#9 {main}
CRITICAL - 2022-05-16 12:57:22 --> Array to string conversion
#0 C:\wamp64\www\pos\app\Views\pagos\nuevo.php(21): CodeIgniter\Debug\Exceptions->errorHandler(8, 'Array to string...', 'C:\\wamp64\\www\\p...', 21, Array)
#1 C:\wamp64\www\pos\system\View\View.php(210): include('C:\\wamp64\\www\\p...')
#2 C:\wamp64\www\pos\system\View\View.php(213): CodeIgniter\View\View->CodeIgniter\View\{closure}()
#3 C:\wamp64\www\pos\system\Common.php(1089): CodeIgniter\View\View->render('pagos/nuevo', Array, true)
#4 C:\wamp64\www\pos\app\Controllers\Pagos.php(106): view('pagos/nuevo', Array)
#5 C:\wamp64\www\pos\system\CodeIgniter.php(832): App\Controllers\Pagos->nuevo('1')
#6 C:\wamp64\www\pos\system\CodeIgniter.php(419): CodeIgniter\CodeIgniter->runController(Object(App\Controllers\Pagos))
#7 C:\wamp64\www\pos\system\CodeIgniter.php(326): CodeIgniter\CodeIgniter->handleRequest(NULL, Object(Config\Cache), false)
#8 C:\wamp64\www\pos\public\index.php(37): CodeIgniter\CodeIgniter->run()
#9 {main}
CRITICAL - 2022-05-16 12:57:22 --> Array to string conversion
#0 C:\wamp64\www\pos\app\Views\pagos\nuevo.php(21): CodeIgniter\Debug\Exceptions->errorHandler(8, 'Array to string...', 'C:\\wamp64\\www\\p...', 21, Array)
#1 C:\wamp64\www\pos\system\View\View.php(210): include('C:\\wamp64\\www\\p...')
#2 C:\wamp64\www\pos\system\View\View.php(213): CodeIgniter\View\View->CodeIgniter\View\{closure}()
#3 C:\wamp64\www\pos\system\Common.php(1089): CodeIgniter\View\View->render('pagos/nuevo', Array, true)
#4 C:\wamp64\www\pos\app\Controllers\Pagos.php(106): view('pagos/nuevo', Array)
#5 C:\wamp64\www\pos\system\CodeIgniter.php(832): App\Controllers\Pagos->nuevo('1')
#6 C:\wamp64\www\pos\system\CodeIgniter.php(419): CodeIgniter\CodeIgniter->runController(Object(App\Controllers\Pagos))
#7 C:\wamp64\www\pos\system\CodeIgniter.php(326): CodeIgniter\CodeIgniter->handleRequest(NULL, Object(Config\Cache), false)
#8 C:\wamp64\www\pos\public\index.php(37): CodeIgniter\CodeIgniter->run()
#9 {main}
CRITICAL - 2022-05-16 12:57:22 --> Array to string conversion
#0 C:\wamp64\www\pos\app\Views\pagos\nuevo.php(21): CodeIgniter\Debug\Exceptions->errorHandler(8, 'Array to string...', 'C:\\wamp64\\www\\p...', 21, Array)
#1 C:\wamp64\www\pos\system\View\View.php(210): include('C:\\wamp64\\www\\p...')
#2 C:\wamp64\www\pos\system\View\View.php(213): CodeIgniter\View\View->CodeIgniter\View\{closure}()
#3 C:\wamp64\www\pos\system\Common.php(1089): CodeIgniter\View\View->render('pagos/nuevo', Array, true)
#4 C:\wamp64\www\pos\app\Controllers\Pagos.php(106): view('pagos/nuevo', Array)
#5 C:\wamp64\www\pos\system\CodeIgniter.php(832): App\Controllers\Pagos->nuevo('1')
#6 C:\wamp64\www\pos\system\CodeIgniter.php(419): CodeIgniter\CodeIgniter->runController(Object(App\Controllers\Pagos))
#7 C:\wamp64\www\pos\system\CodeIgniter.php(326): CodeIgniter\CodeIgniter->handleRequest(NULL, Object(Config\Cache), false)
#8 C:\wamp64\www\pos\public\index.php(37): CodeIgniter\CodeIgniter->run()
#9 {main}
CRITICAL - 2022-05-16 12:57:46 --> Array to string conversion
#0 C:\wamp64\www\pos\app\Views\pagos\nuevo.php(21): CodeIgniter\Debug\Exceptions->errorHandler(8, 'Array to string...', 'C:\\wamp64\\www\\p...', 21, Array)
#1 C:\wamp64\www\pos\system\View\View.php(210): include('C:\\wamp64\\www\\p...')
#2 C:\wamp64\www\pos\system\View\View.php(213): CodeIgniter\View\View->CodeIgniter\View\{closure}()
#3 C:\wamp64\www\pos\system\Common.php(1089): CodeIgniter\View\View->render('pagos/nuevo', Array, true)
#4 C:\wamp64\www\pos\app\Controllers\Pagos.php(106): view('pagos/nuevo', Array)
#5 C:\wamp64\www\pos\system\CodeIgniter.php(832): App\Controllers\Pagos->nuevo('1')
#6 C:\wamp64\www\pos\system\CodeIgniter.php(419): CodeIgniter\CodeIgniter->runController(Object(App\Controllers\Pagos))
#7 C:\wamp64\www\pos\system\CodeIgniter.php(326): CodeIgniter\CodeIgniter->handleRequest(NULL, Object(Config\Cache), false)
#8 C:\wamp64\www\pos\public\index.php(37): CodeIgniter\CodeIgniter->run()
#9 {main}
CRITICAL - 2022-05-16 12:57:47 --> Array to string conversion
#0 C:\wamp64\www\pos\app\Views\pagos\nuevo.php(21): CodeIgniter\Debug\Exceptions->errorHandler(8, 'Array to string...', 'C:\\wamp64\\www\\p...', 21, Array)
#1 C:\wamp64\www\pos\system\View\View.php(210): include('C:\\wamp64\\www\\p...')
#2 C:\wamp64\www\pos\system\View\View.php(213): CodeIgniter\View\View->CodeIgniter\View\{closure}()
#3 C:\wamp64\www\pos\system\Common.php(1089): CodeIgniter\View\View->render('pagos/nuevo', Array, true)
#4 C:\wamp64\www\pos\app\Controllers\Pagos.php(106): view('pagos/nuevo', Array)
#5 C:\wamp64\www\pos\system\CodeIgniter.php(832): App\Controllers\Pagos->nuevo('1')
#6 C:\wamp64\www\pos\system\CodeIgniter.php(419): CodeIgniter\CodeIgniter->runController(Object(App\Controllers\Pagos))
#7 C:\wamp64\www\pos\system\CodeIgniter.php(326): CodeIgniter\CodeIgniter->handleRequest(NULL, Object(Config\Cache), false)
#8 C:\wamp64\www\pos\public\index.php(37): CodeIgniter\CodeIgniter->run()
#9 {main}
CRITICAL - 2022-05-16 12:57:47 --> Array to string conversion
#0 C:\wamp64\www\pos\app\Views\pagos\nuevo.php(21): CodeIgniter\Debug\Exceptions->errorHandler(8, 'Array to string...', 'C:\\wamp64\\www\\p...', 21, Array)
#1 C:\wamp64\www\pos\system\View\View.php(210): include('C:\\wamp64\\www\\p...')
#2 C:\wamp64\www\pos\system\View\View.php(213): CodeIgniter\View\View->CodeIgniter\View\{closure}()
#3 C:\wamp64\www\pos\system\Common.php(1089): CodeIgniter\View\View->render('pagos/nuevo', Array, true)
#4 C:\wamp64\www\pos\app\Controllers\Pagos.php(106): view('pagos/nuevo', Array)
#5 C:\wamp64\www\pos\system\CodeIgniter.php(832): App\Controllers\Pagos->nuevo('1')
#6 C:\wamp64\www\pos\system\CodeIgniter.php(419): CodeIgniter\CodeIgniter->runController(Object(App\Controllers\Pagos))
#7 C:\wamp64\www\pos\system\CodeIgniter.php(326): CodeIgniter\CodeIgniter->handleRequest(NULL, Object(Config\Cache), false)
#8 C:\wamp64\www\pos\public\index.php(37): CodeIgniter\CodeIgniter->run()
#9 {main}
CRITICAL - 2022-05-16 12:57:48 --> Array to string conversion
#0 C:\wamp64\www\pos\app\Views\pagos\nuevo.php(21): CodeIgniter\Debug\Exceptions->errorHandler(8, 'Array to string...', 'C:\\wamp64\\www\\p...', 21, Array)
#1 C:\wamp64\www\pos\system\View\View.php(210): include('C:\\wamp64\\www\\p...')
#2 C:\wamp64\www\pos\system\View\View.php(213): CodeIgniter\View\View->CodeIgniter\View\{closure}()
#3 C:\wamp64\www\pos\system\Common.php(1089): CodeIgniter\View\View->render('pagos/nuevo', Array, true)
#4 C:\wamp64\www\pos\app\Controllers\Pagos.php(106): view('pagos/nuevo', Array)
#5 C:\wamp64\www\pos\system\CodeIgniter.php(832): App\Controllers\Pagos->nuevo('1')
#6 C:\wamp64\www\pos\system\CodeIgniter.php(419): CodeIgniter\CodeIgniter->runController(Object(App\Controllers\Pagos))
#7 C:\wamp64\www\pos\system\CodeIgniter.php(326): CodeIgniter\CodeIgniter->handleRequest(NULL, Object(Config\Cache), false)
#8 C:\wamp64\www\pos\public\index.php(37): CodeIgniter\CodeIgniter->run()
#9 {main}
CRITICAL - 2022-05-16 12:57:49 --> Array to string conversion
#0 C:\wamp64\www\pos\app\Views\pagos\nuevo.php(21): CodeIgniter\Debug\Exceptions->errorHandler(8, 'Array to string...', 'C:\\wamp64\\www\\p...', 21, Array)
#1 C:\wamp64\www\pos\system\View\View.php(210): include('C:\\wamp64\\www\\p...')
#2 C:\wamp64\www\pos\system\View\View.php(213): CodeIgniter\View\View->CodeIgniter\View\{closure}()
#3 C:\wamp64\www\pos\system\Common.php(1089): CodeIgniter\View\View->render('pagos/nuevo', Array, true)
#4 C:\wamp64\www\pos\app\Controllers\Pagos.php(106): view('pagos/nuevo', Array)
#5 C:\wamp64\www\pos\system\CodeIgniter.php(832): App\Controllers\Pagos->nuevo('1')
#6 C:\wamp64\www\pos\system\CodeIgniter.php(419): CodeIgniter\CodeIgniter->runController(Object(App\Controllers\Pagos))
#7 C:\wamp64\www\pos\system\CodeIgniter.php(326): CodeIgniter\CodeIgniter->handleRequest(NULL, Object(Config\Cache), false)
#8 C:\wamp64\www\pos\public\index.php(37): CodeIgniter\CodeIgniter->run()
#9 {main}
CRITICAL - 2022-05-16 12:57:49 --> Array to string conversion
#0 C:\wamp64\www\pos\app\Views\pagos\nuevo.php(21): CodeIgniter\Debug\Exceptions->errorHandler(8, 'Array to string...', 'C:\\wamp64\\www\\p...', 21, Array)
#1 C:\wamp64\www\pos\system\View\View.php(210): include('C:\\wamp64\\www\\p...')
#2 C:\wamp64\www\pos\system\View\View.php(213): CodeIgniter\View\View->CodeIgniter\View\{closure}()
#3 C:\wamp64\www\pos\system\Common.php(1089): CodeIgniter\View\View->render('pagos/nuevo', Array, true)
#4 C:\wamp64\www\pos\app\Controllers\Pagos.php(106): view('pagos/nuevo', Array)
#5 C:\wamp64\www\pos\system\CodeIgniter.php(832): App\Controllers\Pagos->nuevo('1')
#6 C:\wamp64\www\pos\system\CodeIgniter.php(419): CodeIgniter\CodeIgniter->runController(Object(App\Controllers\Pagos))
#7 C:\wamp64\www\pos\system\CodeIgniter.php(326): CodeIgniter\CodeIgniter->handleRequest(NULL, Object(Config\Cache), false)
#8 C:\wamp64\www\pos\public\index.php(37): CodeIgniter\CodeIgniter->run()
#9 {main}
CRITICAL - 2022-05-16 12:57:59 --> Array to string conversion
#0 C:\wamp64\www\pos\app\Views\pagos\nuevo.php(21): CodeIgniter\Debug\Exceptions->errorHandler(8, 'Array to string...', 'C:\\wamp64\\www\\p...', 21, Array)
#1 C:\wamp64\www\pos\system\View\View.php(210): include('C:\\wamp64\\www\\p...')
#2 C:\wamp64\www\pos\system\View\View.php(213): CodeIgniter\View\View->CodeIgniter\View\{closure}()
#3 C:\wamp64\www\pos\system\Common.php(1089): CodeIgniter\View\View->render('pagos/nuevo', Array, true)
#4 C:\wamp64\www\pos\app\Controllers\Pagos.php(106): view('pagos/nuevo', Array)
#5 C:\wamp64\www\pos\system\CodeIgniter.php(832): App\Controllers\Pagos->nuevo('1')
#6 C:\wamp64\www\pos\system\CodeIgniter.php(419): CodeIgniter\CodeIgniter->runController(Object(App\Controllers\Pagos))
#7 C:\wamp64\www\pos\system\CodeIgniter.php(326): CodeIgniter\CodeIgniter->handleRequest(NULL, Object(Config\Cache), false)
#8 C:\wamp64\www\pos\public\index.php(37): CodeIgniter\CodeIgniter->run()
#9 {main}
CRITICAL - 2022-05-16 12:58:35 --> Array to string conversion
#0 C:\wamp64\www\pos\app\Views\pagos\nuevo.php(21): CodeIgniter\Debug\Exceptions->errorHandler(8, 'Array to string...', 'C:\\wamp64\\www\\p...', 21, Array)
#1 C:\wamp64\www\pos\system\View\View.php(210): include('C:\\wamp64\\www\\p...')
#2 C:\wamp64\www\pos\system\View\View.php(213): CodeIgniter\View\View->CodeIgniter\View\{closure}()
#3 C:\wamp64\www\pos\system\Common.php(1089): CodeIgniter\View\View->render('pagos/nuevo', Array, true)
#4 C:\wamp64\www\pos\app\Controllers\Pagos.php(106): view('pagos/nuevo', Array)
#5 C:\wamp64\www\pos\system\CodeIgniter.php(832): App\Controllers\Pagos->nuevo('1')
#6 C:\wamp64\www\pos\system\CodeIgniter.php(419): CodeIgniter\CodeIgniter->runController(Object(App\Controllers\Pagos))
#7 C:\wamp64\www\pos\system\CodeIgniter.php(326): CodeIgniter\CodeIgniter->handleRequest(NULL, Object(Config\Cache), false)
#8 C:\wamp64\www\pos\public\index.php(37): CodeIgniter\CodeIgniter->run()
#9 {main}
CRITICAL - 2022-05-16 13:01:53 --> Array to string conversion
#0 C:\wamp64\www\pos\app\Views\pagos\nuevo.php(21): CodeIgniter\Debug\Exceptions->errorHandler(8, 'Array to string...', 'C:\\wamp64\\www\\p...', 21, Array)
#1 C:\wamp64\www\pos\system\View\View.php(210): include('C:\\wamp64\\www\\p...')
#2 C:\wamp64\www\pos\system\View\View.php(213): CodeIgniter\View\View->CodeIgniter\View\{closure}()
#3 C:\wamp64\www\pos\system\Common.php(1089): CodeIgniter\View\View->render('pagos/nuevo', Array, true)
#4 C:\wamp64\www\pos\app\Controllers\Pagos.php(106): view('pagos/nuevo', Array)
#5 C:\wamp64\www\pos\system\CodeIgniter.php(832): App\Controllers\Pagos->nuevo('1')
#6 C:\wamp64\www\pos\system\CodeIgniter.php(419): CodeIgniter\CodeIgniter->runController(Object(App\Controllers\Pagos))
#7 C:\wamp64\www\pos\system\CodeIgniter.php(326): CodeIgniter\CodeIgniter->handleRequest(NULL, Object(Config\Cache), false)
#8 C:\wamp64\www\pos\public\index.php(37): CodeIgniter\CodeIgniter->run()
#9 {main}
CRITICAL - 2022-05-16 13:06:15 --> Array to string conversion
#0 C:\wamp64\www\pos\app\Views\pagos\nuevo.php(21): CodeIgniter\Debug\Exceptions->errorHandler(8, 'Array to string...', 'C:\\wamp64\\www\\p...', 21, Array)
#1 C:\wamp64\www\pos\system\View\View.php(210): include('C:\\wamp64\\www\\p...')
#2 C:\wamp64\www\pos\system\View\View.php(213): CodeIgniter\View\View->CodeIgniter\View\{closure}()
#3 C:\wamp64\www\pos\system\Common.php(1089): CodeIgniter\View\View->render('pagos/nuevo', Array, true)
#4 C:\wamp64\www\pos\app\Controllers\Pagos.php(106): view('pagos/nuevo', Array)
#5 C:\wamp64\www\pos\system\CodeIgniter.php(832): App\Controllers\Pagos->nuevo('1')
#6 C:\wamp64\www\pos\system\CodeIgniter.php(419): CodeIgniter\CodeIgniter->runController(Object(App\Controllers\Pagos))
#7 C:\wamp64\www\pos\system\CodeIgniter.php(326): CodeIgniter\CodeIgniter->handleRequest(NULL, Object(Config\Cache), false)
#8 C:\wamp64\www\pos\public\index.php(37): CodeIgniter\CodeIgniter->run()
#9 {main}
CRITICAL - 2022-05-16 13:08:25 --> Use of undefined constant monto - assumed 'monto' (this will throw an Error in a future version of PHP)
#0 C:\wamp64\www\pos\app\Views\pagos\nuevo.php(21): CodeIgniter\Debug\Exceptions->errorHandler(2, 'Use of undefine...', 'C:\\wamp64\\www\\p...', 21, Array)
#1 C:\wamp64\www\pos\system\View\View.php(210): include('C:\\wamp64\\www\\p...')
#2 C:\wamp64\www\pos\system\View\View.php(213): CodeIgniter\View\View->CodeIgniter\View\{closure}()
#3 C:\wamp64\www\pos\system\Common.php(1089): CodeIgniter\View\View->render('pagos/nuevo', Array, true)
#4 C:\wamp64\www\pos\app\Controllers\Pagos.php(106): view('pagos/nuevo', Array)
#5 C:\wamp64\www\pos\system\CodeIgniter.php(832): App\Controllers\Pagos->nuevo('1')
#6 C:\wamp64\www\pos\system\CodeIgniter.php(419): CodeIgniter\CodeIgniter->runController(Object(App\Controllers\Pagos))
#7 C:\wamp64\www\pos\system\CodeIgniter.php(326): CodeIgniter\CodeIgniter->handleRequest(NULL, Object(Config\Cache), false)
#8 C:\wamp64\www\pos\public\index.php(37): CodeIgniter\CodeIgniter->run()
#9 {main}
CRITICAL - 2022-05-16 13:08:27 --> Use of undefined constant monto - assumed 'monto' (this will throw an Error in a future version of PHP)
#0 C:\wamp64\www\pos\app\Views\pagos\nuevo.php(21): CodeIgniter\Debug\Exceptions->errorHandler(2, 'Use of undefine...', 'C:\\wamp64\\www\\p...', 21, Array)
#1 C:\wamp64\www\pos\system\View\View.php(210): include('C:\\wamp64\\www\\p...')
#2 C:\wamp64\www\pos\system\View\View.php(213): CodeIgniter\View\View->CodeIgniter\View\{closure}()
#3 C:\wamp64\www\pos\system\Common.php(1089): CodeIgniter\View\View->render('pagos/nuevo', Array, true)
#4 C:\wamp64\www\pos\app\Controllers\Pagos.php(106): view('pagos/nuevo', Array)
#5 C:\wamp64\www\pos\system\CodeIgniter.php(832): App\Controllers\Pagos->nuevo('1')
#6 C:\wamp64\www\pos\system\CodeIgniter.php(419): CodeIgniter\CodeIgniter->runController(Object(App\Controllers\Pagos))
#7 C:\wamp64\www\pos\system\CodeIgniter.php(326): CodeIgniter\CodeIgniter->handleRequest(NULL, Object(Config\Cache), false)
#8 C:\wamp64\www\pos\public\index.php(37): CodeIgniter\CodeIgniter->run()
#9 {main}
CRITICAL - 2022-05-16 13:09:45 --> Undefined variable: monto
#0 C:\wamp64\www\pos\app\Views\pagos\nuevo.php(21): CodeIgniter\Debug\Exceptions->errorHandler(8, 'Undefined varia...', 'C:\\wamp64\\www\\p...', 21, Array)
#1 C:\wamp64\www\pos\system\View\View.php(210): include('C:\\wamp64\\www\\p...')
#2 C:\wamp64\www\pos\system\View\View.php(213): CodeIgniter\View\View->CodeIgniter\View\{closure}()
#3 C:\wamp64\www\pos\system\Common.php(1089): CodeIgniter\View\View->render('pagos/nuevo', Array, true)
#4 C:\wamp64\www\pos\app\Controllers\Pagos.php(106): view('pagos/nuevo', Array)
#5 C:\wamp64\www\pos\system\CodeIgniter.php(832): App\Controllers\Pagos->nuevo('1')
#6 C:\wamp64\www\pos\system\CodeIgniter.php(419): CodeIgniter\CodeIgniter->runController(Object(App\Controllers\Pagos))
#7 C:\wamp64\www\pos\system\CodeIgniter.php(326): CodeIgniter\CodeIgniter->handleRequest(NULL, Object(Config\Cache), false)
#8 C:\wamp64\www\pos\public\index.php(37): CodeIgniter\CodeIgniter->run()
#9 {main}
CRITICAL - 2022-05-16 13:10:01 --> Array to string conversion
#0 C:\wamp64\www\pos\app\Views\pagos\nuevo.php(21): CodeIgniter\Debug\Exceptions->errorHandler(8, 'Array to string...', 'C:\\wamp64\\www\\p...', 21, Array)
#1 C:\wamp64\www\pos\system\View\View.php(210): include('C:\\wamp64\\www\\p...')
#2 C:\wamp64\www\pos\system\View\View.php(213): CodeIgniter\View\View->CodeIgniter\View\{closure}()
#3 C:\wamp64\www\pos\system\Common.php(1089): CodeIgniter\View\View->render('pagos/nuevo', Array, true)
#4 C:\wamp64\www\pos\app\Controllers\Pagos.php(106): view('pagos/nuevo', Array)
#5 C:\wamp64\www\pos\system\CodeIgniter.php(832): App\Controllers\Pagos->nuevo('1')
#6 C:\wamp64\www\pos\system\CodeIgniter.php(419): CodeIgniter\CodeIgniter->runController(Object(App\Controllers\Pagos))
#7 C:\wamp64\www\pos\system\CodeIgniter.php(326): CodeIgniter\CodeIgniter->handleRequest(NULL, Object(Config\Cache), false)
#8 C:\wamp64\www\pos\public\index.php(37): CodeIgniter\CodeIgniter->run()
#9 {main}
CRITICAL - 2022-05-16 13:10:36 --> Array to string conversion
#0 C:\wamp64\www\pos\app\Views\pagos\nuevo.php(21): CodeIgniter\Debug\Exceptions->errorHandler(8, 'Array to string...', 'C:\\wamp64\\www\\p...', 21, Array)
#1 C:\wamp64\www\pos\system\View\View.php(210): include('C:\\wamp64\\www\\p...')
#2 C:\wamp64\www\pos\system\View\View.php(213): CodeIgniter\View\View->CodeIgniter\View\{closure}()
#3 C:\wamp64\www\pos\system\Common.php(1089): CodeIgniter\View\View->render('pagos/nuevo', Array, true)
#4 C:\wamp64\www\pos\app\Controllers\Pagos.php(106): view('pagos/nuevo', Array)
#5 C:\wamp64\www\pos\system\CodeIgniter.php(832): App\Controllers\Pagos->nuevo('1')
#6 C:\wamp64\www\pos\system\CodeIgniter.php(419): CodeIgniter\CodeIgniter->runController(Object(App\Controllers\Pagos))
#7 C:\wamp64\www\pos\system\CodeIgniter.php(326): CodeIgniter\CodeIgniter->handleRequest(NULL, Object(Config\Cache), false)
#8 C:\wamp64\www\pos\public\index.php(37): CodeIgniter\CodeIgniter->run()
#9 {main}
CRITICAL - 2022-05-16 13:12:02 --> Undefined property: App\Controllers\Pagos::$sum
#0 C:\wamp64\www\pos\app\Controllers\Pagos.php(99): CodeIgniter\Debug\Exceptions->errorHandler(8, 'Undefined prope...', 'C:\\wamp64\\www\\p...', 99, Array)
#1 C:\wamp64\www\pos\system\CodeIgniter.php(832): App\Controllers\Pagos->nuevo('1')
#2 C:\wamp64\www\pos\system\CodeIgniter.php(419): CodeIgniter\CodeIgniter->runController(Object(App\Controllers\Pagos))
#3 C:\wamp64\www\pos\system\CodeIgniter.php(326): CodeIgniter\CodeIgniter->handleRequest(NULL, Object(Config\Cache), false)
#4 C:\wamp64\www\pos\public\index.php(37): CodeIgniter\CodeIgniter->run()
#5 {main}
CRITICAL - 2022-05-16 13:13:25 --> Undefined property: App\Controllers\Pagos::$sum
#0 C:\wamp64\www\pos\app\Controllers\Pagos.php(99): CodeIgniter\Debug\Exceptions->errorHandler(8, 'Undefined prope...', 'C:\\wamp64\\www\\p...', 99, Array)
#1 C:\wamp64\www\pos\system\CodeIgniter.php(832): App\Controllers\Pagos->nuevo('1')
#2 C:\wamp64\www\pos\system\CodeIgniter.php(419): CodeIgniter\CodeIgniter->runController(Object(App\Controllers\Pagos))
#3 C:\wamp64\www\pos\system\CodeIgniter.php(326): CodeIgniter\CodeIgniter->handleRequest(NULL, Object(Config\Cache), false)
#4 C:\wamp64\www\pos\public\index.php(37): CodeIgniter\CodeIgniter->run()
#5 {main}
CRITICAL - 2022-05-16 13:13:26 --> Undefined property: App\Controllers\Pagos::$sum
#0 C:\wamp64\www\pos\app\Controllers\Pagos.php(99): CodeIgniter\Debug\Exceptions->errorHandler(8, 'Undefined prope...', 'C:\\wamp64\\www\\p...', 99, Array)
#1 C:\wamp64\www\pos\system\CodeIgniter.php(832): App\Controllers\Pagos->nuevo('1')
#2 C:\wamp64\www\pos\system\CodeIgniter.php(419): CodeIgniter\CodeIgniter->runController(Object(App\Controllers\Pagos))
#3 C:\wamp64\www\pos\system\CodeIgniter.php(326): CodeIgniter\CodeIgniter->handleRequest(NULL, Object(Config\Cache), false)
#4 C:\wamp64\www\pos\public\index.php(37): CodeIgniter\CodeIgniter->run()
#5 {main}
CRITICAL - 2022-05-16 13:13:27 --> Undefined property: App\Controllers\Pagos::$sum
#0 C:\wamp64\www\pos\app\Controllers\Pagos.php(99): CodeIgniter\Debug\Exceptions->errorHandler(8, 'Undefined prope...', 'C:\\wamp64\\www\\p...', 99, Array)
#1 C:\wamp64\www\pos\system\CodeIgniter.php(832): App\Controllers\Pagos->nuevo('1')
#2 C:\wamp64\www\pos\system\CodeIgniter.php(419): CodeIgniter\CodeIgniter->runController(Object(App\Controllers\Pagos))
#3 C:\wamp64\www\pos\system\CodeIgniter.php(326): CodeIgniter\CodeIgniter->handleRequest(NULL, Object(Config\Cache), false)
#4 C:\wamp64\www\pos\public\index.php(37): CodeIgniter\CodeIgniter->run()
#5 {main}
CRITICAL - 2022-05-16 13:14:12 --> syntax error, unexpected end of file
#0 C:\wamp64\www\pos\system\Autoloader\Autoloader.php(241): CodeIgniter\Autoloader\Autoloader->includeFile('C:\\wamp64\\www\\p...')
#1 C:\wamp64\www\pos\system\Autoloader\Autoloader.php(219): CodeIgniter\Autoloader\Autoloader->loadInNamespace('App\\Models\\Pago...')
#2 [internal function]: CodeIgniter\Autoloader\Autoloader->loadClass('App\\Models\\Pago...')
#3 C:\wamp64\www\pos\app\Controllers\Pagos.php(19): spl_autoload_call('App\\Models\\Pago...')
#4 C:\wamp64\www\pos\system\CodeIgniter.php(809): App\Controllers\Pagos->__construct()
#5 C:\wamp64\www\pos\system\CodeIgniter.php(410): CodeIgniter\CodeIgniter->createController()
#6 C:\wamp64\www\pos\system\CodeIgniter.php(326): CodeIgniter\CodeIgniter->handleRequest(NULL, Object(Config\Cache), false)
#7 C:\wamp64\www\pos\public\index.php(37): CodeIgniter\CodeIgniter->run()
#8 {main}
CRITICAL - 2022-05-16 13:14:58 --> Object of class App\Models\PagosModel could not be converted to string
#0 C:\wamp64\www\pos\system\View\View.php(210): include()
#1 C:\wamp64\www\pos\system\View\View.php(213): CodeIgniter\View\View->CodeIgniter\View\{closure}()
#2 C:\wamp64\www\pos\system\Common.php(1089): CodeIgniter\View\View->render('pagos/nuevo', Array, true)
#3 C:\wamp64\www\pos\app\Controllers\Pagos.php(106): view('pagos/nuevo', Array)
#4 C:\wamp64\www\pos\system\CodeIgniter.php(832): App\Controllers\Pagos->nuevo('1')
#5 C:\wamp64\www\pos\system\CodeIgniter.php(419): CodeIgniter\CodeIgniter->runController(Object(App\Controllers\Pagos))
#6 C:\wamp64\www\pos\system\CodeIgniter.php(326): CodeIgniter\CodeIgniter->handleRequest(NULL, Object(Config\Cache), false)
#7 C:\wamp64\www\pos\public\index.php(37): CodeIgniter\CodeIgniter->run()
#8 {main}
CRITICAL - 2022-05-16 13:15:18 --> Array to string conversion
#0 C:\wamp64\www\pos\app\Views\pagos\nuevo.php(21): CodeIgniter\Debug\Exceptions->errorHandler(8, 'Array to string...', 'C:\\wamp64\\www\\p...', 21, Array)
#1 C:\wamp64\www\pos\system\View\View.php(210): include('C:\\wamp64\\www\\p...')
#2 C:\wamp64\www\pos\system\View\View.php(213): CodeIgniter\View\View->CodeIgniter\View\{closure}()
#3 C:\wamp64\www\pos\system\Common.php(1089): CodeIgniter\View\View->render('pagos/nuevo', Array, true)
#4 C:\wamp64\www\pos\app\Controllers\Pagos.php(106): view('pagos/nuevo', Array)
#5 C:\wamp64\www\pos\system\CodeIgniter.php(832): App\Controllers\Pagos->nuevo('1')
#6 C:\wamp64\www\pos\system\CodeIgniter.php(419): CodeIgniter\CodeIgniter->runController(Object(App\Controllers\Pagos))
#7 C:\wamp64\www\pos\system\CodeIgniter.php(326): CodeIgniter\CodeIgniter->handleRequest(NULL, Object(Config\Cache), false)
#8 C:\wamp64\www\pos\public\index.php(37): CodeIgniter\CodeIgniter->run()
#9 {main}
CRITICAL - 2022-05-16 13:15:59 --> Use of undefined constant monto - assumed 'monto' (this will throw an Error in a future version of PHP)
#0 C:\wamp64\www\pos\app\Views\pagos\nuevo.php(21): CodeIgniter\Debug\Exceptions->errorHandler(2, 'Use of undefine...', 'C:\\wamp64\\www\\p...', 21, Array)
#1 C:\wamp64\www\pos\system\View\View.php(210): include('C:\\wamp64\\www\\p...')
#2 C:\wamp64\www\pos\system\View\View.php(213): CodeIgniter\View\View->CodeIgniter\View\{closure}()
#3 C:\wamp64\www\pos\system\Common.php(1089): CodeIgniter\View\View->render('pagos/nuevo', Array, true)
#4 C:\wamp64\www\pos\app\Controllers\Pagos.php(106): view('pagos/nuevo', Array)
#5 C:\wamp64\www\pos\system\CodeIgniter.php(832): App\Controllers\Pagos->nuevo('1')
#6 C:\wamp64\www\pos\system\CodeIgniter.php(419): CodeIgniter\CodeIgniter->runController(Object(App\Controllers\Pagos))
#7 C:\wamp64\www\pos\system\CodeIgniter.php(326): CodeIgniter\CodeIgniter->handleRequest(NULL, Object(Config\Cache), false)
#8 C:\wamp64\www\pos\public\index.php(37): CodeIgniter\CodeIgniter->run()
#9 {main}
CRITICAL - 2022-05-16 13:16:00 --> Use of undefined constant monto - assumed 'monto' (this will throw an Error in a future version of PHP)
#0 C:\wamp64\www\pos\app\Views\pagos\nuevo.php(21): CodeIgniter\Debug\Exceptions->errorHandler(2, 'Use of undefine...', 'C:\\wamp64\\www\\p...', 21, Array)
#1 C:\wamp64\www\pos\system\View\View.php(210): include('C:\\wamp64\\www\\p...')
#2 C:\wamp64\www\pos\system\View\View.php(213): CodeIgniter\View\View->CodeIgniter\View\{closure}()
#3 C:\wamp64\www\pos\system\Common.php(1089): CodeIgniter\View\View->render('pagos/nuevo', Array, true)
#4 C:\wamp64\www\pos\app\Controllers\Pagos.php(106): view('pagos/nuevo', Array)
#5 C:\wamp64\www\pos\system\CodeIgniter.php(832): App\Controllers\Pagos->nuevo('1')
#6 C:\wamp64\www\pos\system\CodeIgniter.php(419): CodeIgniter\CodeIgniter->runController(Object(App\Controllers\Pagos))
#7 C:\wamp64\www\pos\system\CodeIgniter.php(326): CodeIgniter\CodeIgniter->handleRequest(NULL, Object(Config\Cache), false)
#8 C:\wamp64\www\pos\public\index.php(37): CodeIgniter\CodeIgniter->run()
#9 {main}
