CRITICAL - 2022-05-02 08:30:20 --> Invalid file: ventas/caja.php
#0 C:\wamp64\www\pos\system\View\View.php(198): CodeIgniter\Exceptions\FrameworkException::forInvalidFile('ventas/caja.php')
#1 C:\wamp64\www\pos\system\Common.php(1089): CodeIgniter\View\View->render('ventas/caja', Array, true)
#2 C:\wamp64\www\pos\app\Controllers\Ventas.php(42): view('ventas/caja')
#3 C:\wamp64\www\pos\system\CodeIgniter.php(832): App\Controllers\Ventas->venta()
#4 C:\wamp64\www\pos\system\CodeIgniter.php(419): CodeIgniter\CodeIgniter->runController(Object(App\Controllers\Ventas))
#5 C:\wamp64\www\pos\system\CodeIgniter.php(326): CodeIgniter\CodeIgniter->handleRequest(NULL, Object(Config\Cache), false)
#6 C:\wamp64\www\pos\public\index.php(37): CodeIgniter\CodeIgniter->run()
#7 {main}
CRITICAL - 2022-05-02 09:35:23 --> Undefined variable: id_compra
#0 C:\wamp64\www\pos\app\Views\ventas\caja.php(38): CodeIgniter\Debug\Exceptions->errorHandler(8, 'Undefined varia...', 'C:\\wamp64\\www\\p...', 38, Array)
#1 C:\wamp64\www\pos\system\View\View.php(210): include('C:\\wamp64\\www\\p...')
#2 C:\wamp64\www\pos\system\View\View.php(213): CodeIgniter\View\View->CodeIgniter\View\{closure}()
#3 C:\wamp64\www\pos\system\Common.php(1089): CodeIgniter\View\View->render('ventas/caja', Array, true)
#4 C:\wamp64\www\pos\app\Controllers\Ventas.php(42): view('ventas/caja')
#5 C:\wamp64\www\pos\system\CodeIgniter.php(832): App\Controllers\Ventas->venta()
#6 C:\wamp64\www\pos\system\CodeIgniter.php(419): CodeIgniter\CodeIgniter->runController(Object(App\Controllers\Ventas))
#7 C:\wamp64\www\pos\system\CodeIgniter.php(326): CodeIgniter\CodeIgniter->handleRequest(NULL, Object(Config\Cache), false)
#8 C:\wamp64\www\pos\public\index.php(37): CodeIgniter\CodeIgniter->run()
#9 {main}
ERROR - 2022-05-02 15:44:55 --> Column 'id_usuario' cannot be null
CRITICAL - 2022-05-02 15:44:55 --> Column 'id_usuario' cannot be null
#0 C:\wamp64\www\pos\system\Database\MySQLi\Connection.php(292): mysqli->query('INSERT INTO `co...', 0)
#1 C:\wamp64\www\pos\system\Database\BaseConnection.php(670): CodeIgniter\Database\MySQLi\Connection->execute('INSERT INTO `co...')
#2 C:\wamp64\www\pos\system\Database\BaseConnection.php(598): CodeIgniter\Database\BaseConnection->simpleQuery('INSERT INTO `co...')
#3 C:\wamp64\www\pos\system\Database\BaseBuilder.php(1771): CodeIgniter\Database\BaseConnection->query('INSERT INTO `co...', Array, false)
#4 C:\wamp64\www\pos\system\Model.php(239): CodeIgniter\Database\BaseBuilder->insert()
#5 C:\wamp64\www\pos\system\BaseModel.php(738): CodeIgniter\Model->doInsert(Array)
#6 C:\wamp64\www\pos\system\Model.php(625): CodeIgniter\BaseModel->insert(Array, true)
#7 C:\wamp64\www\pos\app\Models\ComprasModel.php(32): CodeIgniter\Model->insert(Array)
#8 C:\wamp64\www\pos\app\Controllers\Compras.php(63): App\Models\ComprasModel->insertaCompra('627042be7e77d', '4800', NULL)
#9 C:\wamp64\www\pos\system\CodeIgniter.php(832): App\Controllers\Compras->guarda()
#10 C:\wamp64\www\pos\system\CodeIgniter.php(419): CodeIgniter\CodeIgniter->runController(Object(App\Controllers\Compras))
#11 C:\wamp64\www\pos\system\CodeIgniter.php(326): CodeIgniter\CodeIgniter->handleRequest(NULL, Object(Config\Cache), false)
#12 C:\wamp64\www\pos\public\index.php(37): CodeIgniter\CodeIgniter->run()
#13 {main}
