CRITICAL - 2022-04-18 11:18:54 --> syntax error, unexpected ';', expecting ']'
#0 C:\wamp64\www\pos\system\Router\Router.php(175): CodeIgniter\Router\Router->autoRoute('clientes')
#1 C:\wamp64\www\pos\system\CodeIgniter.php(726): CodeIgniter\Router\Router->handle('clientes')
#2 C:\wamp64\www\pos\system\CodeIgniter.php(368): CodeIgniter\CodeIgniter->tryToRouteIt(Object(CodeIgniter\Router\RouteCollection))
#3 C:\wamp64\www\pos\system\CodeIgniter.php(326): CodeIgniter\CodeIgniter->handleRequest(NULL, Object(Config\Cache), false)
#4 C:\wamp64\www\pos\public\index.php(37): CodeIgniter\CodeIgniter->run()
#5 {main}
CRITICAL - 2022-04-18 11:19:34 --> syntax error, unexpected 'echo' (T_ECHO), expecting ']'
#0 C:\wamp64\www\pos\system\Router\Router.php(175): CodeIgniter\Router\Router->autoRoute('clientes')
#1 C:\wamp64\www\pos\system\CodeIgniter.php(726): CodeIgniter\Router\Router->handle('clientes')
#2 C:\wamp64\www\pos\system\CodeIgniter.php(368): CodeIgniter\CodeIgniter->tryToRouteIt(Object(CodeIgniter\Router\RouteCollection))
#3 C:\wamp64\www\pos\system\CodeIgniter.php(326): CodeIgniter\CodeIgniter->handleRequest(NULL, Object(Config\Cache), false)
#4 C:\wamp64\www\pos\public\index.php(37): CodeIgniter\CodeIgniter->run()
#5 {main}
CRITICAL - 2022-04-18 11:19:46 --> syntax error, unexpected ';', expecting ']'
#0 C:\wamp64\www\pos\system\Router\Router.php(175): CodeIgniter\Router\Router->autoRoute('clientes')
#1 C:\wamp64\www\pos\system\CodeIgniter.php(726): CodeIgniter\Router\Router->handle('clientes')
#2 C:\wamp64\www\pos\system\CodeIgniter.php(368): CodeIgniter\CodeIgniter->tryToRouteIt(Object(CodeIgniter\Router\RouteCollection))
#3 C:\wamp64\www\pos\system\CodeIgniter.php(326): CodeIgniter\CodeIgniter->handleRequest(NULL, Object(Config\Cache), false)
#4 C:\wamp64\www\pos\public\index.php(37): CodeIgniter\CodeIgniter->run()
#5 {main}
CRITICAL - 2022-04-18 11:23:53 --> Undefined variable: producto
#0 C:\wamp64\www\pos\app\Views\clientes\editar.php(9): CodeIgniter\Debug\Exceptions->errorHandler(8, 'Undefined varia...', 'C:\\wamp64\\www\\p...', 9, Array)
#1 C:\wamp64\www\pos\system\View\View.php(210): include('C:\\wamp64\\www\\p...')
#2 C:\wamp64\www\pos\system\View\View.php(213): CodeIgniter\View\View->CodeIgniter\View\{closure}()
#3 C:\wamp64\www\pos\system\Common.php(1089): CodeIgniter\View\View->render('clientes/editar', Array, true)
#4 C:\wamp64\www\pos\app\Controllers\Clientes.php(93): view('clientes/editar', Array)
#5 C:\wamp64\www\pos\system\CodeIgniter.php(832): App\Controllers\Clientes->editar('4')
#6 C:\wamp64\www\pos\system\CodeIgniter.php(419): CodeIgniter\CodeIgniter->runController(Object(App\Controllers\Clientes))
#7 C:\wamp64\www\pos\system\CodeIgniter.php(326): CodeIgniter\CodeIgniter->handleRequest(NULL, Object(Config\Cache), false)
#8 C:\wamp64\www\pos\public\index.php(37): CodeIgniter\CodeIgniter->run()
#9 {main}
CRITICAL - 2022-04-18 12:19:12 --> Invalid file: configuracion/configuracion.php
#0 C:\wamp64\www\pos\system\View\View.php(198): CodeIgniter\Exceptions\FrameworkException::forInvalidFile('configuracion/c...')
#1 C:\wamp64\www\pos\system\Common.php(1089): CodeIgniter\View\View->render('configuracion/c...', Array, true)
#2 C:\wamp64\www\pos\app\Controllers\Configuracion.php(42): view('configuracion/c...')
#3 C:\wamp64\www\pos\system\CodeIgniter.php(832): App\Controllers\Configuracion->index()
#4 C:\wamp64\www\pos\system\CodeIgniter.php(419): CodeIgniter\CodeIgniter->runController(Object(App\Controllers\Configuracion))
#5 C:\wamp64\www\pos\system\CodeIgniter.php(326): CodeIgniter\CodeIgniter->handleRequest(NULL, Object(Config\Cache), false)
#6 C:\wamp64\www\pos\public\index.php(37): CodeIgniter\CodeIgniter->run()
#7 {main}
CRITICAL - 2022-04-18 12:20:09 --> Invalid file: configuracion/configuracion.php
#0 C:\wamp64\www\pos\system\View\View.php(198): CodeIgniter\Exceptions\FrameworkException::forInvalidFile('configuracion/c...')
#1 C:\wamp64\www\pos\system\Common.php(1089): CodeIgniter\View\View->render('configuracion/c...', Array, true)
#2 C:\wamp64\www\pos\app\Controllers\Configuracion.php(42): view('configuracion/c...')
#3 C:\wamp64\www\pos\system\CodeIgniter.php(832): App\Controllers\Configuracion->index()
#4 C:\wamp64\www\pos\system\CodeIgniter.php(419): CodeIgniter\CodeIgniter->runController(Object(App\Controllers\Configuracion))
#5 C:\wamp64\www\pos\system\CodeIgniter.php(326): CodeIgniter\CodeIgniter->handleRequest(NULL, Object(Config\Cache), false)
#6 C:\wamp64\www\pos\public\index.php(37): CodeIgniter\CodeIgniter->run()
#7 {main}
CRITICAL - 2022-04-18 12:22:35 --> Undefined variable: titulo
#0 C:\wamp64\www\pos\app\Views\configuracion\configuracion.php(4): CodeIgniter\Debug\Exceptions->errorHandler(8, 'Undefined varia...', 'C:\\wamp64\\www\\p...', 4, Array)
#1 C:\wamp64\www\pos\system\View\View.php(210): include('C:\\wamp64\\www\\p...')
#2 C:\wamp64\www\pos\system\View\View.php(213): CodeIgniter\View\View->CodeIgniter\View\{closure}()
#3 C:\wamp64\www\pos\system\Common.php(1089): CodeIgniter\View\View->render('configuracion/c...', Array, true)
#4 C:\wamp64\www\pos\app\Controllers\Configuracion.php(42): view('configuracion/c...')
#5 C:\wamp64\www\pos\system\CodeIgniter.php(832): App\Controllers\Configuracion->index()
#6 C:\wamp64\www\pos\system\CodeIgniter.php(419): CodeIgniter\CodeIgniter->runController(Object(App\Controllers\Configuracion))
#7 C:\wamp64\www\pos\system\CodeIgniter.php(326): CodeIgniter\CodeIgniter->handleRequest(NULL, Object(Config\Cache), false)
#8 C:\wamp64\www\pos\public\index.php(37): CodeIgniter\CodeIgniter->run()
#9 {main}
CRITICAL - 2022-04-18 12:24:38 --> Undefined variable: datos
#0 C:\wamp64\www\pos\app\Views\configuracion\configuracion.php(27): CodeIgniter\Debug\Exceptions->errorHandler(8, 'Undefined varia...', 'C:\\wamp64\\www\\p...', 27, Array)
#1 C:\wamp64\www\pos\system\View\View.php(210): include('C:\\wamp64\\www\\p...')
#2 C:\wamp64\www\pos\system\View\View.php(213): CodeIgniter\View\View->CodeIgniter\View\{closure}()
#3 C:\wamp64\www\pos\system\Common.php(1089): CodeIgniter\View\View->render('configuracion/c...', Array, true)
#4 C:\wamp64\www\pos\app\Controllers\Configuracion.php(42): view('configuracion/c...', Array)
#5 C:\wamp64\www\pos\system\CodeIgniter.php(832): App\Controllers\Configuracion->index()
#6 C:\wamp64\www\pos\system\CodeIgniter.php(419): CodeIgniter\CodeIgniter->runController(Object(App\Controllers\Configuracion))
#7 C:\wamp64\www\pos\system\CodeIgniter.php(326): CodeIgniter\CodeIgniter->handleRequest(NULL, Object(Config\Cache), false)
#8 C:\wamp64\www\pos\public\index.php(37): CodeIgniter\CodeIgniter->run()
#9 {main}
CRITICAL - 2022-04-18 12:24:39 --> Undefined variable: datos
#0 C:\wamp64\www\pos\app\Views\configuracion\configuracion.php(27): CodeIgniter\Debug\Exceptions->errorHandler(8, 'Undefined varia...', 'C:\\wamp64\\www\\p...', 27, Array)
#1 C:\wamp64\www\pos\system\View\View.php(210): include('C:\\wamp64\\www\\p...')
#2 C:\wamp64\www\pos\system\View\View.php(213): CodeIgniter\View\View->CodeIgniter\View\{closure}()
#3 C:\wamp64\www\pos\system\Common.php(1089): CodeIgniter\View\View->render('configuracion/c...', Array, true)
#4 C:\wamp64\www\pos\app\Controllers\Configuracion.php(42): view('configuracion/c...', Array)
#5 C:\wamp64\www\pos\system\CodeIgniter.php(832): App\Controllers\Configuracion->index()
#6 C:\wamp64\www\pos\system\CodeIgniter.php(419): CodeIgniter\CodeIgniter->runController(Object(App\Controllers\Configuracion))
#7 C:\wamp64\www\pos\system\CodeIgniter.php(326): CodeIgniter\CodeIgniter->handleRequest(NULL, Object(Config\Cache), false)
#8 C:\wamp64\www\pos\public\index.php(37): CodeIgniter\CodeIgniter->run()
#9 {main}
CRITICAL - 2022-04-18 13:02:27 --> Trying to access array offset on value of type null
#0 C:\wamp64\www\pos\app\Views\configuracion\configuracion.php(52): CodeIgniter\Debug\Exceptions->errorHandler(8, 'Trying to acces...', 'C:\\wamp64\\www\\p...', 52, Array)
#1 C:\wamp64\www\pos\system\View\View.php(210): include('C:\\wamp64\\www\\p...')
#2 C:\wamp64\www\pos\system\View\View.php(213): CodeIgniter\View\View->CodeIgniter\View\{closure}()
#3 C:\wamp64\www\pos\system\Common.php(1089): CodeIgniter\View\View->render('configuracion/c...', Array, true)
#4 C:\wamp64\www\pos\app\Controllers\Configuracion.php(47): view('configuracion/c...', Array)
#5 C:\wamp64\www\pos\system\CodeIgniter.php(832): App\Controllers\Configuracion->index()
#6 C:\wamp64\www\pos\system\CodeIgniter.php(419): CodeIgniter\CodeIgniter->runController(Object(App\Controllers\Configuracion))
#7 C:\wamp64\www\pos\system\CodeIgniter.php(326): CodeIgniter\CodeIgniter->handleRequest(NULL, Object(Config\Cache), false)
#8 C:\wamp64\www\pos\public\index.php(37): CodeIgniter\CodeIgniter->run()
#9 {main}
CRITICAL - 2022-04-18 13:04:48 --> Trying to access array offset on value of type null
#0 C:\wamp64\www\pos\app\Views\configuracion\configuracion.php(52): CodeIgniter\Debug\Exceptions->errorHandler(8, 'Trying to acces...', 'C:\\wamp64\\www\\p...', 52, Array)
#1 C:\wamp64\www\pos\system\View\View.php(210): include('C:\\wamp64\\www\\p...')
#2 C:\wamp64\www\pos\system\View\View.php(213): CodeIgniter\View\View->CodeIgniter\View\{closure}()
#3 C:\wamp64\www\pos\system\Common.php(1089): CodeIgniter\View\View->render('configuracion/c...', Array, true)
#4 C:\wamp64\www\pos\app\Controllers\Configuracion.php(47): view('configuracion/c...', Array)
#5 C:\wamp64\www\pos\system\CodeIgniter.php(832): App\Controllers\Configuracion->index()
#6 C:\wamp64\www\pos\system\CodeIgniter.php(419): CodeIgniter\CodeIgniter->runController(Object(App\Controllers\Configuracion))
#7 C:\wamp64\www\pos\system\CodeIgniter.php(326): CodeIgniter\CodeIgniter->handleRequest(NULL, Object(Config\Cache), false)
#8 C:\wamp64\www\pos\public\index.php(37): CodeIgniter\CodeIgniter->run()
#9 {main}
CRITICAL - 2022-04-18 13:04:49 --> Trying to access array offset on value of type null
#0 C:\wamp64\www\pos\app\Views\configuracion\configuracion.php(52): CodeIgniter\Debug\Exceptions->errorHandler(8, 'Trying to acces...', 'C:\\wamp64\\www\\p...', 52, Array)
#1 C:\wamp64\www\pos\system\View\View.php(210): include('C:\\wamp64\\www\\p...')
#2 C:\wamp64\www\pos\system\View\View.php(213): CodeIgniter\View\View->CodeIgniter\View\{closure}()
#3 C:\wamp64\www\pos\system\Common.php(1089): CodeIgniter\View\View->render('configuracion/c...', Array, true)
#4 C:\wamp64\www\pos\app\Controllers\Configuracion.php(47): view('configuracion/c...', Array)
#5 C:\wamp64\www\pos\system\CodeIgniter.php(832): App\Controllers\Configuracion->index()
#6 C:\wamp64\www\pos\system\CodeIgniter.php(419): CodeIgniter\CodeIgniter->runController(Object(App\Controllers\Configuracion))
#7 C:\wamp64\www\pos\system\CodeIgniter.php(326): CodeIgniter\CodeIgniter->handleRequest(NULL, Object(Config\Cache), false)
#8 C:\wamp64\www\pos\public\index.php(37): CodeIgniter\CodeIgniter->run()
#9 {main}
CRITICAL - 2022-04-18 13:04:49 --> Trying to access array offset on value of type null
#0 C:\wamp64\www\pos\app\Views\configuracion\configuracion.php(52): CodeIgniter\Debug\Exceptions->errorHandler(8, 'Trying to acces...', 'C:\\wamp64\\www\\p...', 52, Array)
#1 C:\wamp64\www\pos\system\View\View.php(210): include('C:\\wamp64\\www\\p...')
#2 C:\wamp64\www\pos\system\View\View.php(213): CodeIgniter\View\View->CodeIgniter\View\{closure}()
#3 C:\wamp64\www\pos\system\Common.php(1089): CodeIgniter\View\View->render('configuracion/c...', Array, true)
#4 C:\wamp64\www\pos\app\Controllers\Configuracion.php(47): view('configuracion/c...', Array)
#5 C:\wamp64\www\pos\system\CodeIgniter.php(832): App\Controllers\Configuracion->index()
#6 C:\wamp64\www\pos\system\CodeIgniter.php(419): CodeIgniter\CodeIgniter->runController(Object(App\Controllers\Configuracion))
#7 C:\wamp64\www\pos\system\CodeIgniter.php(326): CodeIgniter\CodeIgniter->handleRequest(NULL, Object(Config\Cache), false)
#8 C:\wamp64\www\pos\public\index.php(37): CodeIgniter\CodeIgniter->run()
#9 {main}
CRITICAL - 2022-04-18 13:04:50 --> Trying to access array offset on value of type null
#0 C:\wamp64\www\pos\app\Views\configuracion\configuracion.php(52): CodeIgniter\Debug\Exceptions->errorHandler(8, 'Trying to acces...', 'C:\\wamp64\\www\\p...', 52, Array)
#1 C:\wamp64\www\pos\system\View\View.php(210): include('C:\\wamp64\\www\\p...')
#2 C:\wamp64\www\pos\system\View\View.php(213): CodeIgniter\View\View->CodeIgniter\View\{closure}()
#3 C:\wamp64\www\pos\system\Common.php(1089): CodeIgniter\View\View->render('configuracion/c...', Array, true)
#4 C:\wamp64\www\pos\app\Controllers\Configuracion.php(47): view('configuracion/c...', Array)
#5 C:\wamp64\www\pos\system\CodeIgniter.php(832): App\Controllers\Configuracion->index()
#6 C:\wamp64\www\pos\system\CodeIgniter.php(419): CodeIgniter\CodeIgniter->runController(Object(App\Controllers\Configuracion))
#7 C:\wamp64\www\pos\system\CodeIgniter.php(326): CodeIgniter\CodeIgniter->handleRequest(NULL, Object(Config\Cache), false)
#8 C:\wamp64\www\pos\public\index.php(37): CodeIgniter\CodeIgniter->run()
#9 {main}
CRITICAL - 2022-04-18 13:05:12 --> Trying to access array offset on value of type null
#0 C:\wamp64\www\pos\app\Views\configuracion\configuracion.php(52): CodeIgniter\Debug\Exceptions->errorHandler(8, 'Trying to acces...', 'C:\\wamp64\\www\\p...', 52, Array)
#1 C:\wamp64\www\pos\system\View\View.php(210): include('C:\\wamp64\\www\\p...')
#2 C:\wamp64\www\pos\system\View\View.php(213): CodeIgniter\View\View->CodeIgniter\View\{closure}()
#3 C:\wamp64\www\pos\system\Common.php(1089): CodeIgniter\View\View->render('configuracion/c...', Array, true)
#4 C:\wamp64\www\pos\app\Controllers\Configuracion.php(47): view('configuracion/c...', Array)
#5 C:\wamp64\www\pos\system\CodeIgniter.php(832): App\Controllers\Configuracion->index()
#6 C:\wamp64\www\pos\system\CodeIgniter.php(419): CodeIgniter\CodeIgniter->runController(Object(App\Controllers\Configuracion))
#7 C:\wamp64\www\pos\system\CodeIgniter.php(326): CodeIgniter\CodeIgniter->handleRequest(NULL, Object(Config\Cache), false)
#8 C:\wamp64\www\pos\public\index.php(37): CodeIgniter\CodeIgniter->run()
#9 {main}
CRITICAL - 2022-04-18 13:05:13 --> Trying to access array offset on value of type null
#0 C:\wamp64\www\pos\app\Views\configuracion\configuracion.php(52): CodeIgniter\Debug\Exceptions->errorHandler(8, 'Trying to acces...', 'C:\\wamp64\\www\\p...', 52, Array)
#1 C:\wamp64\www\pos\system\View\View.php(210): include('C:\\wamp64\\www\\p...')
#2 C:\wamp64\www\pos\system\View\View.php(213): CodeIgniter\View\View->CodeIgniter\View\{closure}()
#3 C:\wamp64\www\pos\system\Common.php(1089): CodeIgniter\View\View->render('configuracion/c...', Array, true)
#4 C:\wamp64\www\pos\app\Controllers\Configuracion.php(47): view('configuracion/c...', Array)
#5 C:\wamp64\www\pos\system\CodeIgniter.php(832): App\Controllers\Configuracion->index()
#6 C:\wamp64\www\pos\system\CodeIgniter.php(419): CodeIgniter\CodeIgniter->runController(Object(App\Controllers\Configuracion))
#7 C:\wamp64\www\pos\system\CodeIgniter.php(326): CodeIgniter\CodeIgniter->handleRequest(NULL, Object(Config\Cache), false)
#8 C:\wamp64\www\pos\public\index.php(37): CodeIgniter\CodeIgniter->run()
#9 {main}
CRITICAL - 2022-04-18 13:05:55 --> Trying to access array offset on value of type null
#0 C:\wamp64\www\pos\app\Views\configuracion\configuracion.php(52): CodeIgniter\Debug\Exceptions->errorHandler(8, 'Trying to acces...', 'C:\\wamp64\\www\\p...', 52, Array)
#1 C:\wamp64\www\pos\system\View\View.php(210): include('C:\\wamp64\\www\\p...')
#2 C:\wamp64\www\pos\system\View\View.php(213): CodeIgniter\View\View->CodeIgniter\View\{closure}()
#3 C:\wamp64\www\pos\system\Common.php(1089): CodeIgniter\View\View->render('configuracion/c...', Array, true)
#4 C:\wamp64\www\pos\app\Controllers\Configuracion.php(47): view('configuracion/c...', Array)
#5 C:\wamp64\www\pos\system\CodeIgniter.php(832): App\Controllers\Configuracion->index()
#6 C:\wamp64\www\pos\system\CodeIgniter.php(419): CodeIgniter\CodeIgniter->runController(Object(App\Controllers\Configuracion))
#7 C:\wamp64\www\pos\system\CodeIgniter.php(326): CodeIgniter\CodeIgniter->handleRequest(NULL, Object(Config\Cache), false)
#8 C:\wamp64\www\pos\public\index.php(37): CodeIgniter\CodeIgniter->run()
#9 {main}
CRITICAL - 2022-04-18 13:05:56 --> Trying to access array offset on value of type null
#0 C:\wamp64\www\pos\app\Views\configuracion\configuracion.php(52): CodeIgniter\Debug\Exceptions->errorHandler(8, 'Trying to acces...', 'C:\\wamp64\\www\\p...', 52, Array)
#1 C:\wamp64\www\pos\system\View\View.php(210): include('C:\\wamp64\\www\\p...')
#2 C:\wamp64\www\pos\system\View\View.php(213): CodeIgniter\View\View->CodeIgniter\View\{closure}()
#3 C:\wamp64\www\pos\system\Common.php(1089): CodeIgniter\View\View->render('configuracion/c...', Array, true)
#4 C:\wamp64\www\pos\app\Controllers\Configuracion.php(47): view('configuracion/c...', Array)
#5 C:\wamp64\www\pos\system\CodeIgniter.php(832): App\Controllers\Configuracion->index()
#6 C:\wamp64\www\pos\system\CodeIgniter.php(419): CodeIgniter\CodeIgniter->runController(Object(App\Controllers\Configuracion))
#7 C:\wamp64\www\pos\system\CodeIgniter.php(326): CodeIgniter\CodeIgniter->handleRequest(NULL, Object(Config\Cache), false)
#8 C:\wamp64\www\pos\public\index.php(37): CodeIgniter\CodeIgniter->run()
#9 {main}
CRITICAL - 2022-04-18 13:05:56 --> Trying to access array offset on value of type null
#0 C:\wamp64\www\pos\app\Views\configuracion\configuracion.php(52): CodeIgniter\Debug\Exceptions->errorHandler(8, 'Trying to acces...', 'C:\\wamp64\\www\\p...', 52, Array)
#1 C:\wamp64\www\pos\system\View\View.php(210): include('C:\\wamp64\\www\\p...')
#2 C:\wamp64\www\pos\system\View\View.php(213): CodeIgniter\View\View->CodeIgniter\View\{closure}()
#3 C:\wamp64\www\pos\system\Common.php(1089): CodeIgniter\View\View->render('configuracion/c...', Array, true)
#4 C:\wamp64\www\pos\app\Controllers\Configuracion.php(47): view('configuracion/c...', Array)
#5 C:\wamp64\www\pos\system\CodeIgniter.php(832): App\Controllers\Configuracion->index()
#6 C:\wamp64\www\pos\system\CodeIgniter.php(419): CodeIgniter\CodeIgniter->runController(Object(App\Controllers\Configuracion))
#7 C:\wamp64\www\pos\system\CodeIgniter.php(326): CodeIgniter\CodeIgniter->handleRequest(NULL, Object(Config\Cache), false)
#8 C:\wamp64\www\pos\public\index.php(37): CodeIgniter\CodeIgniter->run()
#9 {main}
CRITICAL - 2022-04-18 13:07:39 --> Trying to access array offset on value of type null
#0 C:\wamp64\www\pos\app\Views\configuracion\configuracion.php(52): CodeIgniter\Debug\Exceptions->errorHandler(8, 'Trying to acces...', 'C:\\wamp64\\www\\p...', 52, Array)
#1 C:\wamp64\www\pos\system\View\View.php(210): include('C:\\wamp64\\www\\p...')
#2 C:\wamp64\www\pos\system\View\View.php(213): CodeIgniter\View\View->CodeIgniter\View\{closure}()
#3 C:\wamp64\www\pos\system\Common.php(1089): CodeIgniter\View\View->render('configuracion/c...', Array, true)
#4 C:\wamp64\www\pos\app\Controllers\Configuracion.php(47): view('configuracion/c...', Array)
#5 C:\wamp64\www\pos\system\CodeIgniter.php(832): App\Controllers\Configuracion->index()
#6 C:\wamp64\www\pos\system\CodeIgniter.php(419): CodeIgniter\CodeIgniter->runController(Object(App\Controllers\Configuracion))
#7 C:\wamp64\www\pos\system\CodeIgniter.php(326): CodeIgniter\CodeIgniter->handleRequest(NULL, Object(Config\Cache), false)
#8 C:\wamp64\www\pos\public\index.php(37): CodeIgniter\CodeIgniter->run()
#9 {main}
CRITICAL - 2022-04-18 13:08:02 --> Trying to access array offset on value of type null
#0 C:\wamp64\www\pos\app\Views\configuracion\configuracion.php(52): CodeIgniter\Debug\Exceptions->errorHandler(8, 'Trying to acces...', 'C:\\wamp64\\www\\p...', 52, Array)
#1 C:\wamp64\www\pos\system\View\View.php(210): include('C:\\wamp64\\www\\p...')
#2 C:\wamp64\www\pos\system\View\View.php(213): CodeIgniter\View\View->CodeIgniter\View\{closure}()
#3 C:\wamp64\www\pos\system\Common.php(1089): CodeIgniter\View\View->render('configuracion/c...', Array, true)
#4 C:\wamp64\www\pos\app\Controllers\Configuracion.php(47): view('configuracion/c...', Array)
#5 C:\wamp64\www\pos\system\CodeIgniter.php(832): App\Controllers\Configuracion->index()
#6 C:\wamp64\www\pos\system\CodeIgniter.php(419): CodeIgniter\CodeIgniter->runController(Object(App\Controllers\Configuracion))
#7 C:\wamp64\www\pos\system\CodeIgniter.php(326): CodeIgniter\CodeIgniter->handleRequest(NULL, Object(Config\Cache), false)
#8 C:\wamp64\www\pos\public\index.php(37): CodeIgniter\CodeIgniter->run()
#9 {main}
CRITICAL - 2022-04-18 13:08:03 --> Trying to access array offset on value of type null
#0 C:\wamp64\www\pos\app\Views\configuracion\configuracion.php(52): CodeIgniter\Debug\Exceptions->errorHandler(8, 'Trying to acces...', 'C:\\wamp64\\www\\p...', 52, Array)
#1 C:\wamp64\www\pos\system\View\View.php(210): include('C:\\wamp64\\www\\p...')
#2 C:\wamp64\www\pos\system\View\View.php(213): CodeIgniter\View\View->CodeIgniter\View\{closure}()
#3 C:\wamp64\www\pos\system\Common.php(1089): CodeIgniter\View\View->render('configuracion/c...', Array, true)
#4 C:\wamp64\www\pos\app\Controllers\Configuracion.php(47): view('configuracion/c...', Array)
#5 C:\wamp64\www\pos\system\CodeIgniter.php(832): App\Controllers\Configuracion->index()
#6 C:\wamp64\www\pos\system\CodeIgniter.php(419): CodeIgniter\CodeIgniter->runController(Object(App\Controllers\Configuracion))
#7 C:\wamp64\www\pos\system\CodeIgniter.php(326): CodeIgniter\CodeIgniter->handleRequest(NULL, Object(Config\Cache), false)
#8 C:\wamp64\www\pos\public\index.php(37): CodeIgniter\CodeIgniter->run()
#9 {main}
CRITICAL - 2022-04-18 13:08:04 --> Trying to access array offset on value of type null
#0 C:\wamp64\www\pos\app\Views\configuracion\configuracion.php(52): CodeIgniter\Debug\Exceptions->errorHandler(8, 'Trying to acces...', 'C:\\wamp64\\www\\p...', 52, Array)
#1 C:\wamp64\www\pos\system\View\View.php(210): include('C:\\wamp64\\www\\p...')
#2 C:\wamp64\www\pos\system\View\View.php(213): CodeIgniter\View\View->CodeIgniter\View\{closure}()
#3 C:\wamp64\www\pos\system\Common.php(1089): CodeIgniter\View\View->render('configuracion/c...', Array, true)
#4 C:\wamp64\www\pos\app\Controllers\Configuracion.php(47): view('configuracion/c...', Array)
#5 C:\wamp64\www\pos\system\CodeIgniter.php(832): App\Controllers\Configuracion->index()
#6 C:\wamp64\www\pos\system\CodeIgniter.php(419): CodeIgniter\CodeIgniter->runController(Object(App\Controllers\Configuracion))
#7 C:\wamp64\www\pos\system\CodeIgniter.php(326): CodeIgniter\CodeIgniter->handleRequest(NULL, Object(Config\Cache), false)
#8 C:\wamp64\www\pos\public\index.php(37): CodeIgniter\CodeIgniter->run()
#9 {main}
CRITICAL - 2022-04-18 13:08:50 --> Trying to access array offset on value of type null
#0 C:\wamp64\www\pos\app\Views\configuracion\configuracion.php(52): CodeIgniter\Debug\Exceptions->errorHandler(8, 'Trying to acces...', 'C:\\wamp64\\www\\p...', 52, Array)
#1 C:\wamp64\www\pos\system\View\View.php(210): include('C:\\wamp64\\www\\p...')
#2 C:\wamp64\www\pos\system\View\View.php(213): CodeIgniter\View\View->CodeIgniter\View\{closure}()
#3 C:\wamp64\www\pos\system\Common.php(1089): CodeIgniter\View\View->render('configuracion/c...', Array, true)
#4 C:\wamp64\www\pos\app\Controllers\Configuracion.php(47): view('configuracion/c...', Array)
#5 C:\wamp64\www\pos\system\CodeIgniter.php(832): App\Controllers\Configuracion->index()
#6 C:\wamp64\www\pos\system\CodeIgniter.php(419): CodeIgniter\CodeIgniter->runController(Object(App\Controllers\Configuracion))
#7 C:\wamp64\www\pos\system\CodeIgniter.php(326): CodeIgniter\CodeIgniter->handleRequest(NULL, Object(Config\Cache), false)
#8 C:\wamp64\www\pos\public\index.php(37): CodeIgniter\CodeIgniter->run()
#9 {main}
CRITICAL - 2022-04-18 13:08:51 --> Trying to access array offset on value of type null
#0 C:\wamp64\www\pos\app\Views\configuracion\configuracion.php(52): CodeIgniter\Debug\Exceptions->errorHandler(8, 'Trying to acces...', 'C:\\wamp64\\www\\p...', 52, Array)
#1 C:\wamp64\www\pos\system\View\View.php(210): include('C:\\wamp64\\www\\p...')
#2 C:\wamp64\www\pos\system\View\View.php(213): CodeIgniter\View\View->CodeIgniter\View\{closure}()
#3 C:\wamp64\www\pos\system\Common.php(1089): CodeIgniter\View\View->render('configuracion/c...', Array, true)
#4 C:\wamp64\www\pos\app\Controllers\Configuracion.php(47): view('configuracion/c...', Array)
#5 C:\wamp64\www\pos\system\CodeIgniter.php(832): App\Controllers\Configuracion->index()
#6 C:\wamp64\www\pos\system\CodeIgniter.php(419): CodeIgniter\CodeIgniter->runController(Object(App\Controllers\Configuracion))
#7 C:\wamp64\www\pos\system\CodeIgniter.php(326): CodeIgniter\CodeIgniter->handleRequest(NULL, Object(Config\Cache), false)
#8 C:\wamp64\www\pos\public\index.php(37): CodeIgniter\CodeIgniter->run()
#9 {main}
ERROR - 2022-04-18 13:21:54 --> Unknown column 'fecha_edit' in 'field list'
CRITICAL - 2022-04-18 13:21:54 --> Unknown column 'fecha_edit' in 'field list'
#0 C:\wamp64\www\pos\system\Database\MySQLi\Connection.php(292): mysqli->query('UPDATE `configu...', 0)
#1 C:\wamp64\www\pos\system\Database\BaseConnection.php(670): CodeIgniter\Database\MySQLi\Connection->execute('UPDATE `configu...')
#2 C:\wamp64\www\pos\system\Database\BaseConnection.php(598): CodeIgniter\Database\BaseConnection->simpleQuery('UPDATE `configu...')
#3 C:\wamp64\www\pos\system\Database\BaseBuilder.php(1913): CodeIgniter\Database\BaseConnection->query('UPDATE `configu...', Array, false)
#4 C:\wamp64\www\pos\system\Model.php(298): CodeIgniter\Database\BaseBuilder->update()
#5 C:\wamp64\www\pos\system\BaseModel.php(865): CodeIgniter\Model->doUpdate(NULL, Array)
#6 C:\wamp64\www\pos\system\Model.php(651): CodeIgniter\BaseModel->update(NULL, Array)
#7 C:\wamp64\www\pos\app\Controllers\Configuracion.php(72): CodeIgniter\Model->update()
#8 C:\wamp64\www\pos\system\CodeIgniter.php(832): App\Controllers\Configuracion->actualizar()
#9 C:\wamp64\www\pos\system\CodeIgniter.php(419): CodeIgniter\CodeIgniter->runController(Object(App\Controllers\Configuracion))
#10 C:\wamp64\www\pos\system\CodeIgniter.php(326): CodeIgniter\CodeIgniter->handleRequest(NULL, Object(Config\Cache), false)
#11 C:\wamp64\www\pos\public\index.php(37): CodeIgniter\CodeIgniter->run()
#12 {main}
