CRITICAL - 2022-06-07 12:17:13 --> syntax error, unexpected end of file
#0 C:\wamp64\www\pos\system\View\View.php(213): CodeIgniter\View\View->CodeIgniter\View\{closure}()
#1 C:\wamp64\www\pos\system\Common.php(1089): CodeIgniter\View\View->render('pagos/pagos2', Array, true)
#2 C:\wamp64\www\pos\app\Controllers\Pagos.php(64): view('pagos/pagos2', Array)
#3 C:\wamp64\www\pos\system\CodeIgniter.php(832): App\Controllers\Pagos->index()
#4 C:\wamp64\www\pos\system\CodeIgniter.php(419): CodeIgniter\CodeIgniter->runController(Object(App\Controllers\Pagos))
#5 C:\wamp64\www\pos\system\CodeIgniter.php(326): CodeIgniter\CodeIgniter->handleRequest(NULL, Object(Config\Cache), false)
#6 C:\wamp64\www\pos\public\index.php(37): CodeIgniter\CodeIgniter->run()
#7 {main}
CRITICAL - 2022-06-07 15:14:03 --> Undefined variable: dato
#0 C:\wamp64\www\pos\app\Views\pagos\pagos.php(36): CodeIgniter\Debug\Exceptions->errorHandler(8, 'Undefined varia...', 'C:\\wamp64\\www\\p...', 36, Array)
#1 C:\wamp64\www\pos\system\View\View.php(210): include('C:\\wamp64\\www\\p...')
#2 C:\wamp64\www\pos\system\View\View.php(213): CodeIgniter\View\View->CodeIgniter\View\{closure}()
#3 C:\wamp64\www\pos\system\Common.php(1089): CodeIgniter\View\View->render('pagos/pagos', Array, true)
#4 C:\wamp64\www\pos\app\Controllers\Pagos.php(64): view('pagos/pagos', Array)
#5 C:\wamp64\www\pos\system\CodeIgniter.php(832): App\Controllers\Pagos->index()
#6 C:\wamp64\www\pos\system\CodeIgniter.php(419): CodeIgniter\CodeIgniter->runController(Object(App\Controllers\Pagos))
#7 C:\wamp64\www\pos\system\CodeIgniter.php(326): CodeIgniter\CodeIgniter->handleRequest(NULL, Object(Config\Cache), false)
#8 C:\wamp64\www\pos\public\index.php(37): CodeIgniter\CodeIgniter->run()
#9 {main}
