ERROR - 2022-05-03 08:17:20 --> Column 'id_usuario' cannot be null
CRITICAL - 2022-05-03 08:17:20 --> Column 'id_usuario' cannot be null
#0 C:\wamp64\www\pos\system\Database\MySQLi\Connection.php(292): mysqli->query('INSERT INTO `co...', 0)
#1 C:\wamp64\www\pos\system\Database\BaseConnection.php(670): CodeIgniter\Database\MySQLi\Connection->execute('INSERT INTO `co...')
#2 C:\wamp64\www\pos\system\Database\BaseConnection.php(598): CodeIgniter\Database\BaseConnection->simpleQuery('INSERT INTO `co...')
#3 C:\wamp64\www\pos\system\Database\BaseBuilder.php(1771): CodeIgniter\Database\BaseConnection->query('INSERT INTO `co...', Array, false)
#4 C:\wamp64\www\pos\system\Model.php(239): CodeIgniter\Database\BaseBuilder->insert()
#5 C:\wamp64\www\pos\system\BaseModel.php(738): CodeIgniter\Model->doInsert(Array)
#6 C:\wamp64\www\pos\system\Model.php(625): CodeIgniter\BaseModel->insert(Array, true)
#7 C:\wamp64\www\pos\app\Models\ComprasModel.php(32): CodeIgniter\Model->insert(Array)
#8 C:\wamp64\www\pos\app\Controllers\Compras.php(63): App\Models\ComprasModel->insertaCompra('62712b54ca1b8', '1200', NULL)
#9 C:\wamp64\www\pos\system\CodeIgniter.php(832): App\Controllers\Compras->guarda()
#10 C:\wamp64\www\pos\system\CodeIgniter.php(419): CodeIgniter\CodeIgniter->runController(Object(App\Controllers\Compras))
#11 C:\wamp64\www\pos\system\CodeIgniter.php(326): CodeIgniter\CodeIgniter->handleRequest(NULL, Object(Config\Cache), false)
#12 C:\wamp64\www\pos\public\index.php(37): CodeIgniter\CodeIgniter->run()
#13 {main}
ERROR - 2022-05-03 15:59:14 --> Column 'id_usuario' cannot be null
CRITICAL - 2022-05-03 15:59:14 --> Column 'id_usuario' cannot be null
#0 C:\wamp64\www\pos\system\Database\MySQLi\Connection.php(292): mysqli->query('INSERT INTO `ve...', 0)
#1 C:\wamp64\www\pos\system\Database\BaseConnection.php(670): CodeIgniter\Database\MySQLi\Connection->execute('INSERT INTO `ve...')
#2 C:\wamp64\www\pos\system\Database\BaseConnection.php(598): CodeIgniter\Database\BaseConnection->simpleQuery('INSERT INTO `ve...')
#3 C:\wamp64\www\pos\system\Database\BaseBuilder.php(1771): CodeIgniter\Database\BaseConnection->query('INSERT INTO `ve...', Array, false)
#4 C:\wamp64\www\pos\system\Model.php(239): CodeIgniter\Database\BaseBuilder->insert()
#5 C:\wamp64\www\pos\system\BaseModel.php(738): CodeIgniter\Model->doInsert(Array)
#6 C:\wamp64\www\pos\system\Model.php(625): CodeIgniter\BaseModel->insert(Array, true)
#7 C:\wamp64\www\pos\app\Models\VentasModel.php(35): CodeIgniter\Model->insert(Array)
#8 C:\wamp64\www\pos\app\Controllers\Ventas.php(55): App\Models\VentasModel->insertaVenta('62715c3e98eea', '1200', NULL, NULL, '6', '001')
#9 C:\wamp64\www\pos\system\CodeIgniter.php(832): App\Controllers\Ventas->guarda()
#10 C:\wamp64\www\pos\system\CodeIgniter.php(419): CodeIgniter\CodeIgniter->runController(Object(App\Controllers\Ventas))
#11 C:\wamp64\www\pos\system\CodeIgniter.php(326): CodeIgniter\CodeIgniter->handleRequest(NULL, Object(Config\Cache), false)
#12 C:\wamp64\www\pos\public\index.php(37): CodeIgniter\CodeIgniter->run()
#13 {main}
