CRITICAL - 2022-04-28 07:27:33 --> Call to undefined method App\Models\ComprasModel::insertaCompra
#0 C:\wamp64\www\pos\app\Controllers\Compras.php(61): CodeIgniter\Model->__call('insertaCompra', Array)
#1 C:\wamp64\www\pos\system\CodeIgniter.php(832): App\Controllers\Compras->guarda()
#2 C:\wamp64\www\pos\system\CodeIgniter.php(419): CodeIgniter\CodeIgniter->runController(Object(App\Controllers\Compras))
#3 C:\wamp64\www\pos\system\CodeIgniter.php(326): CodeIgniter\CodeIgniter->handleRequest(NULL, Object(Config\Cache), false)
#4 C:\wamp64\www\pos\public\index.php(37): CodeIgniter\CodeIgniter->run()
#5 {main}
CRITICAL - 2022-04-28 07:31:35 --> Call to undefined method App\Models\ComprasModel::insertaCompra
#0 C:\wamp64\www\pos\app\Controllers\Compras.php(61): CodeIgniter\Model->__call('insertaCompra', Array)
#1 C:\wamp64\www\pos\system\CodeIgniter.php(832): App\Controllers\Compras->guarda()
#2 C:\wamp64\www\pos\system\CodeIgniter.php(419): CodeIgniter\CodeIgniter->runController(Object(App\Controllers\Compras))
#3 C:\wamp64\www\pos\system\CodeIgniter.php(326): CodeIgniter\CodeIgniter->handleRequest(NULL, Object(Config\Cache), false)
#4 C:\wamp64\www\pos\public\index.php(37): CodeIgniter\CodeIgniter->run()
#5 {main}
CRITICAL - 2022-04-28 07:34:54 --> Call to undefined method App\Models\ComprasModel::insertaCompra
#0 C:\wamp64\www\pos\app\Controllers\Compras.php(61): CodeIgniter\Model->__call('insertaCompra', Array)
#1 C:\wamp64\www\pos\system\CodeIgniter.php(832): App\Controllers\Compras->guarda()
#2 C:\wamp64\www\pos\system\CodeIgniter.php(419): CodeIgniter\CodeIgniter->runController(Object(App\Controllers\Compras))
#3 C:\wamp64\www\pos\system\CodeIgniter.php(326): CodeIgniter\CodeIgniter->handleRequest(NULL, Object(Config\Cache), false)
#4 C:\wamp64\www\pos\public\index.php(37): CodeIgniter\CodeIgniter->run()
#5 {main}
CRITICAL - 2022-04-28 08:10:52 --> Call to undefined method App\Models\ComprasModel::insertaCompra
#0 C:\wamp64\www\pos\app\Controllers\Compras.php(61): CodeIgniter\Model->__call('insertaCompra', Array)
#1 C:\wamp64\www\pos\system\CodeIgniter.php(832): App\Controllers\Compras->guarda()
#2 C:\wamp64\www\pos\system\CodeIgniter.php(419): CodeIgniter\CodeIgniter->runController(Object(App\Controllers\Compras))
#3 C:\wamp64\www\pos\system\CodeIgniter.php(326): CodeIgniter\CodeIgniter->handleRequest(NULL, Object(Config\Cache), false)
#4 C:\wamp64\www\pos\public\index.php(37): CodeIgniter\CodeIgniter->run()
#5 {main}
CRITICAL - 2022-04-28 10:01:13 --> Call to undefined method App\Models\TemporalCompraModel::eliminarCompra
#0 C:\wamp64\www\pos\app\Controllers\Compras.php(80): CodeIgniter\Model->__call('eliminarCompra', Array)
#1 C:\wamp64\www\pos\system\CodeIgniter.php(832): App\Controllers\Compras->guarda()
#2 C:\wamp64\www\pos\system\CodeIgniter.php(419): CodeIgniter\CodeIgniter->runController(Object(App\Controllers\Compras))
#3 C:\wamp64\www\pos\system\CodeIgniter.php(326): CodeIgniter\CodeIgniter->handleRequest(NULL, Object(Config\Cache), false)
#4 C:\wamp64\www\pos\public\index.php(37): CodeIgniter\CodeIgniter->run()
#5 {main}
CRITICAL - 2022-04-28 10:01:38 --> Call to undefined method App\Models\TemporalCompraModel::eliminarCompra
#0 C:\wamp64\www\pos\app\Controllers\Compras.php(80): CodeIgniter\Model->__call('eliminarCompra', Array)
#1 C:\wamp64\www\pos\system\CodeIgniter.php(832): App\Controllers\Compras->guarda()
#2 C:\wamp64\www\pos\system\CodeIgniter.php(419): CodeIgniter\CodeIgniter->runController(Object(App\Controllers\Compras))
#3 C:\wamp64\www\pos\system\CodeIgniter.php(326): CodeIgniter\CodeIgniter->handleRequest(NULL, Object(Config\Cache), false)
#4 C:\wamp64\www\pos\public\index.php(37): CodeIgniter\CodeIgniter->run()
#5 {main}
CRITICAL - 2022-04-28 11:30:43 --> Undefined property: App\Controllers\Compras::$unidades
#0 C:\wamp64\www\pos\app\Controllers\Compras.php(27): CodeIgniter\Debug\Exceptions->errorHandler(8, 'Undefined prope...', 'C:\\wamp64\\www\\p...', 27, Array)
#1 C:\wamp64\www\pos\system\CodeIgniter.php(832): App\Controllers\Compras->index()
#2 C:\wamp64\www\pos\system\CodeIgniter.php(419): CodeIgniter\CodeIgniter->runController(Object(App\Controllers\Compras))
#3 C:\wamp64\www\pos\system\CodeIgniter.php(326): CodeIgniter\CodeIgniter->handleRequest(NULL, Object(Config\Cache), false)
#4 C:\wamp64\www\pos\public\index.php(37): CodeIgniter\CodeIgniter->run()
#5 {main}
CRITICAL - 2022-04-28 11:30:51 --> Undefined property: App\Controllers\Compras::$unidades
#0 C:\wamp64\www\pos\app\Controllers\Compras.php(27): CodeIgniter\Debug\Exceptions->errorHandler(8, 'Undefined prope...', 'C:\\wamp64\\www\\p...', 27, Array)
#1 C:\wamp64\www\pos\system\CodeIgniter.php(832): App\Controllers\Compras->index()
#2 C:\wamp64\www\pos\system\CodeIgniter.php(419): CodeIgniter\CodeIgniter->runController(Object(App\Controllers\Compras))
#3 C:\wamp64\www\pos\system\CodeIgniter.php(326): CodeIgniter\CodeIgniter->handleRequest(NULL, Object(Config\Cache), false)
#4 C:\wamp64\www\pos\public\index.php(37): CodeIgniter\CodeIgniter->run()
#5 {main}
CRITICAL - 2022-04-28 12:41:17 --> Undefined property: App\Controllers\Compras::$unidades
#0 C:\wamp64\www\pos\app\Controllers\Compras.php(29): CodeIgniter\Debug\Exceptions->errorHandler(8, 'Undefined prope...', 'C:\\wamp64\\www\\p...', 29, Array)
#1 C:\wamp64\www\pos\system\CodeIgniter.php(832): App\Controllers\Compras->index()
#2 C:\wamp64\www\pos\system\CodeIgniter.php(419): CodeIgniter\CodeIgniter->runController(Object(App\Controllers\Compras))
#3 C:\wamp64\www\pos\system\CodeIgniter.php(326): CodeIgniter\CodeIgniter->handleRequest(NULL, Object(Config\Cache), false)
#4 C:\wamp64\www\pos\public\index.php(37): CodeIgniter\CodeIgniter->run()
#5 {main}
CRITICAL - 2022-04-28 13:12:13 --> syntax error, unexpected end of file, expecting function (T_FUNCTION) or const (T_CONST)
#0 C:\wamp64\www\pos\system\Router\Router.php(175): CodeIgniter\Router\Router->autoRoute('compras/muestra...')
#1 C:\wamp64\www\pos\system\CodeIgniter.php(726): CodeIgniter\Router\Router->handle('compras/muestra...')
#2 C:\wamp64\www\pos\system\CodeIgniter.php(368): CodeIgniter\CodeIgniter->tryToRouteIt(Object(CodeIgniter\Router\RouteCollection))
#3 C:\wamp64\www\pos\system\CodeIgniter.php(326): CodeIgniter\CodeIgniter->handleRequest(NULL, Object(Config\Cache), false)
#4 C:\wamp64\www\pos\public\index.php(37): CodeIgniter\CodeIgniter->run()
#5 {main}
CRITICAL - 2022-04-28 13:15:53 --> Class 'FPDF' not found
#0 C:\wamp64\www\pos\system\CodeIgniter.php(832): App\Controllers\Compras->generaCompraPdf('12')
#1 C:\wamp64\www\pos\system\CodeIgniter.php(419): CodeIgniter\CodeIgniter->runController(Object(App\Controllers\Compras))
#2 C:\wamp64\www\pos\system\CodeIgniter.php(326): CodeIgniter\CodeIgniter->handleRequest(NULL, Object(Config\Cache), false)
#3 C:\wamp64\www\pos\public\index.php(37): CodeIgniter\CodeIgniter->run()
#4 {main}
CRITICAL - 2022-04-28 13:16:08 --> Class 'FPDF' not found
#0 C:\wamp64\www\pos\system\CodeIgniter.php(832): App\Controllers\Compras->generaCompraPdf('12')
#1 C:\wamp64\www\pos\system\CodeIgniter.php(419): CodeIgniter\CodeIgniter->runController(Object(App\Controllers\Compras))
#2 C:\wamp64\www\pos\system\CodeIgniter.php(326): CodeIgniter\CodeIgniter->handleRequest(NULL, Object(Config\Cache), false)
#3 C:\wamp64\www\pos\public\index.php(37): CodeIgniter\CodeIgniter->run()
#4 {main}
CRITICAL - 2022-04-28 13:16:10 --> Class 'FPDF' not found
#0 C:\wamp64\www\pos\system\CodeIgniter.php(832): App\Controllers\Compras->generaCompraPdf('12')
#1 C:\wamp64\www\pos\system\CodeIgniter.php(419): CodeIgniter\CodeIgniter->runController(Object(App\Controllers\Compras))
#2 C:\wamp64\www\pos\system\CodeIgniter.php(326): CodeIgniter\CodeIgniter->handleRequest(NULL, Object(Config\Cache), false)
#3 C:\wamp64\www\pos\public\index.php(37): CodeIgniter\CodeIgniter->run()
#4 {main}
CRITICAL - 2022-04-28 13:16:10 --> Class 'FPDF' not found
#0 C:\wamp64\www\pos\system\CodeIgniter.php(832): App\Controllers\Compras->generaCompraPdf('12')
#1 C:\wamp64\www\pos\system\CodeIgniter.php(419): CodeIgniter\CodeIgniter->runController(Object(App\Controllers\Compras))
#2 C:\wamp64\www\pos\system\CodeIgniter.php(326): CodeIgniter\CodeIgniter->handleRequest(NULL, Object(Config\Cache), false)
#3 C:\wamp64\www\pos\public\index.php(37): CodeIgniter\CodeIgniter->run()
#4 {main}
CRITICAL - 2022-04-28 13:16:11 --> Class 'FPDF' not found
#0 C:\wamp64\www\pos\system\CodeIgniter.php(832): App\Controllers\Compras->generaCompraPdf('12')
#1 C:\wamp64\www\pos\system\CodeIgniter.php(419): CodeIgniter\CodeIgniter->runController(Object(App\Controllers\Compras))
#2 C:\wamp64\www\pos\system\CodeIgniter.php(326): CodeIgniter\CodeIgniter->handleRequest(NULL, Object(Config\Cache), false)
#3 C:\wamp64\www\pos\public\index.php(37): CodeIgniter\CodeIgniter->run()
#4 {main}
CRITICAL - 2022-04-28 13:16:12 --> Class 'FPDF' not found
#0 C:\wamp64\www\pos\system\CodeIgniter.php(832): App\Controllers\Compras->generaCompraPdf('12')
#1 C:\wamp64\www\pos\system\CodeIgniter.php(419): CodeIgniter\CodeIgniter->runController(Object(App\Controllers\Compras))
#2 C:\wamp64\www\pos\system\CodeIgniter.php(326): CodeIgniter\CodeIgniter->handleRequest(NULL, Object(Config\Cache), false)
#3 C:\wamp64\www\pos\public\index.php(37): CodeIgniter\CodeIgniter->run()
#4 {main}
CRITICAL - 2022-04-28 13:18:53 --> Class 'FPDF' not found
#0 C:\wamp64\www\pos\system\CodeIgniter.php(832): App\Controllers\Compras->generaCompraPdf('12')
#1 C:\wamp64\www\pos\system\CodeIgniter.php(419): CodeIgniter\CodeIgniter->runController(Object(App\Controllers\Compras))
#2 C:\wamp64\www\pos\system\CodeIgniter.php(326): CodeIgniter\CodeIgniter->handleRequest(NULL, Object(Config\Cache), false)
#3 C:\wamp64\www\pos\public\index.php(37): CodeIgniter\CodeIgniter->run()
#4 {main}
CRITICAL - 2022-04-28 13:18:54 --> Class 'FPDF' not found
#0 C:\wamp64\www\pos\system\CodeIgniter.php(832): App\Controllers\Compras->generaCompraPdf('12')
#1 C:\wamp64\www\pos\system\CodeIgniter.php(419): CodeIgniter\CodeIgniter->runController(Object(App\Controllers\Compras))
#2 C:\wamp64\www\pos\system\CodeIgniter.php(326): CodeIgniter\CodeIgniter->handleRequest(NULL, Object(Config\Cache), false)
#3 C:\wamp64\www\pos\public\index.php(37): CodeIgniter\CodeIgniter->run()
#4 {main}
CRITICAL - 2022-04-28 13:18:55 --> Class 'FPDF' not found
#0 C:\wamp64\www\pos\system\CodeIgniter.php(832): App\Controllers\Compras->generaCompraPdf('12')
#1 C:\wamp64\www\pos\system\CodeIgniter.php(419): CodeIgniter\CodeIgniter->runController(Object(App\Controllers\Compras))
#2 C:\wamp64\www\pos\system\CodeIgniter.php(326): CodeIgniter\CodeIgniter->handleRequest(NULL, Object(Config\Cache), false)
#3 C:\wamp64\www\pos\public\index.php(37): CodeIgniter\CodeIgniter->run()
#4 {main}
CRITICAL - 2022-04-28 13:18:55 --> Class 'FPDF' not found
#0 C:\wamp64\www\pos\system\CodeIgniter.php(832): App\Controllers\Compras->generaCompraPdf('12')
#1 C:\wamp64\www\pos\system\CodeIgniter.php(419): CodeIgniter\CodeIgniter->runController(Object(App\Controllers\Compras))
#2 C:\wamp64\www\pos\system\CodeIgniter.php(326): CodeIgniter\CodeIgniter->handleRequest(NULL, Object(Config\Cache), false)
#3 C:\wamp64\www\pos\public\index.php(37): CodeIgniter\CodeIgniter->run()
#4 {main}
CRITICAL - 2022-04-28 13:19:02 --> Class 'FPDF' not found
#0 C:\wamp64\www\pos\system\CodeIgniter.php(832): App\Controllers\Compras->generaCompraPdf('11')
#1 C:\wamp64\www\pos\system\CodeIgniter.php(419): CodeIgniter\CodeIgniter->runController(Object(App\Controllers\Compras))
#2 C:\wamp64\www\pos\system\CodeIgniter.php(326): CodeIgniter\CodeIgniter->handleRequest(NULL, Object(Config\Cache), false)
#3 C:\wamp64\www\pos\public\index.php(37): CodeIgniter\CodeIgniter->run()
#4 {main}
CRITICAL - 2022-04-28 13:22:53 --> Class 'FPDF' not found
#0 C:\wamp64\www\pos\system\CodeIgniter.php(832): App\Controllers\Compras->generaCompraPdf('12')
#1 C:\wamp64\www\pos\system\CodeIgniter.php(419): CodeIgniter\CodeIgniter->runController(Object(App\Controllers\Compras))
#2 C:\wamp64\www\pos\system\CodeIgniter.php(326): CodeIgniter\CodeIgniter->handleRequest(NULL, Object(Config\Cache), false)
#3 C:\wamp64\www\pos\public\index.php(37): CodeIgniter\CodeIgniter->run()
#4 {main}
CRITICAL - 2022-04-28 13:24:15 --> Class 'FPDF' not found
#0 C:\wamp64\www\pos\system\CodeIgniter.php(832): App\Controllers\Compras->generaCompraPdf('12')
#1 C:\wamp64\www\pos\system\CodeIgniter.php(419): CodeIgniter\CodeIgniter->runController(Object(App\Controllers\Compras))
#2 C:\wamp64\www\pos\system\CodeIgniter.php(326): CodeIgniter\CodeIgniter->handleRequest(NULL, Object(Config\Cache), false)
#3 C:\wamp64\www\pos\public\index.php(37): CodeIgniter\CodeIgniter->run()
#4 {main}
CRITICAL - 2022-04-28 13:24:43 --> Class 'FPDF' not found
#0 C:\wamp64\www\pos\system\CodeIgniter.php(832): App\Controllers\Compras->generaCompraPdf('12')
#1 C:\wamp64\www\pos\system\CodeIgniter.php(419): CodeIgniter\CodeIgniter->runController(Object(App\Controllers\Compras))
#2 C:\wamp64\www\pos\system\CodeIgniter.php(326): CodeIgniter\CodeIgniter->handleRequest(NULL, Object(Config\Cache), false)
#3 C:\wamp64\www\pos\public\index.php(37): CodeIgniter\CodeIgniter->run()
#4 {main}
CRITICAL - 2022-04-28 13:24:44 --> Class 'FPDF' not found
#0 C:\wamp64\www\pos\system\CodeIgniter.php(832): App\Controllers\Compras->generaCompraPdf('12')
#1 C:\wamp64\www\pos\system\CodeIgniter.php(419): CodeIgniter\CodeIgniter->runController(Object(App\Controllers\Compras))
#2 C:\wamp64\www\pos\system\CodeIgniter.php(326): CodeIgniter\CodeIgniter->handleRequest(NULL, Object(Config\Cache), false)
#3 C:\wamp64\www\pos\public\index.php(37): CodeIgniter\CodeIgniter->run()
#4 {main}
CRITICAL - 2022-04-28 13:39:20 --> Undefined variable: totalTime
#0 C:\wamp64\www\pos\system\Debug\Toolbar\Views\toolbar.tpl.php(40): CodeIgniter\Debug\Exceptions->errorHandler(8, 'Undefined varia...', 'C:\\wamp64\\www\\p...', 40, Array)
#1 C:\wamp64\www\pos\system\Debug\Toolbar.php(501): include('C:\\wamp64\\www\\p...')
#2 C:\wamp64\www\pos\system\Debug\Toolbar.php(464): CodeIgniter\Debug\Toolbar->format(Array, 'html')
#3 C:\wamp64\www\pos\app\Config\Events.php(48): CodeIgniter\Debug\Toolbar->respond()
#4 C:\wamp64\www\pos\system\Events\Events.php(149): CodeIgniter\Events\Events::Config\{closure}()
#5 C:\wamp64\www\pos\system\CodeIgniter.php(308): CodeIgniter\Events\Events::trigger('pre_system')
#6 C:\wamp64\www\pos\public\index.php(37): CodeIgniter\CodeIgniter->run()
#7 {main}
CRITICAL - 2022-04-28 13:43:19 --> utf8_decode() expects exactly 1 parameter, 4 given
#0 [internal function]: CodeIgniter\Debug\Exceptions->errorHandler(2, 'utf8_decode() e...', 'C:\\wamp64\\www\\p...', 115, Array)
#1 C:\wamp64\www\pos\app\Controllers\Compras.php(115): utf8_decode('Direcci\xC3\xB3n: ', 0, 0, 'L')
#2 C:\wamp64\www\pos\system\CodeIgniter.php(832): App\Controllers\Compras->generaCompraPdf('12')
#3 C:\wamp64\www\pos\system\CodeIgniter.php(419): CodeIgniter\CodeIgniter->runController(Object(App\Controllers\Compras))
#4 C:\wamp64\www\pos\system\CodeIgniter.php(326): CodeIgniter\CodeIgniter->handleRequest(NULL, Object(Config\Cache), false)
#5 C:\wamp64\www\pos\public\index.php(37): CodeIgniter\CodeIgniter->run()
#6 {main}
CRITICAL - 2022-04-28 13:53:23 --> include(C:\wamp64\www\pos\app\ThirdParty\fpdf/font/helvetican.php): failed to open stream: No such file or directory
#0 C:\wamp64\www\pos\app\ThirdParty\fpdf\fpdf.php(1140): CodeIgniter\Debug\Exceptions->errorHandler(2, 'include(C:\\wamp...', 'C:\\wamp64\\www\\p...', 1140, Array)
#1 C:\wamp64\www\pos\app\ThirdParty\fpdf\fpdf.php(1140): include()
#2 C:\wamp64\www\pos\app\ThirdParty\fpdf\fpdf.php(459): FPDF->_loadfont('helvetican.php')
#3 C:\wamp64\www\pos\app\ThirdParty\fpdf\fpdf.php(507): FPDF->AddFont('helvetica', 'N')
#4 C:\wamp64\www\pos\app\Controllers\Compras.php(125): FPDF->SetFont('helvetica', 'N', 8)
#5 C:\wamp64\www\pos\system\CodeIgniter.php(832): App\Controllers\Compras->generaCompraPdf('12')
#6 C:\wamp64\www\pos\system\CodeIgniter.php(419): CodeIgniter\CodeIgniter->runController(Object(App\Controllers\Compras))
#7 C:\wamp64\www\pos\system\CodeIgniter.php(326): CodeIgniter\CodeIgniter->handleRequest(NULL, Object(Config\Cache), false)
#8 C:\wamp64\www\pos\public\index.php(37): CodeIgniter\CodeIgniter->run()
#9 {main}
CRITICAL - 2022-04-28 13:55:21 --> include(C:\wamp64\www\pos\app\ThirdParty\fpdf/font/helvetican.php): failed to open stream: No such file or directory
#0 C:\wamp64\www\pos\app\ThirdParty\fpdf\fpdf.php(1140): CodeIgniter\Debug\Exceptions->errorHandler(2, 'include(C:\\wamp...', 'C:\\wamp64\\www\\p...', 1140, Array)
#1 C:\wamp64\www\pos\app\ThirdParty\fpdf\fpdf.php(1140): include()
#2 C:\wamp64\www\pos\app\ThirdParty\fpdf\fpdf.php(459): FPDF->_loadfont('helvetican.php')
#3 C:\wamp64\www\pos\app\ThirdParty\fpdf\fpdf.php(507): FPDF->AddFont('helvetica', 'N')
#4 C:\wamp64\www\pos\app\Controllers\Compras.php(125): FPDF->SetFont('helvetica', 'N', 8)
#5 C:\wamp64\www\pos\system\CodeIgniter.php(832): App\Controllers\Compras->generaCompraPdf('12')
#6 C:\wamp64\www\pos\system\CodeIgniter.php(419): CodeIgniter\CodeIgniter->runController(Object(App\Controllers\Compras))
#7 C:\wamp64\www\pos\system\CodeIgniter.php(326): CodeIgniter\CodeIgniter->handleRequest(NULL, Object(Config\Cache), false)
#8 C:\wamp64\www\pos\public\index.php(37): CodeIgniter\CodeIgniter->run()
#9 {main}
CRITICAL - 2022-04-28 13:55:22 --> include(C:\wamp64\www\pos\app\ThirdParty\fpdf/font/helvetican.php): failed to open stream: No such file or directory
#0 C:\wamp64\www\pos\app\ThirdParty\fpdf\fpdf.php(1140): CodeIgniter\Debug\Exceptions->errorHandler(2, 'include(C:\\wamp...', 'C:\\wamp64\\www\\p...', 1140, Array)
#1 C:\wamp64\www\pos\app\ThirdParty\fpdf\fpdf.php(1140): include()
#2 C:\wamp64\www\pos\app\ThirdParty\fpdf\fpdf.php(459): FPDF->_loadfont('helvetican.php')
#3 C:\wamp64\www\pos\app\ThirdParty\fpdf\fpdf.php(507): FPDF->AddFont('helvetica', 'N')
#4 C:\wamp64\www\pos\app\Controllers\Compras.php(125): FPDF->SetFont('helvetica', 'N', 8)
#5 C:\wamp64\www\pos\system\CodeIgniter.php(832): App\Controllers\Compras->generaCompraPdf('12')
#6 C:\wamp64\www\pos\system\CodeIgniter.php(419): CodeIgniter\CodeIgniter->runController(Object(App\Controllers\Compras))
#7 C:\wamp64\www\pos\system\CodeIgniter.php(326): CodeIgniter\CodeIgniter->handleRequest(NULL, Object(Config\Cache), false)
#8 C:\wamp64\www\pos\public\index.php(37): CodeIgniter\CodeIgniter->run()
#9 {main}
CRITICAL - 2022-04-28 13:57:44 --> include(C:\wamp64\www\pos\app\ThirdParty\fpdf/font/helvetican.php): failed to open stream: No such file or directory
#0 C:\wamp64\www\pos\app\ThirdParty\fpdf\fpdf.php(1140): CodeIgniter\Debug\Exceptions->errorHandler(2, 'include(C:\\wamp...', 'C:\\wamp64\\www\\p...', 1140, Array)
#1 C:\wamp64\www\pos\app\ThirdParty\fpdf\fpdf.php(1140): include()
#2 C:\wamp64\www\pos\app\ThirdParty\fpdf\fpdf.php(459): FPDF->_loadfont('helvetican.php')
#3 C:\wamp64\www\pos\app\ThirdParty\fpdf\fpdf.php(507): FPDF->AddFont('helvetica', 'N')
#4 C:\wamp64\www\pos\app\Controllers\Compras.php(125): FPDF->SetFont('helvetica', 'N', 8)
#5 C:\wamp64\www\pos\system\CodeIgniter.php(832): App\Controllers\Compras->generaCompraPdf('12')
#6 C:\wamp64\www\pos\system\CodeIgniter.php(419): CodeIgniter\CodeIgniter->runController(Object(App\Controllers\Compras))
#7 C:\wamp64\www\pos\system\CodeIgniter.php(326): CodeIgniter\CodeIgniter->handleRequest(NULL, Object(Config\Cache), false)
#8 C:\wamp64\www\pos\public\index.php(37): CodeIgniter\CodeIgniter->run()
#9 {main}
CRITICAL - 2022-04-28 14:19:35 --> Undefined variable: totalTime
#0 C:\wamp64\www\pos\system\Debug\Toolbar\Views\toolbar.tpl.php(40): CodeIgniter\Debug\Exceptions->errorHandler(8, 'Undefined varia...', 'C:\\wamp64\\www\\p...', 40, Array)
#1 C:\wamp64\www\pos\system\Debug\Toolbar.php(501): include('C:\\wamp64\\www\\p...')
#2 C:\wamp64\www\pos\system\Debug\Toolbar.php(464): CodeIgniter\Debug\Toolbar->format(Array, 'html')
#3 C:\wamp64\www\pos\app\Config\Events.php(48): CodeIgniter\Debug\Toolbar->respond()
#4 C:\wamp64\www\pos\system\Events\Events.php(149): CodeIgniter\Events\Events::Config\{closure}()
#5 C:\wamp64\www\pos\system\CodeIgniter.php(308): CodeIgniter\Events\Events::trigger('pre_system')
#6 C:\wamp64\www\pos\public\index.php(37): CodeIgniter\CodeIgniter->run()
#7 {main}
CRITICAL - 2022-04-28 14:26:52 --> Undefined property: App\Controllers\Compras::$unidades
#0 C:\wamp64\www\pos\app\Controllers\Compras.php(29): CodeIgniter\Debug\Exceptions->errorHandler(8, 'Undefined prope...', 'C:\\wamp64\\www\\p...', 29, Array)
#1 C:\wamp64\www\pos\system\CodeIgniter.php(832): App\Controllers\Compras->index()
#2 C:\wamp64\www\pos\system\CodeIgniter.php(419): CodeIgniter\CodeIgniter->runController(Object(App\Controllers\Compras))
#3 C:\wamp64\www\pos\system\CodeIgniter.php(326): CodeIgniter\CodeIgniter->handleRequest(NULL, Object(Config\Cache), false)
#4 C:\wamp64\www\pos\public\index.php(37): CodeIgniter\CodeIgniter->run()
#5 {main}
CRITICAL - 2022-04-28 14:35:21 --> Undefined property: App\Controllers\Compras::$unidades
#0 C:\wamp64\www\pos\app\Controllers\Compras.php(29): CodeIgniter\Debug\Exceptions->errorHandler(8, 'Undefined prope...', 'C:\\wamp64\\www\\p...', 29, Array)
#1 C:\wamp64\www\pos\system\CodeIgniter.php(832): App\Controllers\Compras->index()
#2 C:\wamp64\www\pos\system\CodeIgniter.php(419): CodeIgniter\CodeIgniter->runController(Object(App\Controllers\Compras))
#3 C:\wamp64\www\pos\system\CodeIgniter.php(326): CodeIgniter\CodeIgniter->handleRequest(NULL, Object(Config\Cache), false)
#4 C:\wamp64\www\pos\public\index.php(37): CodeIgniter\CodeIgniter->run()
#5 {main}
CRITICAL - 2022-04-28 14:35:36 --> Undefined variable: unidades
#0 C:\wamp64\www\pos\app\Controllers\Compras.php(30): CodeIgniter\Debug\Exceptions->errorHandler(8, 'Undefined varia...', 'C:\\wamp64\\www\\p...', 30, Array)
#1 C:\wamp64\www\pos\system\CodeIgniter.php(832): App\Controllers\Compras->index()
#2 C:\wamp64\www\pos\system\CodeIgniter.php(419): CodeIgniter\CodeIgniter->runController(Object(App\Controllers\Compras))
#3 C:\wamp64\www\pos\system\CodeIgniter.php(326): CodeIgniter\CodeIgniter->handleRequest(NULL, Object(Config\Cache), false)
#4 C:\wamp64\www\pos\public\index.php(37): CodeIgniter\CodeIgniter->run()
#5 {main}
CRITICAL - 2022-04-28 14:36:02 --> Invalid file: unidades/compras.php
#0 C:\wamp64\www\pos\system\View\View.php(198): CodeIgniter\Exceptions\FrameworkException::forInvalidFile('unidades/compra...')
#1 C:\wamp64\www\pos\system\Common.php(1089): CodeIgniter\View\View->render('unidades/compra...', Array, true)
#2 C:\wamp64\www\pos\app\Controllers\Compras.php(33): view('unidades/compra...', Array)
#3 C:\wamp64\www\pos\system\CodeIgniter.php(832): App\Controllers\Compras->index()
#4 C:\wamp64\www\pos\system\CodeIgniter.php(419): CodeIgniter\CodeIgniter->runController(Object(App\Controllers\Compras))
#5 C:\wamp64\www\pos\system\CodeIgniter.php(326): CodeIgniter\CodeIgniter->handleRequest(NULL, Object(Config\Cache), false)
#6 C:\wamp64\www\pos\public\index.php(37): CodeIgniter\CodeIgniter->run()
#7 {main}
CRITICAL - 2022-04-28 14:47:08 --> Undefined index: fecha_alta 
#0 C:\wamp64\www\pos\app\Views\compras\compras.php(32): CodeIgniter\Debug\Exceptions->errorHandler(8, 'Undefined index...', 'C:\\wamp64\\www\\p...', 32, Array)
#1 C:\wamp64\www\pos\system\View\View.php(210): include('C:\\wamp64\\www\\p...')
#2 C:\wamp64\www\pos\system\View\View.php(213): CodeIgniter\View\View->CodeIgniter\View\{closure}()
#3 C:\wamp64\www\pos\system\Common.php(1089): CodeIgniter\View\View->render('compras/compras', Array, true)
#4 C:\wamp64\www\pos\app\Controllers\Compras.php(33): view('compras/compras', Array)
#5 C:\wamp64\www\pos\system\CodeIgniter.php(832): App\Controllers\Compras->index()
#6 C:\wamp64\www\pos\system\CodeIgniter.php(419): CodeIgniter\CodeIgniter->runController(Object(App\Controllers\Compras))
#7 C:\wamp64\www\pos\system\CodeIgniter.php(326): CodeIgniter\CodeIgniter->handleRequest(NULL, Object(Config\Cache), false)
#8 C:\wamp64\www\pos\public\index.php(37): CodeIgniter\CodeIgniter->run()
#9 {main}
CRITICAL - 2022-04-28 14:47:19 --> Undefined index: 
#0 C:\wamp64\www\pos\app\Views\compras\compras.php(32): CodeIgniter\Debug\Exceptions->errorHandler(8, 'Undefined index...', 'C:\\wamp64\\www\\p...', 32, Array)
#1 C:\wamp64\www\pos\system\View\View.php(210): include('C:\\wamp64\\www\\p...')
#2 C:\wamp64\www\pos\system\View\View.php(213): CodeIgniter\View\View->CodeIgniter\View\{closure}()
#3 C:\wamp64\www\pos\system\Common.php(1089): CodeIgniter\View\View->render('compras/compras', Array, true)
#4 C:\wamp64\www\pos\app\Controllers\Compras.php(33): view('compras/compras', Array)
#5 C:\wamp64\www\pos\system\CodeIgniter.php(832): App\Controllers\Compras->index()
#6 C:\wamp64\www\pos\system\CodeIgniter.php(419): CodeIgniter\CodeIgniter->runController(Object(App\Controllers\Compras))
#7 C:\wamp64\www\pos\system\CodeIgniter.php(326): CodeIgniter\CodeIgniter->handleRequest(NULL, Object(Config\Cache), false)
#8 C:\wamp64\www\pos\public\index.php(37): CodeIgniter\CodeIgniter->run()
#9 {main}
